{"C:\\MyProject\\frontend\\src\\App.js": {"path":"C:\\MyProject\\frontend\\src\\App.js","statementMap":{"0":{"start":{"line":12,"column":18},"end":{"line":12,"column":57}},"1":{"start":{"line":12,"column":29},"end":{"line":12,"column":56}},"2":{"start":{"line":13,"column":14},"end":{"line":13,"column":54}},"3":{"start":{"line":13,"column":25},"end":{"line":13,"column":53}},"4":{"start":{"line":14,"column":17},"end":{"line":14,"column":60}},"5":{"start":{"line":14,"column":28},"end":{"line":14,"column":59}},"6":{"start":{"line":15,"column":23},"end":{"line":15,"column":72}},"7":{"start":{"line":15,"column":34},"end":{"line":15,"column":71}},"8":{"start":{"line":16,"column":23},"end":{"line":16,"column":72}},"9":{"start":{"line":16,"column":34},"end":{"line":16,"column":71}},"10":{"start":{"line":17,"column":21},"end":{"line":17,"column":68}},"11":{"start":{"line":17,"column":32},"end":{"line":17,"column":67}},"12":{"start":{"line":18,"column":23},"end":{"line":18,"column":72}},"13":{"start":{"line":18,"column":34},"end":{"line":18,"column":71}},"14":{"start":{"line":19,"column":22},"end":{"line":19,"column":70}},"15":{"start":{"line":19,"column":33},"end":{"line":19,"column":69}},"16":{"start":{"line":20,"column":20},"end":{"line":20,"column":66}},"17":{"start":{"line":20,"column":31},"end":{"line":20,"column":65}},"18":{"start":{"line":21,"column":23},"end":{"line":21,"column":72}},"19":{"start":{"line":21,"column":34},"end":{"line":21,"column":71}},"20":{"start":{"line":22,"column":20},"end":{"line":22,"column":61}},"21":{"start":{"line":22,"column":31},"end":{"line":22,"column":60}},"22":{"start":{"line":23,"column":20},"end":{"line":23,"column":69}},"23":{"start":{"line":23,"column":31},"end":{"line":23,"column":68}},"24":{"start":{"line":24,"column":29},"end":{"line":24,"column":87}},"25":{"start":{"line":24,"column":40},"end":{"line":24,"column":86}},"26":{"start":{"line":25,"column":26},"end":{"line":25,"column":81}},"27":{"start":{"line":25,"column":37},"end":{"line":25,"column":80}},"28":{"start":{"line":28,"column":24},"end":{"line":33,"column":1}},"29":{"start":{"line":29,"column":2},"end":{"line":32,"column":8}},"30":{"start":{"line":36,"column":15},"end":{"line":118,"column":1}},"31":{"start":{"line":121,"column":2},"end":{"line":185,"column":4}},"32":{"start":{"line":129,"column":36},"end":{"line":129,"column":51}},"33":{"start":{"line":131,"column":18},"end":{"line":143,"column":19}},"34":{"start":{"line":132,"column":20},"end":{"line":142,"column":22}},"35":{"start":{"line":145,"column":18},"end":{"line":161,"column":19}},"36":{"start":{"line":146,"column":20},"end":{"line":160,"column":22}},"37":{"start":{"line":163,"column":18},"end":{"line":163,"column":30}}},"fnMap":{"0":{"name":"(anonymous_0)","decl":{"start":{"line":12,"column":23},"end":{"line":12,"column":24}},"loc":{"start":{"line":12,"column":29},"end":{"line":12,"column":56}},"line":12},"1":{"name":"(anonymous_1)","decl":{"start":{"line":13,"column":19},"end":{"line":13,"column":20}},"loc":{"start":{"line":13,"column":25},"end":{"line":13,"column":53}},"line":13},"2":{"name":"(anonymous_2)","decl":{"start":{"line":14,"column":22},"end":{"line":14,"column":23}},"loc":{"start":{"line":14,"column":28},"end":{"line":14,"column":59}},"line":14},"3":{"name":"(anonymous_3)","decl":{"start":{"line":15,"column":28},"end":{"line":15,"column":29}},"loc":{"start":{"line":15,"column":34},"end":{"line":15,"column":71}},"line":15},"4":{"name":"(anonymous_4)","decl":{"start":{"line":16,"column":28},"end":{"line":16,"column":29}},"loc":{"start":{"line":16,"column":34},"end":{"line":16,"column":71}},"line":16},"5":{"name":"(anonymous_5)","decl":{"start":{"line":17,"column":26},"end":{"line":17,"column":27}},"loc":{"start":{"line":17,"column":32},"end":{"line":17,"column":67}},"line":17},"6":{"name":"(anonymous_6)","decl":{"start":{"line":18,"column":28},"end":{"line":18,"column":29}},"loc":{"start":{"line":18,"column":34},"end":{"line":18,"column":71}},"line":18},"7":{"name":"(anonymous_7)","decl":{"start":{"line":19,"column":27},"end":{"line":19,"column":28}},"loc":{"start":{"line":19,"column":33},"end":{"line":19,"column":69}},"line":19},"8":{"name":"(anonymous_8)","decl":{"start":{"line":20,"column":25},"end":{"line":20,"column":26}},"loc":{"start":{"line":20,"column":31},"end":{"line":20,"column":65}},"line":20},"9":{"name":"(anonymous_9)","decl":{"start":{"line":21,"column":28},"end":{"line":21,"column":29}},"loc":{"start":{"line":21,"column":34},"end":{"line":21,"column":71}},"line":21},"10":{"name":"(anonymous_10)","decl":{"start":{"line":22,"column":25},"end":{"line":22,"column":26}},"loc":{"start":{"line":22,"column":31},"end":{"line":22,"column":60}},"line":22},"11":{"name":"(anonymous_11)","decl":{"start":{"line":23,"column":25},"end":{"line":23,"column":26}},"loc":{"start":{"line":23,"column":31},"end":{"line":23,"column":68}},"line":23},"12":{"name":"(anonymous_12)","decl":{"start":{"line":24,"column":34},"end":{"line":24,"column":35}},"loc":{"start":{"line":24,"column":40},"end":{"line":24,"column":86}},"line":24},"13":{"name":"(anonymous_13)","decl":{"start":{"line":25,"column":31},"end":{"line":25,"column":32}},"loc":{"start":{"line":25,"column":37},"end":{"line":25,"column":80}},"line":25},"14":{"name":"(anonymous_14)","decl":{"start":{"line":28,"column":24},"end":{"line":28,"column":25}},"loc":{"start":{"line":29,"column":2},"end":{"line":32,"column":8}},"line":29},"15":{"name":"App","decl":{"start":{"line":120,"column":9},"end":{"line":120,"column":12}},"loc":{"start":{"line":120,"column":15},"end":{"line":186,"column":1}},"line":120},"16":{"name":"(anonymous_16)","decl":{"start":{"line":128,"column":28},"end":{"line":128,"column":29}},"loc":{"start":{"line":128,"column":46},"end":{"line":164,"column":17}},"line":128}},"branchMap":{"0":{"loc":{"start":{"line":28,"column":27},"end":{"line":28,"column":54}},"type":"default-arg","locations":[{"start":{"line":28,"column":37},"end":{"line":28,"column":54}}],"line":28},"1":{"loc":{"start":{"line":131,"column":18},"end":{"line":143,"column":19}},"type":"if","locations":[{"start":{"line":131,"column":18},"end":{"line":143,"column":19}},{"start":{},"end":{}}],"line":131},"2":{"loc":{"start":{"line":145,"column":18},"end":{"line":161,"column":19}},"type":"if","locations":[{"start":{"line":145,"column":18},"end":{"line":161,"column":19}},{"start":{},"end":{}}],"line":145}},"s":{"0":0,"1":0,"2":0,"3":0,"4":0,"5":0,"6":0,"7":0,"8":0,"9":0,"10":0,"11":0,"12":0,"13":0,"14":0,"15":0,"16":0,"17":0,"18":0,"19":0,"20":0,"21":0,"22":0,"23":0,"24":0,"25":0,"26":0,"27":0,"28":0,"29":0,"30":0,"31":0,"32":0,"33":0,"34":0,"35":0,"36":0,"37":0},"f":{"0":0,"1":0,"2":0,"3":0,"4":0,"5":0,"6":0,"7":0,"8":0,"9":0,"10":0,"11":0,"12":0,"13":0,"14":0,"15":0,"16":0},"b":{"0":[0],"1":[0,0],"2":[0,0]}}
,"C:\\MyProject\\frontend\\src\\index.js": {"path":"C:\\MyProject\\frontend\\src\\index.js","statementMap":{"0":{"start":{"line":6,"column":13},"end":{"line":6,"column":65}},"1":{"start":{"line":7,"column":0},"end":{"line":11,"column":2}}},"fnMap":{},"branchMap":{},"s":{"0":0,"1":0},"f":{},"b":{}}
,"C:\\MyProject\\frontend\\src\\components\\common\\ErrorBoundary.js": {"path":"C:\\MyProject\\frontend\\src\\components\\common\\ErrorBoundary.js","statementMap":{"0":{"start":{"line":7,"column":4},"end":{"line":7,"column":17}},"1":{"start":{"line":8,"column":4},"end":{"line":12,"column":6}},"2":{"start":{"line":17,"column":4},"end":{"line":17,"column":30}},"3":{"start":{"line":22,"column":4},"end":{"line":25,"column":7}},"4":{"start":{"line":28,"column":4},"end":{"line":28,"column":45}},"5":{"start":{"line":31,"column":22},"end":{"line":66,"column":3}},"6":{"start":{"line":33,"column":4},"end":{"line":33,"column":54}},"7":{"start":{"line":34,"column":4},"end":{"line":34,"column":44}},"8":{"start":{"line":37,"column":4},"end":{"line":42,"column":5}},"9":{"start":{"line":38,"column":6},"end":{"line":38,"column":46}},"10":{"start":{"line":39,"column":6},"end":{"line":39,"column":37}},"11":{"start":{"line":40,"column":6},"end":{"line":40,"column":66}},"12":{"start":{"line":41,"column":6},"end":{"line":41,"column":25}},"13":{"start":{"line":45,"column":4},"end":{"line":65,"column":5}},"14":{"start":{"line":49,"column":6},"end":{"line":64,"column":9}},"15":{"start":{"line":63,"column":8},"end":{"line":63,"column":51}},"16":{"start":{"line":68,"column":16},"end":{"line":75,"column":3}},"17":{"start":{"line":70,"column":4},"end":{"line":74,"column":7}},"18":{"start":{"line":77,"column":17},"end":{"line":80,"column":3}},"19":{"start":{"line":79,"column":4},"end":{"line":79,"column":29}},"20":{"start":{"line":83,"column":4},"end":{"line":127,"column":5}},"21":{"start":{"line":85,"column":6},"end":{"line":126,"column":8}},"22":{"start":{"line":130,"column":4},"end":{"line":130,"column":31}}},"fnMap":{"0":{"name":"(anonymous_0)","decl":{"start":{"line":6,"column":2},"end":{"line":6,"column":3}},"loc":{"start":{"line":6,"column":21},"end":{"line":13,"column":3}},"line":6},"1":{"name":"(anonymous_1)","decl":{"start":{"line":15,"column":2},"end":{"line":15,"column":3}},"loc":{"start":{"line":15,"column":41},"end":{"line":18,"column":3}},"line":15},"2":{"name":"(anonymous_2)","decl":{"start":{"line":20,"column":2},"end":{"line":20,"column":3}},"loc":{"start":{"line":20,"column":38},"end":{"line":29,"column":3}},"line":20},"3":{"name":"(anonymous_3)","decl":{"start":{"line":31,"column":22},"end":{"line":31,"column":23}},"loc":{"start":{"line":31,"column":44},"end":{"line":66,"column":3}},"line":31},"4":{"name":"(anonymous_4)","decl":{"start":{"line":62,"column":15},"end":{"line":62,"column":16}},"loc":{"start":{"line":62,"column":22},"end":{"line":64,"column":7}},"line":62},"5":{"name":"(anonymous_5)","decl":{"start":{"line":68,"column":16},"end":{"line":68,"column":17}},"loc":{"start":{"line":68,"column":22},"end":{"line":75,"column":3}},"line":68},"6":{"name":"(anonymous_6)","decl":{"start":{"line":77,"column":17},"end":{"line":77,"column":18}},"loc":{"start":{"line":77,"column":23},"end":{"line":80,"column":3}},"line":77},"7":{"name":"(anonymous_7)","decl":{"start":{"line":82,"column":2},"end":{"line":82,"column":3}},"loc":{"start":{"line":82,"column":11},"end":{"line":131,"column":3}},"line":82}},"branchMap":{"0":{"loc":{"start":{"line":37,"column":4},"end":{"line":42,"column":5}},"type":"if","locations":[{"start":{"line":37,"column":4},"end":{"line":42,"column":5}},{"start":{},"end":{}}],"line":37},"1":{"loc":{"start":{"line":45,"column":4},"end":{"line":65,"column":5}},"type":"if","locations":[{"start":{"line":45,"column":4},"end":{"line":65,"column":5}},{"start":{},"end":{}}],"line":45},"2":{"loc":{"start":{"line":83,"column":4},"end":{"line":127,"column":5}},"type":"if","locations":[{"start":{"line":83,"column":4},"end":{"line":127,"column":5}},{"start":{},"end":{}}],"line":83},"3":{"loc":{"start":{"line":106,"column":11},"end":{"line":124,"column":11}},"type":"binary-expr","locations":[{"start":{"line":106,"column":11},"end":{"line":106,"column":49}},{"start":{"line":106,"column":53},"end":{"line":106,"column":69}},{"start":{"line":107,"column":12},"end":{"line":123,"column":22}}],"line":106},"4":{"loc":{"start":{"line":116,"column":17},"end":{"line":121,"column":17}},"type":"binary-expr","locations":[{"start":{"line":116,"column":17},"end":{"line":116,"column":37}},{"start":{"line":117,"column":18},"end":{"line":120,"column":21}}],"line":116}},"s":{"0":0,"1":0,"2":0,"3":0,"4":0,"5":0,"6":0,"7":0,"8":0,"9":0,"10":0,"11":0,"12":0,"13":0,"14":0,"15":0,"16":0,"17":0,"18":0,"19":0,"20":0,"21":0,"22":0},"f":{"0":0,"1":0,"2":0,"3":0,"4":0,"5":0,"6":0,"7":0},"b":{"0":[0,0],"1":[0,0],"2":[0,0],"3":[0,0,0],"4":[0,0]}}
,"C:\\MyProject\\frontend\\src\\components\\common\\ProtectedRoute.js": {"path":"C:\\MyProject\\frontend\\src\\components\\common\\ProtectedRoute.js","statementMap":{"0":{"start":{"line":15,"column":23},"end":{"line":57,"column":1}},"1":{"start":{"line":22,"column":58},"end":{"line":22,"column":67}},"2":{"start":{"line":23,"column":87},"end":{"line":23,"column":96}},"3":{"start":{"line":26,"column":2},"end":{"line":28,"column":3}},"4":{"start":{"line":27,"column":4},"end":{"line":27,"column":63}},"5":{"start":{"line":31,"column":2},"end":{"line":33,"column":3}},"6":{"start":{"line":32,"column":4},"end":{"line":32,"column":79}},"7":{"start":{"line":36,"column":2},"end":{"line":53,"column":3}},"8":{"start":{"line":37,"column":32},"end":{"line":37,"column":37}},"9":{"start":{"line":39,"column":4},"end":{"line":47,"column":5}},"10":{"start":{"line":41,"column":6},"end":{"line":43,"column":47}},"11":{"start":{"line":46,"column":6},"end":{"line":46,"column":64}},"12":{"start":{"line":50,"column":4},"end":{"line":52,"column":5}},"13":{"start":{"line":51,"column":6},"end":{"line":51,"column":46}},"14":{"start":{"line":56,"column":2},"end":{"line":56,"column":33}}},"fnMap":{"0":{"name":"(anonymous_0)","decl":{"start":{"line":15,"column":23},"end":{"line":15,"column":24}},"loc":{"start":{"line":21,"column":6},"end":{"line":57,"column":1}},"line":21}},"branchMap":{"0":{"loc":{"start":{"line":18,"column":2},"end":{"line":18,"column":20}},"type":"default-arg","locations":[{"start":{"line":18,"column":15},"end":{"line":18,"column":20}}],"line":18},"1":{"loc":{"start":{"line":19,"column":2},"end":{"line":19,"column":20}},"type":"default-arg","locations":[{"start":{"line":19,"column":16},"end":{"line":19,"column":20}}],"line":19},"2":{"loc":{"start":{"line":26,"column":2},"end":{"line":28,"column":3}},"type":"if","locations":[{"start":{"line":26,"column":2},"end":{"line":28,"column":3}},{"start":{},"end":{}}],"line":26},"3":{"loc":{"start":{"line":26,"column":6},"end":{"line":26,"column":32}},"type":"binary-expr","locations":[{"start":{"line":26,"column":6},"end":{"line":26,"column":17}},{"start":{"line":26,"column":21},"end":{"line":26,"column":32}}],"line":26},"4":{"loc":{"start":{"line":31,"column":2},"end":{"line":33,"column":3}},"type":"if","locations":[{"start":{"line":31,"column":2},"end":{"line":33,"column":3}},{"start":{},"end":{}}],"line":31},"5":{"loc":{"start":{"line":31,"column":6},"end":{"line":31,"column":37}},"type":"binary-expr","locations":[{"start":{"line":31,"column":6},"end":{"line":31,"column":17}},{"start":{"line":31,"column":21},"end":{"line":31,"column":37}}],"line":31},"6":{"loc":{"start":{"line":36,"column":2},"end":{"line":53,"column":3}},"type":"if","locations":[{"start":{"line":36,"column":2},"end":{"line":53,"column":3}},{"start":{},"end":{}}],"line":36},"7":{"loc":{"start":{"line":39,"column":4},"end":{"line":47,"column":5}},"type":"if","locations":[{"start":{"line":39,"column":4},"end":{"line":47,"column":5}},{"start":{"line":44,"column":11},"end":{"line":47,"column":5}}],"line":39},"8":{"loc":{"start":{"line":41,"column":30},"end":{"line":43,"column":46}},"type":"cond-expr","locations":[{"start":{"line":42,"column":10},"end":{"line":42,"column":47}},{"start":{"line":43,"column":10},"end":{"line":43,"column":46}}],"line":41},"9":{"loc":{"start":{"line":50,"column":4},"end":{"line":52,"column":5}},"type":"if","locations":[{"start":{"line":50,"column":4},"end":{"line":52,"column":5}},{"start":{},"end":{}}],"line":50}},"s":{"0":0,"1":0,"2":0,"3":0,"4":0,"5":0,"6":0,"7":0,"8":0,"9":0,"10":0,"11":0,"12":0,"13":0,"14":0},"f":{"0":0},"b":{"0":[0],"1":[0],"2":[0,0],"3":[0,0],"4":[0,0],"5":[0,0],"6":[0,0],"7":[0,0],"8":[0,0],"9":[0,0]}}
,"C:\\MyProject\\frontend\\src\\components\\feature\\LoadOptimization\\AutoTaskDistribution.jsx": {"path":"C:\\MyProject\\frontend\\src\\components\\feature\\LoadOptimization\\AutoTaskDistribution.jsx","statementMap":{"0":{"start":{"line":20,"column":24},"end":{"line":20,"column":34}},"1":{"start":{"line":21,"column":19},"end":{"line":21,"column":25}},"2":{"start":{"line":23,"column":29},"end":{"line":207,"column":1}},"3":{"start":{"line":24,"column":54},"end":{"line":24,"column":73}},"4":{"start":{"line":25,"column":40},"end":{"line":30,"column":4}},"5":{"start":{"line":33,"column":20},"end":{"line":41,"column":5}},"6":{"start":{"line":33,"column":39},"end":{"line":41,"column":3}},"7":{"start":{"line":36,"column":38},"end":{"line":36,"column":62}},"8":{"start":{"line":45,"column":18},"end":{"line":45,"column":28}},"9":{"start":{"line":46,"column":18},"end":{"line":46,"column":37}},"10":{"start":{"line":47,"column":16},"end":{"line":47,"column":33}},"11":{"start":{"line":49,"column":4},"end":{"line":49,"column":40}},"12":{"start":{"line":49,"column":23},"end":{"line":49,"column":40}},"13":{"start":{"line":50,"column":4},"end":{"line":50,"column":40}},"14":{"start":{"line":50,"column":21},"end":{"line":50,"column":40}},"15":{"start":{"line":51,"column":4},"end":{"line":51,"column":22}},"16":{"start":{"line":55,"column":33},"end":{"line":57,"column":3}},"17":{"start":{"line":56,"column":4},"end":{"line":56,"column":53}},"18":{"start":{"line":60,"column":25},"end":{"line":67,"column":3}},"19":{"start":{"line":61,"column":4},"end":{"line":66,"column":5}},"20":{"start":{"line":62,"column":6},"end":{"line":65,"column":9}},"21":{"start":{"line":70,"column":18},"end":{"line":119,"column":3}},"22":{"start":{"line":95,"column":28},"end":{"line":95,"column":42}},"23":{"start":{"line":102,"column":20},"end":{"line":102,"column":29}},"24":{"start":{"line":103,"column":19},"end":{"line":103,"column":27}},"25":{"start":{"line":105,"column":8},"end":{"line":114,"column":9}},"26":{"start":{"line":106,"column":10},"end":{"line":106,"column":25}},"27":{"start":{"line":107,"column":10},"end":{"line":107,"column":23}},"28":{"start":{"line":108,"column":15},"end":{"line":114,"column":9}},"29":{"start":{"line":109,"column":10},"end":{"line":109,"column":26}},"30":{"start":{"line":110,"column":10},"end":{"line":110,"column":24}},"31":{"start":{"line":111,"column":15},"end":{"line":114,"column":9}},"32":{"start":{"line":112,"column":10},"end":{"line":112,"column":25}},"33":{"start":{"line":113,"column":10},"end":{"line":113,"column":23}},"34":{"start":{"line":116,"column":8},"end":{"line":116,"column":47}},"35":{"start":{"line":121,"column":2},"end":{"line":206,"column":4}},"36":{"start":{"line":137,"column":35},"end":{"line":137,"column":63}},"37":{"start":{"line":152,"column":35},"end":{"line":152,"column":85}},"38":{"start":{"line":161,"column":33},"end":{"line":161,"column":92}},"39":{"start":{"line":168,"column":33},"end":{"line":168,"column":91}},"40":{"start":{"line":175,"column":33},"end":{"line":175,"column":99}},"41":{"start":{"line":209,"column":0},"end":{"line":229,"column":2}}},"fnMap":{"0":{"name":"(anonymous_0)","decl":{"start":{"line":23,"column":29},"end":{"line":23,"column":30}},"loc":{"start":{"line":23,"column":69},"end":{"line":207,"column":1}},"line":23},"1":{"name":"(anonymous_1)","decl":{"start":{"line":33,"column":30},"end":{"line":33,"column":31}},"loc":{"start":{"line":33,"column":39},"end":{"line":41,"column":3}},"line":33},"2":{"name":"(anonymous_2)","decl":{"start":{"line":36,"column":33},"end":{"line":36,"column":34}},"loc":{"start":{"line":36,"column":38},"end":{"line":36,"column":62}},"line":36},"3":{"name":"getTaskStatus","decl":{"start":{"line":44,"column":11},"end":{"line":44,"column":24}},"loc":{"start":{"line":44,"column":45},"end":{"line":52,"column":3}},"line":44},"4":{"name":"(anonymous_4)","decl":{"start":{"line":55,"column":33},"end":{"line":55,"column":34}},"loc":{"start":{"line":55,"column":49},"end":{"line":57,"column":3}},"line":55},"5":{"name":"(anonymous_5)","decl":{"start":{"line":60,"column":25},"end":{"line":60,"column":26}},"loc":{"start":{"line":60,"column":31},"end":{"line":67,"column":3}},"line":60},"6":{"name":"(anonymous_6)","decl":{"start":{"line":95,"column":14},"end":{"line":95,"column":15}},"loc":{"start":{"line":95,"column":28},"end":{"line":95,"column":42}},"line":95},"7":{"name":"(anonymous_7)","decl":{"start":{"line":101,"column":14},"end":{"line":101,"column":15}},"loc":{"start":{"line":101,"column":26},"end":{"line":117,"column":7}},"line":101},"8":{"name":"(anonymous_8)","decl":{"start":{"line":137,"column":24},"end":{"line":137,"column":25}},"loc":{"start":{"line":137,"column":35},"end":{"line":137,"column":63}},"line":137},"9":{"name":"(anonymous_9)","decl":{"start":{"line":152,"column":24},"end":{"line":152,"column":25}},"loc":{"start":{"line":152,"column":35},"end":{"line":152,"column":85}},"line":152},"10":{"name":"(anonymous_10)","decl":{"start":{"line":161,"column":26},"end":{"line":161,"column":27}},"loc":{"start":{"line":161,"column":33},"end":{"line":161,"column":92}},"line":161},"11":{"name":"(anonymous_11)","decl":{"start":{"line":168,"column":26},"end":{"line":168,"column":27}},"loc":{"start":{"line":168,"column":33},"end":{"line":168,"column":91}},"line":168},"12":{"name":"(anonymous_12)","decl":{"start":{"line":175,"column":26},"end":{"line":175,"column":27}},"loc":{"start":{"line":175,"column":33},"end":{"line":175,"column":99}},"line":175}},"branchMap":{"0":{"loc":{"start":{"line":36,"column":18},"end":{"line":36,"column":78}},"type":"binary-expr","locations":[{"start":{"line":36,"column":18},"end":{"line":36,"column":69}},{"start":{"line":36,"column":73},"end":{"line":36,"column":78}}],"line":36},"1":{"loc":{"start":{"line":49,"column":4},"end":{"line":49,"column":40}},"type":"if","locations":[{"start":{"line":49,"column":4},"end":{"line":49,"column":40}},{"start":{},"end":{}}],"line":49},"2":{"loc":{"start":{"line":50,"column":4},"end":{"line":50,"column":40}},"type":"if","locations":[{"start":{"line":50,"column":4},"end":{"line":50,"column":40}},{"start":{},"end":{}}],"line":50},"3":{"loc":{"start":{"line":61,"column":4},"end":{"line":66,"column":5}},"type":"if","locations":[{"start":{"line":61,"column":4},"end":{"line":66,"column":5}},{"start":{},"end":{}}],"line":61},"4":{"loc":{"start":{"line":105,"column":8},"end":{"line":114,"column":9}},"type":"if","locations":[{"start":{"line":105,"column":8},"end":{"line":114,"column":9}},{"start":{"line":108,"column":15},"end":{"line":114,"column":9}}],"line":105},"5":{"loc":{"start":{"line":108,"column":15},"end":{"line":114,"column":9}},"type":"if","locations":[{"start":{"line":108,"column":15},"end":{"line":114,"column":9}},{"start":{"line":111,"column":15},"end":{"line":114,"column":9}}],"line":108},"6":{"loc":{"start":{"line":111,"column":15},"end":{"line":114,"column":9}},"type":"if","locations":[{"start":{"line":111,"column":15},"end":{"line":114,"column":9}},{"start":{},"end":{}}],"line":111}},"s":{"0":0,"1":0,"2":0,"3":0,"4":0,"5":0,"6":0,"7":0,"8":0,"9":0,"10":0,"11":0,"12":0,"13":0,"14":0,"15":0,"16":0,"17":0,"18":0,"19":0,"20":0,"21":0,"22":0,"23":0,"24":0,"25":0,"26":0,"27":0,"28":0,"29":0,"30":0,"31":0,"32":0,"33":0,"34":0,"35":0,"36":0,"37":0,"38":0,"39":0,"40":0,"41":0},"f":{"0":0,"1":0,"2":0,"3":0,"4":0,"5":0,"6":0,"7":0,"8":0,"9":0,"10":0,"11":0,"12":0},"b":{"0":[0,0],"1":[0,0],"2":[0,0],"3":[0,0],"4":[0,0],"5":[0,0],"6":[0,0]}}
,"C:\\MyProject\\frontend\\src\\components\\feature\\LoadOptimization\\LoadGauge.jsx": {"path":"C:\\MyProject\\frontend\\src\\components\\feature\\LoadOptimization\\LoadGauge.jsx","statementMap":{"0":{"start":{"line":4,"column":18},"end":{"line":28,"column":1}},"1":{"start":{"line":6,"column":19},"end":{"line":10,"column":3}},"2":{"start":{"line":7,"column":4},"end":{"line":7,"column":35}},"3":{"start":{"line":7,"column":18},"end":{"line":7,"column":35}},"4":{"start":{"line":8,"column":4},"end":{"line":8,"column":35}},"5":{"start":{"line":8,"column":18},"end":{"line":8,"column":35}},"6":{"start":{"line":9,"column":4},"end":{"line":9,"column":21}},"7":{"start":{"line":13,"column":16},"end":{"line":13,"column":31}},"8":{"start":{"line":15,"column":2},"end":{"line":27,"column":4}}},"fnMap":{"0":{"name":"(anonymous_0)","decl":{"start":{"line":4,"column":18},"end":{"line":4,"column":19}},"loc":{"start":{"line":4,"column":60},"end":{"line":28,"column":1}},"line":4},"1":{"name":"(anonymous_1)","decl":{"start":{"line":6,"column":19},"end":{"line":6,"column":20}},"loc":{"start":{"line":6,"column":28},"end":{"line":10,"column":3}},"line":6}},"branchMap":{"0":{"loc":{"start":{"line":4,"column":28},"end":{"line":4,"column":41}},"type":"default-arg","locations":[{"start":{"line":4,"column":39},"end":{"line":4,"column":41}}],"line":4},"1":{"loc":{"start":{"line":4,"column":43},"end":{"line":4,"column":53}},"type":"default-arg","locations":[{"start":{"line":4,"column":50},"end":{"line":4,"column":53}}],"line":4},"2":{"loc":{"start":{"line":7,"column":4},"end":{"line":7,"column":35}},"type":"if","locations":[{"start":{"line":7,"column":4},"end":{"line":7,"column":35}},{"start":{},"end":{}}],"line":7},"3":{"loc":{"start":{"line":8,"column":4},"end":{"line":8,"column":35}},"type":"if","locations":[{"start":{"line":8,"column":4},"end":{"line":8,"column":35}},{"start":{},"end":{}}],"line":8}},"s":{"0":0,"1":0,"2":0,"3":0,"4":0,"5":0,"6":0,"7":0,"8":0},"f":{"0":0,"1":0},"b":{"0":[0],"1":[0],"2":[0,0],"3":[0,0]}}
,"C:\\MyProject\\frontend\\src\\components\\feature\\LoadOptimization\\LoadHeatmap.jsx": {"path":"C:\\MyProject\\frontend\\src\\components\\feature\\LoadOptimization\\LoadHeatmap.jsx","statementMap":{"0":{"start":{"line":4,"column":20},"end":{"line":30,"column":1}},"1":{"start":{"line":8,"column":2},"end":{"line":14,"column":3}},"2":{"start":{"line":9,"column":4},"end":{"line":13,"column":6}},"3":{"start":{"line":16,"column":2},"end":{"line":29,"column":4}}},"fnMap":{"0":{"name":"(anonymous_0)","decl":{"start":{"line":4,"column":20},"end":{"line":4,"column":21}},"loc":{"start":{"line":4,"column":71},"end":{"line":30,"column":1}},"line":4}},"branchMap":{"0":{"loc":{"start":{"line":4,"column":49},"end":{"line":4,"column":64}},"type":"default-arg","locations":[{"start":{"line":4,"column":59},"end":{"line":4,"column":64}}],"line":4},"1":{"loc":{"start":{"line":8,"column":2},"end":{"line":14,"column":3}},"type":"if","locations":[{"start":{"line":8,"column":2},"end":{"line":14,"column":3}},{"start":{},"end":{}}],"line":8},"2":{"loc":{"start":{"line":8,"column":6},"end":{"line":8,"column":32}},"type":"binary-expr","locations":[{"start":{"line":8,"column":6},"end":{"line":8,"column":11}},{"start":{"line":8,"column":15},"end":{"line":8,"column":32}}],"line":8},"3":{"loc":{"start":{"line":26,"column":9},"end":{"line":26,"column":34}},"type":"binary-expr","locations":[{"start":{"line":26,"column":9},"end":{"line":26,"column":16}},{"start":{"line":26,"column":20},"end":{"line":26,"column":34}}],"line":26}},"s":{"0":0,"1":0,"2":0,"3":0},"f":{"0":0},"b":{"0":[0],"1":[0,0],"2":[0,0],"3":[0,0]}}
,"C:\\MyProject\\frontend\\src\\components\\feature\\LoadOptimization\\LoadOptimizationRecommendations.jsx": {"path":"C:\\MyProject\\frontend\\src\\components\\feature\\LoadOptimization\\LoadOptimizationRecommendations.jsx","statementMap":{"0":{"start":{"line":13,"column":28},"end":{"line":13,"column":38}},"1":{"start":{"line":15,"column":40},"end":{"line":136,"column":1}},"2":{"start":{"line":17,"column":26},"end":{"line":28,"column":3}},"3":{"start":{"line":18,"column":4},"end":{"line":27,"column":5}},"4":{"start":{"line":20,"column":8},"end":{"line":20,"column":74}},"5":{"start":{"line":22,"column":8},"end":{"line":22,"column":64}},"6":{"start":{"line":24,"column":8},"end":{"line":24,"column":67}},"7":{"start":{"line":26,"column":8},"end":{"line":26,"column":67}},"8":{"start":{"line":31,"column":27},"end":{"line":38,"column":3}},"9":{"start":{"line":32,"column":4},"end":{"line":37,"column":5}},"10":{"start":{"line":33,"column":19},"end":{"line":33,"column":34}},"11":{"start":{"line":34,"column":21},"end":{"line":34,"column":38}},"12":{"start":{"line":35,"column":18},"end":{"line":35,"column":38}},"13":{"start":{"line":36,"column":15},"end":{"line":36,"column":32}},"14":{"start":{"line":41,"column":22},"end":{"line":45,"column":3}},"15":{"start":{"line":42,"column":4},"end":{"line":44,"column":5}},"16":{"start":{"line":43,"column":6},"end":{"line":43,"column":32}},"17":{"start":{"line":48,"column":24},"end":{"line":59,"column":3}},"18":{"start":{"line":49,"column":4},"end":{"line":58,"column":5}},"19":{"start":{"line":51,"column":8},"end":{"line":51,"column":24}},"20":{"start":{"line":53,"column":8},"end":{"line":53,"column":23}},"21":{"start":{"line":55,"column":8},"end":{"line":55,"column":23}},"22":{"start":{"line":57,"column":8},"end":{"line":57,"column":23}},"23":{"start":{"line":61,"column":2},"end":{"line":135,"column":4}},"24":{"start":{"line":67,"column":10},"end":{"line":131,"column":22}},"25":{"start":{"line":83,"column":33},"end":{"line":83,"column":63}},"26":{"start":{"line":103,"column":22},"end":{"line":125,"column":34}},"27":{"start":{"line":138,"column":0},"end":{"line":150,"column":2}}},"fnMap":{"0":{"name":"(anonymous_0)","decl":{"start":{"line":15,"column":40},"end":{"line":15,"column":41}},"loc":{"start":{"line":15,"column":74},"end":{"line":136,"column":1}},"line":15},"1":{"name":"(anonymous_1)","decl":{"start":{"line":17,"column":26},"end":{"line":17,"column":27}},"loc":{"start":{"line":17,"column":40},"end":{"line":28,"column":3}},"line":17},"2":{"name":"(anonymous_2)","decl":{"start":{"line":31,"column":27},"end":{"line":31,"column":28}},"loc":{"start":{"line":31,"column":41},"end":{"line":38,"column":3}},"line":31},"3":{"name":"(anonymous_3)","decl":{"start":{"line":41,"column":22},"end":{"line":41,"column":23}},"loc":{"start":{"line":41,"column":44},"end":{"line":45,"column":3}},"line":41},"4":{"name":"(anonymous_4)","decl":{"start":{"line":48,"column":24},"end":{"line":48,"column":25}},"loc":{"start":{"line":48,"column":36},"end":{"line":59,"column":3}},"line":48},"5":{"name":"(anonymous_5)","decl":{"start":{"line":66,"column":20},"end":{"line":66,"column":21}},"loc":{"start":{"line":67,"column":10},"end":{"line":131,"column":22}},"line":67},"6":{"name":"(anonymous_6)","decl":{"start":{"line":83,"column":27},"end":{"line":83,"column":28}},"loc":{"start":{"line":83,"column":33},"end":{"line":83,"column":63}},"line":83},"7":{"name":"(anonymous_7)","decl":{"start":{"line":102,"column":32},"end":{"line":102,"column":33}},"loc":{"start":{"line":103,"column":22},"end":{"line":125,"column":34}},"line":103}},"branchMap":{"0":{"loc":{"start":{"line":18,"column":4},"end":{"line":27,"column":5}},"type":"switch","locations":[{"start":{"line":19,"column":6},"end":{"line":20,"column":74}},{"start":{"line":21,"column":6},"end":{"line":22,"column":64}},{"start":{"line":23,"column":6},"end":{"line":24,"column":67}},{"start":{"line":25,"column":6},"end":{"line":26,"column":67}}],"line":18},"1":{"loc":{"start":{"line":32,"column":4},"end":{"line":37,"column":5}},"type":"switch","locations":[{"start":{"line":33,"column":6},"end":{"line":33,"column":34}},{"start":{"line":34,"column":6},"end":{"line":34,"column":38}},{"start":{"line":35,"column":6},"end":{"line":35,"column":38}},{"start":{"line":36,"column":6},"end":{"line":36,"column":32}}],"line":32},"2":{"loc":{"start":{"line":42,"column":4},"end":{"line":44,"column":5}},"type":"if","locations":[{"start":{"line":42,"column":4},"end":{"line":44,"column":5}},{"start":{},"end":{}}],"line":42},"3":{"loc":{"start":{"line":49,"column":4},"end":{"line":58,"column":5}},"type":"switch","locations":[{"start":{"line":50,"column":6},"end":{"line":51,"column":24}},{"start":{"line":52,"column":6},"end":{"line":53,"column":23}},{"start":{"line":54,"column":6},"end":{"line":55,"column":23}},{"start":{"line":56,"column":6},"end":{"line":57,"column":23}}],"line":49},"4":{"loc":{"start":{"line":75,"column":21},"end":{"line":76,"column":71}},"type":"cond-expr","locations":[{"start":{"line":75,"column":58},"end":{"line":75,"column":62}},{"start":{"line":76,"column":21},"end":{"line":76,"column":71}}],"line":75},"5":{"loc":{"start":{"line":76,"column":21},"end":{"line":76,"column":71}},"type":"cond-expr","locations":[{"start":{"line":76,"column":60},"end":{"line":76,"column":64}},{"start":{"line":76,"column":67},"end":{"line":76,"column":71}}],"line":76},"6":{"loc":{"start":{"line":108,"column":29},"end":{"line":112,"column":29}},"type":"binary-expr","locations":[{"start":{"line":108,"column":29},"end":{"line":108,"column":57}},{"start":{"line":109,"column":30},"end":{"line":111,"column":36}}],"line":108},"7":{"loc":{"start":{"line":113,"column":29},"end":{"line":117,"column":29}},"type":"binary-expr","locations":[{"start":{"line":113,"column":29},"end":{"line":113,"column":59}},{"start":{"line":114,"column":30},"end":{"line":116,"column":36}}],"line":113},"8":{"loc":{"start":{"line":118,"column":29},"end":{"line":122,"column":29}},"type":"binary-expr","locations":[{"start":{"line":118,"column":29},"end":{"line":118,"column":54}},{"start":{"line":119,"column":30},"end":{"line":121,"column":36}}],"line":118}},"s":{"0":0,"1":0,"2":0,"3":0,"4":0,"5":0,"6":0,"7":0,"8":0,"9":0,"10":0,"11":0,"12":0,"13":0,"14":0,"15":0,"16":0,"17":0,"18":0,"19":0,"20":0,"21":0,"22":0,"23":0,"24":0,"25":0,"26":0,"27":0},"f":{"0":0,"1":0,"2":0,"3":0,"4":0,"5":0,"6":0,"7":0},"b":{"0":[0,0,0,0],"1":[0,0,0,0],"2":[0,0],"3":[0,0,0,0],"4":[0,0],"5":[0,0],"6":[0,0],"7":[0,0],"8":[0,0]}}
,"C:\\MyProject\\frontend\\src\\components\\feature\\LoadOptimization\\index.js": {"path":"C:\\MyProject\\frontend\\src\\components\\feature\\LoadOptimization\\index.js","statementMap":{},"fnMap":{},"branchMap":{},"s":{},"f":{},"b":{}}
,"C:\\MyProject\\frontend\\src\\components\\feature\\OptimizationTools\\OptimizationHistory.jsx": {"path":"C:\\MyProject\\frontend\\src\\components\\feature\\OptimizationTools\\OptimizationHistory.jsx","statementMap":{"0":{"start":{"line":29,"column":35},"end":{"line":29,"column":45}},"1":{"start":{"line":30,"column":18},"end":{"line":30,"column":26}},"2":{"start":{"line":32,"column":28},"end":{"line":157,"column":1}},"3":{"start":{"line":33,"column":44},"end":{"line":33,"column":59}},"4":{"start":{"line":34,"column":42},"end":{"line":34,"column":56}},"5":{"start":{"line":36,"column":21},"end":{"line":39,"column":3}},"6":{"start":{"line":37,"column":4},"end":{"line":37,"column":26}},"7":{"start":{"line":38,"column":4},"end":{"line":38,"column":27}},"8":{"start":{"line":41,"column":24},"end":{"line":49,"column":3}},"9":{"start":{"line":42,"column":4},"end":{"line":48,"column":6}},"10":{"start":{"line":45,"column":10},"end":{"line":45,"column":51}},"11":{"start":{"line":51,"column":2},"end":{"line":156,"column":4}},"12":{"start":{"line":62,"column":10},"end":{"line":93,"column":17}},"13":{"start":{"line":89,"column":49},"end":{"line":89,"column":65}},"14":{"start":{"line":101,"column":24},"end":{"line":101,"column":47}},"15":{"start":{"line":104,"column":45},"end":{"line":104,"column":68}},"16":{"start":{"line":143,"column":18},"end":{"line":148,"column":34}}},"fnMap":{"0":{"name":"(anonymous_0)","decl":{"start":{"line":32,"column":28},"end":{"line":32,"column":29}},"loc":{"start":{"line":32,"column":56},"end":{"line":157,"column":1}},"line":32},"1":{"name":"(anonymous_1)","decl":{"start":{"line":36,"column":21},"end":{"line":36,"column":22}},"loc":{"start":{"line":36,"column":31},"end":{"line":39,"column":3}},"line":36},"2":{"name":"(anonymous_2)","decl":{"start":{"line":41,"column":24},"end":{"line":41,"column":25}},"loc":{"start":{"line":41,"column":37},"end":{"line":49,"column":3}},"line":41},"3":{"name":"(anonymous_3)","decl":{"start":{"line":44,"column":21},"end":{"line":44,"column":22}},"loc":{"start":{"line":45,"column":10},"end":{"line":45,"column":51}},"line":45},"4":{"name":"(anonymous_4)","decl":{"start":{"line":61,"column":20},"end":{"line":61,"column":21}},"loc":{"start":{"line":62,"column":10},"end":{"line":93,"column":17}},"line":62},"5":{"name":"(anonymous_5)","decl":{"start":{"line":89,"column":43},"end":{"line":89,"column":44}},"loc":{"start":{"line":89,"column":49},"end":{"line":89,"column":65}},"line":89},"6":{"name":"(anonymous_6)","decl":{"start":{"line":101,"column":18},"end":{"line":101,"column":19}},"loc":{"start":{"line":101,"column":24},"end":{"line":101,"column":47}},"line":101},"7":{"name":"(anonymous_7)","decl":{"start":{"line":104,"column":39},"end":{"line":104,"column":40}},"loc":{"start":{"line":104,"column":45},"end":{"line":104,"column":68}},"line":104},"8":{"name":"(anonymous_8)","decl":{"start":{"line":142,"column":42},"end":{"line":142,"column":43}},"loc":{"start":{"line":143,"column":18},"end":{"line":148,"column":34}},"line":143}},"branchMap":{"0":{"loc":{"start":{"line":109,"column":9},"end":{"line":153,"column":9}},"type":"binary-expr","locations":[{"start":{"line":109,"column":9},"end":{"line":109,"column":21}},{"start":{"line":110,"column":10},"end":{"line":152,"column":16}}],"line":109}},"s":{"0":0,"1":0,"2":0,"3":0,"4":0,"5":0,"6":0,"7":0,"8":0,"9":0,"10":0,"11":0,"12":0,"13":0,"14":0,"15":0,"16":0},"f":{"0":0,"1":0,"2":0,"3":0,"4":0,"5":0,"6":0,"7":0,"8":0},"b":{"0":[0,0]}}
,"C:\\MyProject\\frontend\\src\\components\\feature\\OptimizationTools\\OptimizationParameters.jsx": {"path":"C:\\MyProject\\frontend\\src\\components\\feature\\OptimizationTools\\OptimizationParameters.jsx","statementMap":{"0":{"start":{"line":14,"column":24},"end":{"line":14,"column":34}},"1":{"start":{"line":15,"column":24},"end":{"line":15,"column":34}},"2":{"start":{"line":17,"column":31},"end":{"line":155,"column":1}},"3":{"start":{"line":18,"column":2},"end":{"line":154,"column":4}},"4":{"start":{"line":33,"column":35},"end":{"line":33,"column":69}},"5":{"start":{"line":47,"column":35},"end":{"line":47,"column":68}},"6":{"start":{"line":61,"column":35},"end":{"line":61,"column":70}},"7":{"start":{"line":75,"column":35},"end":{"line":75,"column":64}},"8":{"start":{"line":90,"column":31},"end":{"line":90,"column":77}},"9":{"start":{"line":107,"column":20},"end":{"line":110,"column":21}},"10":{"start":{"line":108,"column":22},"end":{"line":108,"column":54}},"11":{"start":{"line":109,"column":22},"end":{"line":109,"column":52}},"12":{"start":{"line":129,"column":35},"end":{"line":129,"column":71}},"13":{"start":{"line":139,"column":39},"end":{"line":139,"column":77}}},"fnMap":{"0":{"name":"(anonymous_0)","decl":{"start":{"line":17,"column":31},"end":{"line":17,"column":32}},"loc":{"start":{"line":17,"column":61},"end":{"line":155,"column":1}},"line":17},"1":{"name":"(anonymous_1)","decl":{"start":{"line":33,"column":26},"end":{"line":33,"column":27}},"loc":{"start":{"line":33,"column":35},"end":{"line":33,"column":69}},"line":33},"2":{"name":"(anonymous_2)","decl":{"start":{"line":47,"column":26},"end":{"line":47,"column":27}},"loc":{"start":{"line":47,"column":35},"end":{"line":47,"column":68}},"line":47},"3":{"name":"(anonymous_3)","decl":{"start":{"line":61,"column":26},"end":{"line":61,"column":27}},"loc":{"start":{"line":61,"column":35},"end":{"line":61,"column":70}},"line":61},"4":{"name":"(anonymous_4)","decl":{"start":{"line":75,"column":26},"end":{"line":75,"column":27}},"loc":{"start":{"line":75,"column":35},"end":{"line":75,"column":64}},"line":75},"5":{"name":"(anonymous_5)","decl":{"start":{"line":90,"column":26},"end":{"line":90,"column":27}},"loc":{"start":{"line":90,"column":31},"end":{"line":90,"column":77}},"line":90},"6":{"name":"(anonymous_6)","decl":{"start":{"line":106,"column":28},"end":{"line":106,"column":29}},"loc":{"start":{"line":106,"column":37},"end":{"line":111,"column":19}},"line":106},"7":{"name":"(anonymous_7)","decl":{"start":{"line":129,"column":26},"end":{"line":129,"column":27}},"loc":{"start":{"line":129,"column":35},"end":{"line":129,"column":71}},"line":129},"8":{"name":"(anonymous_8)","decl":{"start":{"line":139,"column":30},"end":{"line":139,"column":31}},"loc":{"start":{"line":139,"column":39},"end":{"line":139,"column":77}},"line":139}},"branchMap":{"0":{"loc":{"start":{"line":99,"column":13},"end":{"line":114,"column":13}},"type":"binary-expr","locations":[{"start":{"line":99,"column":13},"end":{"line":99,"column":55}},{"start":{"line":100,"column":14},"end":{"line":113,"column":20}}],"line":99},"1":{"loc":{"start":{"line":107,"column":20},"end":{"line":110,"column":21}},"type":"if","locations":[{"start":{"line":107,"column":20},"end":{"line":110,"column":21}},{"start":{},"end":{}}],"line":107}},"s":{"0":0,"1":0,"2":0,"3":0,"4":0,"5":0,"6":0,"7":0,"8":0,"9":0,"10":0,"11":0,"12":0,"13":0},"f":{"0":0,"1":0,"2":0,"3":0,"4":0,"5":0,"6":0,"7":0,"8":0},"b":{"0":[0,0],"1":[0,0]}}
,"C:\\MyProject\\frontend\\src\\components\\feature\\OptimizationTools\\OptimizationResultChart.jsx": {"path":"C:\\MyProject\\frontend\\src\\components\\feature\\OptimizationTools\\OptimizationResultChart.jsx","statementMap":{"0":{"start":{"line":5,"column":24},"end":{"line":5,"column":34}},"1":{"start":{"line":7,"column":32},"end":{"line":84,"column":1}},"2":{"start":{"line":11,"column":29},"end":{"line":74,"column":3}},"3":{"start":{"line":12,"column":4},"end":{"line":73,"column":7}},"4":{"start":{"line":13,"column":26},"end":{"line":13,"column":50}},"5":{"start":{"line":14,"column":25},"end":{"line":14,"column":48}},"6":{"start":{"line":16,"column":29},"end":{"line":20,"column":7}},"7":{"start":{"line":17,"column":8},"end":{"line":17,"column":42}},"8":{"start":{"line":17,"column":25},"end":{"line":17,"column":42}},"9":{"start":{"line":18,"column":8},"end":{"line":18,"column":41}},"10":{"start":{"line":18,"column":24},"end":{"line":18,"column":41}},"11":{"start":{"line":19,"column":8},"end":{"line":19,"column":25}},"12":{"start":{"line":22,"column":26},"end":{"line":22,"column":53}},"13":{"start":{"line":23,"column":25},"end":{"line":23,"column":51}},"14":{"start":{"line":25,"column":21},"end":{"line":25,"column":45}},"15":{"start":{"line":26,"column":25},"end":{"line":27,"column":65}},"16":{"start":{"line":28,"column":26},"end":{"line":29,"column":59}},"17":{"start":{"line":31,"column":6},"end":{"line":72,"column":8}},"18":{"start":{"line":76,"column":2},"end":{"line":83,"column":4}}},"fnMap":{"0":{"name":"(anonymous_0)","decl":{"start":{"line":7,"column":32},"end":{"line":7,"column":33}},"loc":{"start":{"line":7,"column":66},"end":{"line":84,"column":1}},"line":7},"1":{"name":"(anonymous_1)","decl":{"start":{"line":11,"column":29},"end":{"line":11,"column":30}},"loc":{"start":{"line":11,"column":35},"end":{"line":74,"column":3}},"line":11},"2":{"name":"(anonymous_2)","decl":{"start":{"line":12,"column":25},"end":{"line":12,"column":26}},"loc":{"start":{"line":12,"column":37},"end":{"line":73,"column":5}},"line":12},"3":{"name":"(anonymous_3)","decl":{"start":{"line":16,"column":29},"end":{"line":16,"column":30}},"loc":{"start":{"line":16,"column":40},"end":{"line":20,"column":7}},"line":16}},"branchMap":{"0":{"loc":{"start":{"line":13,"column":26},"end":{"line":13,"column":50}},"type":"binary-expr","locations":[{"start":{"line":13,"column":26},"end":{"line":13,"column":45}},{"start":{"line":13,"column":49},"end":{"line":13,"column":50}}],"line":13},"1":{"loc":{"start":{"line":14,"column":25},"end":{"line":14,"column":48}},"type":"binary-expr","locations":[{"start":{"line":14,"column":25},"end":{"line":14,"column":43}},{"start":{"line":14,"column":47},"end":{"line":14,"column":48}}],"line":14},"2":{"loc":{"start":{"line":17,"column":8},"end":{"line":17,"column":42}},"type":"if","locations":[{"start":{"line":17,"column":8},"end":{"line":17,"column":42}},{"start":{},"end":{}}],"line":17},"3":{"loc":{"start":{"line":18,"column":8},"end":{"line":18,"column":41}},"type":"if","locations":[{"start":{"line":18,"column":8},"end":{"line":18,"column":41}},{"start":{},"end":{}}],"line":18},"4":{"loc":{"start":{"line":26,"column":25},"end":{"line":27,"column":65}},"type":"cond-expr","locations":[{"start":{"line":26,"column":40},"end":{"line":26,"column":51}},{"start":{"line":27,"column":24},"end":{"line":27,"column":65}}],"line":26},"5":{"loc":{"start":{"line":27,"column":24},"end":{"line":27,"column":65}},"type":"cond-expr","locations":[{"start":{"line":27,"column":37},"end":{"line":27,"column":50}},{"start":{"line":27,"column":53},"end":{"line":27,"column":65}}],"line":27},"6":{"loc":{"start":{"line":28,"column":26},"end":{"line":29,"column":59}},"type":"cond-expr","locations":[{"start":{"line":28,"column":41},"end":{"line":28,"column":50}},{"start":{"line":29,"column":25},"end":{"line":29,"column":59}}],"line":28},"7":{"loc":{"start":{"line":29,"column":25},"end":{"line":29,"column":59}},"type":"cond-expr","locations":[{"start":{"line":29,"column":38},"end":{"line":29,"column":47}},{"start":{"line":29,"column":50},"end":{"line":29,"column":59}}],"line":29}},"s":{"0":0,"1":0,"2":0,"3":0,"4":0,"5":0,"6":0,"7":0,"8":0,"9":0,"10":0,"11":0,"12":0,"13":0,"14":0,"15":0,"16":0,"17":0,"18":0},"f":{"0":0,"1":0,"2":0,"3":0},"b":{"0":[0,0],"1":[0,0],"2":[0,0],"3":[0,0],"4":[0,0],"5":[0,0],"6":[0,0],"7":[0,0]}}
,"C:\\MyProject\\frontend\\src\\components\\feature\\Reports\\CostAnalysisChart.js": {"path":"C:\\MyProject\\frontend\\src\\components\\feature\\Reports\\CostAnalysisChart.js","statementMap":{"0":{"start":{"line":33,"column":26},"end":{"line":383,"column":1}},"1":{"start":{"line":51,"column":36},"end":{"line":51,"column":48}},"2":{"start":{"line":52,"column":36},"end":{"line":52,"column":47}},"3":{"start":{"line":54,"column":2},"end":{"line":64,"column":13}},"4":{"start":{"line":55,"column":4},"end":{"line":63,"column":5}},"5":{"start":{"line":56,"column":6},"end":{"line":56,"column":25}},"6":{"start":{"line":57,"column":6},"end":{"line":57,"column":31}},"7":{"start":{"line":60,"column":25},"end":{"line":60,"column":45}},"8":{"start":{"line":61,"column":6},"end":{"line":61,"column":31}},"9":{"start":{"line":62,"column":6},"end":{"line":62,"column":37}},"10":{"start":{"line":67,"column":29},"end":{"line":89,"column":3}},"11":{"start":{"line":68,"column":4},"end":{"line":68,"column":43}},"12":{"start":{"line":68,"column":36},"end":{"line":68,"column":43}},"13":{"start":{"line":71,"column":4},"end":{"line":88,"column":5}},"14":{"start":{"line":73,"column":24},"end":{"line":73,"column":45}},"15":{"start":{"line":74,"column":16},"end":{"line":74,"column":17}},"16":{"start":{"line":77,"column":6},"end":{"line":81,"column":9}},"17":{"start":{"line":78,"column":8},"end":{"line":80,"column":9}},"18":{"start":{"line":79,"column":10},"end":{"line":79,"column":37}},"19":{"start":{"line":83,"column":6},"end":{"line":83,"column":24}},"20":{"start":{"line":86,"column":18},"end":{"line":86,"column":72}},"21":{"start":{"line":86,"column":45},"end":{"line":86,"column":68}},"22":{"start":{"line":87,"column":6},"end":{"line":87,"column":24}},"23":{"start":{"line":92,"column":29},"end":{"line":101,"column":3}},"24":{"start":{"line":94,"column":4},"end":{"line":100,"column":5}},"25":{"start":{"line":95,"column":6},"end":{"line":95,"column":37}},"26":{"start":{"line":96,"column":11},"end":{"line":100,"column":5}},"27":{"start":{"line":97,"column":6},"end":{"line":97,"column":38}},"28":{"start":{"line":99,"column":6},"end":{"line":99,"column":37}},"29":{"start":{"line":104,"column":32},"end":{"line":114,"column":3}},"30":{"start":{"line":105,"column":23},"end":{"line":111,"column":5}},"31":{"start":{"line":113,"column":4},"end":{"line":113,"column":22}},"32":{"start":{"line":117,"column":32},"end":{"line":131,"column":3}},"33":{"start":{"line":118,"column":24},"end":{"line":118,"column":61}},"34":{"start":{"line":120,"column":4},"end":{"line":130,"column":7}},"35":{"start":{"line":121,"column":6},"end":{"line":129,"column":8}},"36":{"start":{"line":134,"column":33},"end":{"line":155,"column":3}},"37":{"start":{"line":135,"column":19},"end":{"line":138,"column":5}},"38":{"start":{"line":140,"column":4},"end":{"line":154,"column":7}},"39":{"start":{"line":142,"column":24},"end":{"line":142,"column":48}},"40":{"start":{"line":143,"column":27},"end":{"line":143,"column":30}},"41":{"start":{"line":145,"column":6},"end":{"line":153,"column":8}},"42":{"start":{"line":158,"column":22},"end":{"line":171,"column":3}},"43":{"start":{"line":159,"column":4},"end":{"line":170,"column":5}},"44":{"start":{"line":161,"column":8},"end":{"line":161,"column":32}},"45":{"start":{"line":163,"column":8},"end":{"line":163,"column":33}},"46":{"start":{"line":165,"column":8},"end":{"line":165,"column":32}},"47":{"start":{"line":167,"column":8},"end":{"line":167,"column":29}},"48":{"start":{"line":169,"column":8},"end":{"line":169,"column":32}},"49":{"start":{"line":174,"column":26},"end":{"line":184,"column":3}},"50":{"start":{"line":175,"column":26},"end":{"line":181,"column":5}},"51":{"start":{"line":183,"column":4},"end":{"line":183,"column":47}},"52":{"start":{"line":187,"column":27},"end":{"line":189,"column":3}},"53":{"start":{"line":188,"column":4},"end":{"line":188,"column":57}},"54":{"start":{"line":192,"column":25},"end":{"line":194,"column":3}},"55":{"start":{"line":193,"column":4},"end":{"line":193,"column":52}},"56":{"start":{"line":197,"column":25},"end":{"line":225,"column":3}},"57":{"start":{"line":198,"column":4},"end":{"line":198,"column":75}},"58":{"start":{"line":198,"column":46},"end":{"line":198,"column":75}},"59":{"start":{"line":200,"column":23},"end":{"line":200,"column":79}},"60":{"start":{"line":202,"column":4},"end":{"line":224,"column":6}},"61":{"start":{"line":211,"column":41},"end":{"line":211,"column":62}},"62":{"start":{"line":214,"column":12},"end":{"line":220,"column":14}},"63":{"start":{"line":228,"column":26},"end":{"line":259,"column":3}},"64":{"start":{"line":229,"column":4},"end":{"line":229,"column":75}},"65":{"start":{"line":229,"column":46},"end":{"line":229,"column":75}},"66":{"start":{"line":231,"column":23},"end":{"line":231,"column":79}},"67":{"start":{"line":234,"column":4},"end":{"line":258,"column":6}},"68":{"start":{"line":243,"column":41},"end":{"line":243,"column":62}},"69":{"start":{"line":246,"column":12},"end":{"line":254,"column":14}},"70":{"start":{"line":262,"column":25},"end":{"line":294,"column":3}},"71":{"start":{"line":263,"column":4},"end":{"line":263,"column":75}},"72":{"start":{"line":263,"column":46},"end":{"line":263,"column":75}},"73":{"start":{"line":265,"column":4},"end":{"line":293,"column":6}},"74":{"start":{"line":277,"column":14},"end":{"line":277,"column":82}},"75":{"start":{"line":281,"column":14},"end":{"line":284,"column":16}},"76":{"start":{"line":288,"column":34},"end":{"line":288,"column":55}},"77":{"start":{"line":297,"column":22},"end":{"line":369,"column":3}},"78":{"start":{"line":298,"column":4},"end":{"line":298,"column":75}},"79":{"start":{"line":298,"column":46},"end":{"line":298,"column":75}},"80":{"start":{"line":300,"column":23},"end":{"line":300,"column":79}},"81":{"start":{"line":303,"column":4},"end":{"line":368,"column":5}},"82":{"start":{"line":304,"column":6},"end":{"line":333,"column":8}},"83":{"start":{"line":311,"column":18},"end":{"line":311,"column":81}},"84":{"start":{"line":318,"column":33},"end":{"line":318,"column":100}},"85":{"start":{"line":318,"column":70},"end":{"line":318,"column":96}},"86":{"start":{"line":320,"column":16},"end":{"line":328,"column":18}},"87":{"start":{"line":324,"column":22},"end":{"line":324,"column":92}},"88":{"start":{"line":337,"column":6},"end":{"line":367,"column":8}},"89":{"start":{"line":349,"column":35},"end":{"line":349,"column":76}},"90":{"start":{"line":351,"column":16},"end":{"line":357,"column":18}},"91":{"start":{"line":371,"column":2},"end":{"line":382,"column":4}}},"fnMap":{"0":{"name":"(anonymous_0)","decl":{"start":{"line":33,"column":26},"end":{"line":33,"column":27}},"loc":{"start":{"line":50,"column":6},"end":{"line":383,"column":1}},"line":50},"1":{"name":"(anonymous_1)","decl":{"start":{"line":54,"column":12},"end":{"line":54,"column":13}},"loc":{"start":{"line":54,"column":18},"end":{"line":64,"column":3}},"line":54},"2":{"name":"(anonymous_2)","decl":{"start":{"line":67,"column":29},"end":{"line":67,"column":30}},"loc":{"start":{"line":67,"column":39},"end":{"line":89,"column":3}},"line":67},"3":{"name":"(anonymous_3)","decl":{"start":{"line":77,"column":37},"end":{"line":77,"column":38}},"loc":{"start":{"line":77,"column":44},"end":{"line":81,"column":7}},"line":77},"4":{"name":"(anonymous_4)","decl":{"start":{"line":86,"column":30},"end":{"line":86,"column":31}},"loc":{"start":{"line":86,"column":45},"end":{"line":86,"column":68}},"line":86},"5":{"name":"(anonymous_5)","decl":{"start":{"line":92,"column":29},"end":{"line":92,"column":30}},"loc":{"start":{"line":92,"column":35},"end":{"line":101,"column":3}},"line":92},"6":{"name":"(anonymous_6)","decl":{"start":{"line":104,"column":32},"end":{"line":104,"column":33}},"loc":{"start":{"line":104,"column":38},"end":{"line":114,"column":3}},"line":104},"7":{"name":"(anonymous_7)","decl":{"start":{"line":117,"column":32},"end":{"line":117,"column":33}},"loc":{"start":{"line":117,"column":38},"end":{"line":131,"column":3}},"line":117},"8":{"name":"(anonymous_8)","decl":{"start":{"line":120,"column":27},"end":{"line":120,"column":28}},"loc":{"start":{"line":120,"column":35},"end":{"line":130,"column":5}},"line":120},"9":{"name":"(anonymous_9)","decl":{"start":{"line":134,"column":33},"end":{"line":134,"column":34}},"loc":{"start":{"line":134,"column":39},"end":{"line":155,"column":3}},"line":134},"10":{"name":"(anonymous_10)","decl":{"start":{"line":140,"column":22},"end":{"line":140,"column":23}},"loc":{"start":{"line":140,"column":40},"end":{"line":154,"column":5}},"line":140},"11":{"name":"(anonymous_11)","decl":{"start":{"line":158,"column":22},"end":{"line":158,"column":23}},"loc":{"start":{"line":158,"column":28},"end":{"line":171,"column":3}},"line":158},"12":{"name":"(anonymous_12)","decl":{"start":{"line":174,"column":26},"end":{"line":174,"column":27}},"loc":{"start":{"line":174,"column":40},"end":{"line":184,"column":3}},"line":174},"13":{"name":"(anonymous_13)","decl":{"start":{"line":187,"column":27},"end":{"line":187,"column":28}},"loc":{"start":{"line":187,"column":41},"end":{"line":189,"column":3}},"line":187},"14":{"name":"(anonymous_14)","decl":{"start":{"line":192,"column":25},"end":{"line":192,"column":26}},"loc":{"start":{"line":192,"column":37},"end":{"line":194,"column":3}},"line":192},"15":{"name":"(anonymous_15)","decl":{"start":{"line":197,"column":25},"end":{"line":197,"column":26}},"loc":{"start":{"line":197,"column":31},"end":{"line":225,"column":3}},"line":197},"16":{"name":"(anonymous_16)","decl":{"start":{"line":211,"column":30},"end":{"line":211,"column":31}},"loc":{"start":{"line":211,"column":41},"end":{"line":211,"column":62}},"line":211},"17":{"name":"(anonymous_17)","decl":{"start":{"line":213,"column":26},"end":{"line":213,"column":27}},"loc":{"start":{"line":214,"column":12},"end":{"line":220,"column":14}},"line":214},"18":{"name":"(anonymous_18)","decl":{"start":{"line":228,"column":26},"end":{"line":228,"column":27}},"loc":{"start":{"line":228,"column":32},"end":{"line":259,"column":3}},"line":228},"19":{"name":"(anonymous_19)","decl":{"start":{"line":243,"column":30},"end":{"line":243,"column":31}},"loc":{"start":{"line":243,"column":41},"end":{"line":243,"column":62}},"line":243},"20":{"name":"(anonymous_20)","decl":{"start":{"line":245,"column":26},"end":{"line":245,"column":27}},"loc":{"start":{"line":246,"column":12},"end":{"line":254,"column":14}},"line":246},"21":{"name":"(anonymous_21)","decl":{"start":{"line":262,"column":25},"end":{"line":262,"column":26}},"loc":{"start":{"line":262,"column":31},"end":{"line":294,"column":3}},"line":262},"22":{"name":"(anonymous_22)","decl":{"start":{"line":276,"column":19},"end":{"line":276,"column":20}},"loc":{"start":{"line":277,"column":14},"end":{"line":277,"column":82}},"line":277},"23":{"name":"(anonymous_23)","decl":{"start":{"line":280,"column":27},"end":{"line":280,"column":28}},"loc":{"start":{"line":281,"column":14},"end":{"line":284,"column":16}},"line":281},"24":{"name":"(anonymous_24)","decl":{"start":{"line":288,"column":23},"end":{"line":288,"column":24}},"loc":{"start":{"line":288,"column":34},"end":{"line":288,"column":55}},"line":288},"25":{"name":"(anonymous_25)","decl":{"start":{"line":297,"column":22},"end":{"line":297,"column":23}},"loc":{"start":{"line":297,"column":28},"end":{"line":369,"column":3}},"line":297},"26":{"name":"(anonymous_26)","decl":{"start":{"line":310,"column":32},"end":{"line":310,"column":33}},"loc":{"start":{"line":311,"column":18},"end":{"line":311,"column":81}},"line":311},"27":{"name":"(anonymous_27)","decl":{"start":{"line":317,"column":29},"end":{"line":317,"column":30}},"loc":{"start":{"line":317,"column":45},"end":{"line":329,"column":15}},"line":317},"28":{"name":"(anonymous_28)","decl":{"start":{"line":318,"column":51},"end":{"line":318,"column":52}},"loc":{"start":{"line":318,"column":70},"end":{"line":318,"column":96}},"line":318},"29":{"name":"(anonymous_29)","decl":{"start":{"line":323,"column":36},"end":{"line":323,"column":37}},"loc":{"start":{"line":324,"column":22},"end":{"line":324,"column":92}},"line":324},"30":{"name":"(anonymous_30)","decl":{"start":{"line":348,"column":29},"end":{"line":348,"column":30}},"loc":{"start":{"line":348,"column":45},"end":{"line":358,"column":15}},"line":348}},"branchMap":{"0":{"loc":{"start":{"line":34,"column":2},"end":{"line":34,"column":11}},"type":"default-arg","locations":[{"start":{"line":34,"column":9},"end":{"line":34,"column":11}}],"line":34},"1":{"loc":{"start":{"line":35,"column":2},"end":{"line":35,"column":14}},"type":"default-arg","locations":[{"start":{"line":35,"column":9},"end":{"line":35,"column":14}}],"line":35},"2":{"loc":{"start":{"line":36,"column":2},"end":{"line":36,"column":17}},"type":"default-arg","locations":[{"start":{"line":36,"column":10},"end":{"line":36,"column":17}}],"line":36},"3":{"loc":{"start":{"line":37,"column":2},"end":{"line":37,"column":16}},"type":"default-arg","locations":[{"start":{"line":37,"column":14},"end":{"line":37,"column":16}}],"line":37},"4":{"loc":{"start":{"line":38,"column":2},"end":{"line":48,"column":3}},"type":"default-arg","locations":[{"start":{"line":38,"column":11},"end":{"line":48,"column":3}}],"line":38},"5":{"loc":{"start":{"line":49,"column":2},"end":{"line":49,"column":16}},"type":"default-arg","locations":[{"start":{"line":49,"column":13},"end":{"line":49,"column":16}}],"line":49},"6":{"loc":{"start":{"line":55,"column":4},"end":{"line":63,"column":5}},"type":"if","locations":[{"start":{"line":55,"column":4},"end":{"line":63,"column":5}},{"start":{"line":58,"column":11},"end":{"line":63,"column":5}}],"line":55},"7":{"loc":{"start":{"line":55,"column":8},"end":{"line":55,"column":31}},"type":"binary-expr","locations":[{"start":{"line":55,"column":8},"end":{"line":55,"column":12}},{"start":{"line":55,"column":16},"end":{"line":55,"column":31}}],"line":55},"8":{"loc":{"start":{"line":68,"column":4},"end":{"line":68,"column":43}},"type":"if","locations":[{"start":{"line":68,"column":4},"end":{"line":68,"column":43}},{"start":{},"end":{}}],"line":68},"9":{"loc":{"start":{"line":68,"column":8},"end":{"line":68,"column":34}},"type":"binary-expr","locations":[{"start":{"line":68,"column":8},"end":{"line":68,"column":13}},{"start":{"line":68,"column":17},"end":{"line":68,"column":34}}],"line":68},"10":{"loc":{"start":{"line":71,"column":4},"end":{"line":88,"column":5}},"type":"if","locations":[{"start":{"line":71,"column":4},"end":{"line":88,"column":5}},{"start":{"line":84,"column":11},"end":{"line":88,"column":5}}],"line":71},"11":{"loc":{"start":{"line":78,"column":8},"end":{"line":80,"column":9}},"type":"if","locations":[{"start":{"line":78,"column":8},"end":{"line":80,"column":9}},{"start":{},"end":{}}],"line":78},"12":{"loc":{"start":{"line":78,"column":12},"end":{"line":78,"column":44}},"type":"binary-expr","locations":[{"start":{"line":78,"column":12},"end":{"line":78,"column":26}},{"start":{"line":78,"column":30},"end":{"line":78,"column":44}}],"line":78},"13":{"loc":{"start":{"line":79,"column":17},"end":{"line":79,"column":36}},"type":"binary-expr","locations":[{"start":{"line":79,"column":17},"end":{"line":79,"column":31}},{"start":{"line":79,"column":35},"end":{"line":79,"column":36}}],"line":79},"14":{"loc":{"start":{"line":86,"column":52},"end":{"line":86,"column":67}},"type":"binary-expr","locations":[{"start":{"line":86,"column":52},"end":{"line":86,"column":62}},{"start":{"line":86,"column":66},"end":{"line":86,"column":67}}],"line":86},"15":{"loc":{"start":{"line":94,"column":4},"end":{"line":100,"column":5}},"type":"if","locations":[{"start":{"line":94,"column":4},"end":{"line":100,"column":5}},{"start":{"line":96,"column":11},"end":{"line":100,"column":5}}],"line":94},"16":{"loc":{"start":{"line":96,"column":11},"end":{"line":100,"column":5}},"type":"if","locations":[{"start":{"line":96,"column":11},"end":{"line":100,"column":5}},{"start":{"line":98,"column":11},"end":{"line":100,"column":5}}],"line":96},"17":{"loc":{"start":{"line":159,"column":4},"end":{"line":170,"column":5}},"type":"switch","locations":[{"start":{"line":160,"column":6},"end":{"line":161,"column":32}},{"start":{"line":162,"column":6},"end":{"line":163,"column":33}},{"start":{"line":164,"column":6},"end":{"line":165,"column":32}},{"start":{"line":166,"column":6},"end":{"line":167,"column":29}},{"start":{"line":168,"column":6},"end":{"line":169,"column":32}}],"line":159},"18":{"loc":{"start":{"line":183,"column":11},"end":{"line":183,"column":46}},"type":"binary-expr","locations":[{"start":{"line":183,"column":11},"end":{"line":183,"column":34}},{"start":{"line":183,"column":38},"end":{"line":183,"column":46}}],"line":183},"19":{"loc":{"start":{"line":188,"column":11},"end":{"line":188,"column":56}},"type":"binary-expr","locations":[{"start":{"line":188,"column":11},"end":{"line":188,"column":38}},{"start":{"line":188,"column":42},"end":{"line":188,"column":56}}],"line":188},"20":{"loc":{"start":{"line":198,"column":4},"end":{"line":198,"column":75}},"type":"if","locations":[{"start":{"line":198,"column":4},"end":{"line":198,"column":75}},{"start":{},"end":{}}],"line":198},"21":{"loc":{"start":{"line":198,"column":8},"end":{"line":198,"column":44}},"type":"binary-expr","locations":[{"start":{"line":198,"column":8},"end":{"line":198,"column":18}},{"start":{"line":198,"column":22},"end":{"line":198,"column":44}}],"line":198},"22":{"loc":{"start":{"line":229,"column":4},"end":{"line":229,"column":75}},"type":"if","locations":[{"start":{"line":229,"column":4},"end":{"line":229,"column":75}},{"start":{},"end":{}}],"line":229},"23":{"loc":{"start":{"line":229,"column":8},"end":{"line":229,"column":44}},"type":"binary-expr","locations":[{"start":{"line":229,"column":8},"end":{"line":229,"column":18}},{"start":{"line":229,"column":22},"end":{"line":229,"column":44}}],"line":229},"24":{"loc":{"start":{"line":263,"column":4},"end":{"line":263,"column":75}},"type":"if","locations":[{"start":{"line":263,"column":4},"end":{"line":263,"column":75}},{"start":{},"end":{}}],"line":263},"25":{"loc":{"start":{"line":263,"column":8},"end":{"line":263,"column":44}},"type":"binary-expr","locations":[{"start":{"line":263,"column":8},"end":{"line":263,"column":18}},{"start":{"line":263,"column":22},"end":{"line":263,"column":44}}],"line":263},"26":{"loc":{"start":{"line":298,"column":4},"end":{"line":298,"column":75}},"type":"if","locations":[{"start":{"line":298,"column":4},"end":{"line":298,"column":75}},{"start":{},"end":{}}],"line":298},"27":{"loc":{"start":{"line":298,"column":8},"end":{"line":298,"column":44}},"type":"binary-expr","locations":[{"start":{"line":298,"column":8},"end":{"line":298,"column":18}},{"start":{"line":298,"column":22},"end":{"line":298,"column":44}}],"line":298},"28":{"loc":{"start":{"line":303,"column":4},"end":{"line":368,"column":5}},"type":"if","locations":[{"start":{"line":303,"column":4},"end":{"line":368,"column":5}},{"start":{"line":336,"column":9},"end":{"line":368,"column":5}}],"line":303},"29":{"loc":{"start":{"line":318,"column":77},"end":{"line":318,"column":95}},"type":"binary-expr","locations":[{"start":{"line":318,"column":77},"end":{"line":318,"column":90}},{"start":{"line":318,"column":94},"end":{"line":318,"column":95}}],"line":318},"30":{"loc":{"start":{"line":324,"column":67},"end":{"line":324,"column":85}},"type":"binary-expr","locations":[{"start":{"line":324,"column":67},"end":{"line":324,"column":80}},{"start":{"line":324,"column":84},"end":{"line":324,"column":85}}],"line":324}},"s":{"0":0,"1":0,"2":0,"3":0,"4":0,"5":0,"6":0,"7":0,"8":0,"9":0,"10":0,"11":0,"12":0,"13":0,"14":0,"15":0,"16":0,"17":0,"18":0,"19":0,"20":0,"21":0,"22":0,"23":0,"24":0,"25":0,"26":0,"27":0,"28":0,"29":0,"30":0,"31":0,"32":0,"33":0,"34":0,"35":0,"36":0,"37":0,"38":0,"39":0,"40":0,"41":0,"42":0,"43":0,"44":0,"45":0,"46":0,"47":0,"48":0,"49":0,"50":0,"51":0,"52":0,"53":0,"54":0,"55":0,"56":0,"57":0,"58":0,"59":0,"60":0,"61":0,"62":0,"63":0,"64":0,"65":0,"66":0,"67":0,"68":0,"69":0,"70":0,"71":0,"72":0,"73":0,"74":0,"75":0,"76":0,"77":0,"78":0,"79":0,"80":0,"81":0,"82":0,"83":0,"84":0,"85":0,"86":0,"87":0,"88":0,"89":0,"90":0,"91":0},"f":{"0":0,"1":0,"2":0,"3":0,"4":0,"5":0,"6":0,"7":0,"8":0,"9":0,"10":0,"11":0,"12":0,"13":0,"14":0,"15":0,"16":0,"17":0,"18":0,"19":0,"20":0,"21":0,"22":0,"23":0,"24":0,"25":0,"26":0,"27":0,"28":0,"29":0,"30":0},"b":{"0":[0],"1":[0],"2":[0],"3":[0],"4":[0],"5":[0],"6":[0,0],"7":[0,0],"8":[0,0],"9":[0,0],"10":[0,0],"11":[0,0],"12":[0,0],"13":[0,0],"14":[0,0],"15":[0,0],"16":[0,0],"17":[0,0,0,0,0],"18":[0,0],"19":[0,0],"20":[0,0],"21":[0,0],"22":[0,0],"23":[0,0],"24":[0,0],"25":[0,0],"26":[0,0],"27":[0,0],"28":[0,0],"29":[0,0],"30":[0,0]}}
,"C:\\MyProject\\frontend\\src\\components\\feature\\Reports\\LoadTrendsChart.js": {"path":"C:\\MyProject\\frontend\\src\\components\\feature\\Reports\\LoadTrendsChart.js","statementMap":{"0":{"start":{"line":25,"column":24},"end":{"line":110,"column":1}},"1":{"start":{"line":32,"column":36},"end":{"line":32,"column":48}},"2":{"start":{"line":33,"column":32},"end":{"line":33,"column":43}},"3":{"start":{"line":35,"column":2},"end":{"line":50,"column":13}},"4":{"start":{"line":36,"column":4},"end":{"line":49,"column":5}},"5":{"start":{"line":37,"column":6},"end":{"line":37,"column":25}},"6":{"start":{"line":40,"column":18},"end":{"line":40,"column":71}},"7":{"start":{"line":40,"column":45},"end":{"line":40,"column":67}},"8":{"start":{"line":41,"column":6},"end":{"line":41,"column":60}},"9":{"start":{"line":44,"column":25},"end":{"line":44,"column":45}},"10":{"start":{"line":45,"column":6},"end":{"line":45,"column":31}},"11":{"start":{"line":47,"column":18},"end":{"line":47,"column":70}},"12":{"start":{"line":47,"column":51},"end":{"line":47,"column":66}},"13":{"start":{"line":48,"column":6},"end":{"line":48,"column":66}},"14":{"start":{"line":53,"column":29},"end":{"line":68,"column":3}},"15":{"start":{"line":54,"column":23},"end":{"line":54,"column":25}},"16":{"start":{"line":55,"column":16},"end":{"line":55,"column":26}},"17":{"start":{"line":57,"column":4},"end":{"line":65,"column":5}},"18":{"start":{"line":57,"column":17},"end":{"line":57,"column":19}},"19":{"start":{"line":58,"column":19},"end":{"line":58,"column":32}},"20":{"start":{"line":59,"column":6},"end":{"line":59,"column":39}},"21":{"start":{"line":61,"column":6},"end":{"line":64,"column":9}},"22":{"start":{"line":67,"column":4},"end":{"line":67,"column":22}},"23":{"start":{"line":70,"column":2},"end":{"line":109,"column":4}},"24":{"start":{"line":82,"column":43},"end":{"line":82,"column":62}},"25":{"start":{"line":94,"column":36},"end":{"line":94,"column":43}}},"fnMap":{"0":{"name":"(anonymous_0)","decl":{"start":{"line":25,"column":24},"end":{"line":25,"column":25}},"loc":{"start":{"line":31,"column":6},"end":{"line":110,"column":1}},"line":31},"1":{"name":"(anonymous_1)","decl":{"start":{"line":35,"column":12},"end":{"line":35,"column":13}},"loc":{"start":{"line":35,"column":18},"end":{"line":50,"column":3}},"line":35},"2":{"name":"(anonymous_2)","decl":{"start":{"line":40,"column":30},"end":{"line":40,"column":31}},"loc":{"start":{"line":40,"column":45},"end":{"line":40,"column":67}},"line":40},"3":{"name":"(anonymous_3)","decl":{"start":{"line":47,"column":36},"end":{"line":47,"column":37}},"loc":{"start":{"line":47,"column":51},"end":{"line":47,"column":66}},"line":47},"4":{"name":"(anonymous_4)","decl":{"start":{"line":53,"column":29},"end":{"line":53,"column":30}},"loc":{"start":{"line":53,"column":35},"end":{"line":68,"column":3}},"line":53},"5":{"name":"(anonymous_5)","decl":{"start":{"line":82,"column":32},"end":{"line":82,"column":33}},"loc":{"start":{"line":82,"column":43},"end":{"line":82,"column":62}},"line":82},"6":{"name":"(anonymous_6)","decl":{"start":{"line":94,"column":25},"end":{"line":94,"column":26}},"loc":{"start":{"line":94,"column":36},"end":{"line":94,"column":43}},"line":94}},"branchMap":{"0":{"loc":{"start":{"line":26,"column":2},"end":{"line":26,"column":11}},"type":"default-arg","locations":[{"start":{"line":26,"column":9},"end":{"line":26,"column":11}}],"line":26},"1":{"loc":{"start":{"line":27,"column":2},"end":{"line":27,"column":21}},"type":"default-arg","locations":[{"start":{"line":27,"column":10},"end":{"line":27,"column":21}}],"line":27},"2":{"loc":{"start":{"line":28,"column":2},"end":{"line":28,"column":16}},"type":"default-arg","locations":[{"start":{"line":28,"column":14},"end":{"line":28,"column":16}}],"line":28},"3":{"loc":{"start":{"line":29,"column":2},"end":{"line":29,"column":50}},"type":"default-arg","locations":[{"start":{"line":29,"column":11},"end":{"line":29,"column":50}}],"line":29},"4":{"loc":{"start":{"line":30,"column":2},"end":{"line":30,"column":20}},"type":"default-arg","locations":[{"start":{"line":30,"column":16},"end":{"line":30,"column":20}}],"line":30},"5":{"loc":{"start":{"line":36,"column":4},"end":{"line":49,"column":5}},"type":"if","locations":[{"start":{"line":36,"column":4},"end":{"line":49,"column":5}},{"start":{"line":42,"column":11},"end":{"line":49,"column":5}}],"line":36},"6":{"loc":{"start":{"line":36,"column":8},"end":{"line":36,"column":31}},"type":"binary-expr","locations":[{"start":{"line":36,"column":8},"end":{"line":36,"column":12}},{"start":{"line":36,"column":16},"end":{"line":36,"column":31}}],"line":36},"7":{"loc":{"start":{"line":40,"column":52},"end":{"line":40,"column":66}},"type":"binary-expr","locations":[{"start":{"line":40,"column":52},"end":{"line":40,"column":61}},{"start":{"line":40,"column":65},"end":{"line":40,"column":66}}],"line":40},"8":{"loc":{"start":{"line":91,"column":13},"end":{"line":99,"column":13}},"type":"binary-expr","locations":[{"start":{"line":91,"column":13},"end":{"line":91,"column":24}},{"start":{"line":92,"column":14},"end":{"line":98,"column":16}}],"line":91},"9":{"loc":{"start":{"line":103,"column":7},"end":{"line":107,"column":7}},"type":"binary-expr","locations":[{"start":{"line":103,"column":7},"end":{"line":103,"column":18}},{"start":{"line":104,"column":8},"end":{"line":106,"column":14}}],"line":103}},"s":{"0":0,"1":0,"2":0,"3":0,"4":0,"5":0,"6":0,"7":0,"8":0,"9":0,"10":0,"11":0,"12":0,"13":0,"14":0,"15":0,"16":0,"17":0,"18":0,"19":0,"20":0,"21":0,"22":0,"23":0,"24":0,"25":0},"f":{"0":0,"1":0,"2":0,"3":0,"4":0,"5":0,"6":0},"b":{"0":[0],"1":[0],"2":[0],"3":[0],"4":[0],"5":[0,0],"6":[0,0],"7":[0,0],"8":[0,0],"9":[0,0]}}
,"C:\\MyProject\\frontend\\src\\components\\feature\\Reports\\ResourceUtilizationChart.js": {"path":"C:\\MyProject\\frontend\\src\\components\\feature\\Reports\\ResourceUtilizationChart.js","statementMap":{"0":{"start":{"line":31,"column":33},"end":{"line":242,"column":1}},"1":{"start":{"line":41,"column":36},"end":{"line":41,"column":48}},"2":{"start":{"line":43,"column":2},"end":{"line":50,"column":13}},"3":{"start":{"line":44,"column":4},"end":{"line":49,"column":5}},"4":{"start":{"line":45,"column":6},"end":{"line":45,"column":25}},"5":{"start":{"line":48,"column":6},"end":{"line":48,"column":41}},"6":{"start":{"line":53,"column":29},"end":{"line":69,"column":3}},"7":{"start":{"line":54,"column":26},"end":{"line":54,"column":66}},"8":{"start":{"line":55,"column":24},"end":{"line":55,"column":54}},"9":{"start":{"line":57,"column":4},"end":{"line":68,"column":7}},"10":{"start":{"line":58,"column":21},"end":{"line":61,"column":7}},"11":{"start":{"line":63,"column":6},"end":{"line":65,"column":9}},"12":{"start":{"line":64,"column":8},"end":{"line":64,"column":59}},"13":{"start":{"line":67,"column":6},"end":{"line":67,"column":20}},"14":{"start":{"line":72,"column":21},"end":{"line":89,"column":3}},"15":{"start":{"line":73,"column":4},"end":{"line":73,"column":56}},"16":{"start":{"line":73,"column":46},"end":{"line":73,"column":56}},"17":{"start":{"line":76,"column":26},"end":{"line":78,"column":5}},"18":{"start":{"line":77,"column":6},"end":{"line":77,"column":44}},"19":{"start":{"line":80,"column":4},"end":{"line":88,"column":7}},"20":{"start":{"line":81,"column":18},"end":{"line":81,"column":77}},"21":{"start":{"line":81,"column":50},"end":{"line":81,"column":73}},"22":{"start":{"line":82,"column":22},"end":{"line":82,"column":56}},"23":{"start":{"line":84,"column":6},"end":{"line":87,"column":8}},"24":{"start":{"line":92,"column":22},"end":{"line":105,"column":3}},"25":{"start":{"line":93,"column":4},"end":{"line":104,"column":5}},"26":{"start":{"line":95,"column":8},"end":{"line":95,"column":32}},"27":{"start":{"line":97,"column":8},"end":{"line":97,"column":33}},"28":{"start":{"line":99,"column":8},"end":{"line":99,"column":32}},"29":{"start":{"line":101,"column":8},"end":{"line":101,"column":29}},"30":{"start":{"line":103,"column":8},"end":{"line":103,"column":32}},"31":{"start":{"line":108,"column":25},"end":{"line":137,"column":3}},"32":{"start":{"line":109,"column":4},"end":{"line":109,"column":75}},"33":{"start":{"line":109,"column":46},"end":{"line":109,"column":75}},"34":{"start":{"line":111,"column":26},"end":{"line":113,"column":5}},"35":{"start":{"line":112,"column":6},"end":{"line":112,"column":44}},"36":{"start":{"line":115,"column":4},"end":{"line":136,"column":6}},"37":{"start":{"line":127,"column":12},"end":{"line":132,"column":14}},"38":{"start":{"line":140,"column":26},"end":{"line":171,"column":3}},"39":{"start":{"line":141,"column":4},"end":{"line":141,"column":75}},"40":{"start":{"line":141,"column":46},"end":{"line":141,"column":75}},"41":{"start":{"line":143,"column":26},"end":{"line":145,"column":5}},"42":{"start":{"line":144,"column":6},"end":{"line":144,"column":44}},"43":{"start":{"line":147,"column":4},"end":{"line":170,"column":6}},"44":{"start":{"line":159,"column":12},"end":{"line":166,"column":14}},"45":{"start":{"line":174,"column":25},"end":{"line":201,"column":3}},"46":{"start":{"line":175,"column":20},"end":{"line":175,"column":32}},"47":{"start":{"line":177,"column":4},"end":{"line":177,"column":71}},"48":{"start":{"line":177,"column":42},"end":{"line":177,"column":71}},"49":{"start":{"line":179,"column":4},"end":{"line":200,"column":6}},"50":{"start":{"line":190,"column":38},"end":{"line":190,"column":58}},"51":{"start":{"line":193,"column":14},"end":{"line":193,"column":89}},"52":{"start":{"line":196,"column":41},"end":{"line":196,"column":61}},"53":{"start":{"line":204,"column":22},"end":{"line":234,"column":3}},"54":{"start":{"line":205,"column":4},"end":{"line":205,"column":75}},"55":{"start":{"line":205,"column":46},"end":{"line":205,"column":75}},"56":{"start":{"line":208,"column":4},"end":{"line":233,"column":6}},"57":{"start":{"line":215,"column":31},"end":{"line":215,"column":69}},"58":{"start":{"line":216,"column":28},"end":{"line":216,"column":52}},"59":{"start":{"line":222,"column":14},"end":{"line":228,"column":19}},"60":{"start":{"line":225,"column":33},"end":{"line":225,"column":71}},"61":{"start":{"line":226,"column":30},"end":{"line":226,"column":70}},"62":{"start":{"line":236,"column":2},"end":{"line":241,"column":4}}},"fnMap":{"0":{"name":"(anonymous_0)","decl":{"start":{"line":31,"column":33},"end":{"line":31,"column":34}},"loc":{"start":{"line":40,"column":6},"end":{"line":242,"column":1}},"line":40},"1":{"name":"(anonymous_1)","decl":{"start":{"line":43,"column":12},"end":{"line":43,"column":13}},"loc":{"start":{"line":43,"column":18},"end":{"line":50,"column":3}},"line":43},"2":{"name":"(anonymous_2)","decl":{"start":{"line":53,"column":29},"end":{"line":53,"column":30}},"loc":{"start":{"line":53,"column":35},"end":{"line":69,"column":3}},"line":53},"3":{"name":"(anonymous_3)","decl":{"start":{"line":57,"column":27},"end":{"line":57,"column":28}},"loc":{"start":{"line":57,"column":35},"end":{"line":68,"column":5}},"line":57},"4":{"name":"(anonymous_4)","decl":{"start":{"line":63,"column":28},"end":{"line":63,"column":29}},"loc":{"start":{"line":63,"column":36},"end":{"line":65,"column":7}},"line":63},"5":{"name":"(anonymous_5)","decl":{"start":{"line":72,"column":21},"end":{"line":72,"column":22}},"loc":{"start":{"line":72,"column":27},"end":{"line":89,"column":3}},"line":72},"6":{"name":"(anonymous_6)","decl":{"start":{"line":76,"column":59},"end":{"line":76,"column":60}},"loc":{"start":{"line":77,"column":6},"end":{"line":77,"column":44}},"line":77},"7":{"name":"(anonymous_7)","decl":{"start":{"line":80,"column":29},"end":{"line":80,"column":30}},"loc":{"start":{"line":80,"column":37},"end":{"line":88,"column":5}},"line":80},"8":{"name":"(anonymous_8)","decl":{"start":{"line":81,"column":35},"end":{"line":81,"column":36}},"loc":{"start":{"line":81,"column":50},"end":{"line":81,"column":73}},"line":81},"9":{"name":"(anonymous_9)","decl":{"start":{"line":92,"column":22},"end":{"line":92,"column":23}},"loc":{"start":{"line":92,"column":28},"end":{"line":105,"column":3}},"line":92},"10":{"name":"(anonymous_10)","decl":{"start":{"line":108,"column":25},"end":{"line":108,"column":26}},"loc":{"start":{"line":108,"column":31},"end":{"line":137,"column":3}},"line":108},"11":{"name":"(anonymous_11)","decl":{"start":{"line":111,"column":59},"end":{"line":111,"column":60}},"loc":{"start":{"line":112,"column":6},"end":{"line":112,"column":44}},"line":112},"12":{"name":"(anonymous_12)","decl":{"start":{"line":126,"column":29},"end":{"line":126,"column":30}},"loc":{"start":{"line":127,"column":12},"end":{"line":132,"column":14}},"line":127},"13":{"name":"(anonymous_13)","decl":{"start":{"line":140,"column":26},"end":{"line":140,"column":27}},"loc":{"start":{"line":140,"column":32},"end":{"line":171,"column":3}},"line":140},"14":{"name":"(anonymous_14)","decl":{"start":{"line":143,"column":59},"end":{"line":143,"column":60}},"loc":{"start":{"line":144,"column":6},"end":{"line":144,"column":44}},"line":144},"15":{"name":"(anonymous_15)","decl":{"start":{"line":158,"column":29},"end":{"line":158,"column":30}},"loc":{"start":{"line":159,"column":12},"end":{"line":166,"column":14}},"line":159},"16":{"name":"(anonymous_16)","decl":{"start":{"line":174,"column":25},"end":{"line":174,"column":26}},"loc":{"start":{"line":174,"column":31},"end":{"line":201,"column":3}},"line":174},"17":{"name":"(anonymous_17)","decl":{"start":{"line":190,"column":19},"end":{"line":190,"column":20}},"loc":{"start":{"line":190,"column":38},"end":{"line":190,"column":58}},"line":190},"18":{"name":"(anonymous_18)","decl":{"start":{"line":192,"column":25},"end":{"line":192,"column":26}},"loc":{"start":{"line":193,"column":14},"end":{"line":193,"column":89}},"line":193},"19":{"name":"(anonymous_19)","decl":{"start":{"line":196,"column":30},"end":{"line":196,"column":31}},"loc":{"start":{"line":196,"column":41},"end":{"line":196,"column":61}},"line":196},"20":{"name":"(anonymous_20)","decl":{"start":{"line":204,"column":22},"end":{"line":204,"column":23}},"loc":{"start":{"line":204,"column":28},"end":{"line":234,"column":3}},"line":204},"21":{"name":"(anonymous_21)","decl":{"start":{"line":215,"column":24},"end":{"line":215,"column":25}},"loc":{"start":{"line":215,"column":31},"end":{"line":215,"column":69}},"line":215},"22":{"name":"(anonymous_22)","decl":{"start":{"line":216,"column":21},"end":{"line":216,"column":22}},"loc":{"start":{"line":216,"column":28},"end":{"line":216,"column":52}},"line":216},"23":{"name":"(anonymous_23)","decl":{"start":{"line":221,"column":27},"end":{"line":221,"column":2
[...]
,"C:\\MyProject\\frontend\\src\\tests\\mocks\\taskData.js": {"path":"C:\\MyProject\\frontend\\src\\tests\\mocks\\taskData.js","statementMap":{"0":{"start":{"line":2,"column":25},"end":{"line":39,"column":1}},"1":{"start":{"line":42,"column":29},"end":{"line":61,"column":1}}},"fnMap":{},"branchMap":{},"s":{"0":1,"1":1},"f":{},"b":{},"_coverageSchema":"1a1c01bbd47fc00a2c39e90264f33305004495a9","hash":"217f7b7ec4cbe3be18346a4c25885cd6a54c12d2"}
,"C:\\MyProject\\frontend\\src\\utils\\dependencyUtils.js": {"path":"C:\\MyProject\\frontend\\src\\utils\\dependencyUtils.js","statementMap":{"0":{"start":{"line":14,"column":32},"end":{"line":53,"column":1}},"1":{"start":{"line":16,"column":2},"end":{"line":18,"column":3}},"2":{"start":{"line":17,"column":4},"end":{"line":17,"column":29}},"3":{"start":{"line":21,"column":25},"end":{"line":23,"column":3}},"4":{"start":{"line":22,"column":4},"end":{"line":22,"column":36}},"5":{"start":{"line":26,"column":2},"end":{"line":34,"column":3}},"6":{"start":{"line":27,"column":23},"end":{"line":27,"column":48}},"7":{"start":{"line":28,"column":4},"end":{"line":33,"column":5}},"8":{"start":{"line":29,"column":6},"end":{"line":32,"column":8}},"9":{"start":{"line":37,"column":25},"end":{"line":39,"column":3}},"10":{"start":{"line":38,"column":4},"end":{"line":38,"column":54}},"11":{"start":{"line":42,"column":2},"end":{"line":50,"column":3}},"12":{"start":{"line":43,"column":25},"end":{"line":43,"column":52}},"13":{"start":{"line":44,"column":4},"end":{"line":49,"column":5}},"14":{"start":{"line":45,"column":6},"end":{"line":48,"column":8}},"15":{"start":{"line":52,"column":2},"end":{"line":52,"column":27}},"16":{"start":{"line":65,"column":30},"end":{"line":76,"column":1}},"17":{"start":{"line":66,"column":21},"end":{"line":66,"column":79}},"18":{"start":{"line":68,"column":2},"end":{"line":73,"column":3}},"19":{"start":{"line":69,"column":4},"end":{"line":71,"column":5}},"20":{"start":{"line":70,"column":6},"end":{"line":70,"column":36}},"21":{"start":{"line":72,"column":4},"end":{"line":72,"column":17}},"22":{"start":{"line":75,"column":2},"end":{"line":75,"column":14}},"23":{"start":{"line":83,"column":39},"end":{"line":100,"column":1}},"24":{"start":{"line":84,"column":16},"end":{"line":84,"column":18}},"25":{"start":{"line":86,"column":2},"end":{"line":97,"column":5}},"26":{"start":{"line":87,"column":4},"end":{"line":96,"column":5}},"27":{"start":{"line":88,"column":6},"end":{"line":95,"column":9}},"28":{"start":{"line":89,"column":8},"end":{"line":94,"column":11}},"29":{"start":{"line":99,"column":2},"end":{"line":99,"column":15}},"30":{"start":{"line":109,"column":39},"end":{"line":128,"column":1}},"31":{"start":{"line":111,"column":30},"end":{"line":111,"column":89}},"32":{"start":{"line":114,"column":30},"end":{"line":114,"column":89}},"33":{"start":{"line":118,"column":2},"end":{"line":127,"column":4}}},"fnMap":{"0":{"name":"(anonymous_0)","decl":{"start":{"line":14,"column":32},"end":{"line":14,"column":33}},"loc":{"start":{"line":14,"column":78},"end":{"line":53,"column":1}},"line":14},"1":{"name":"(anonymous_1)","decl":{"start":{"line":21,"column":41},"end":{"line":21,"column":42}},"loc":{"start":{"line":22,"column":4},"end":{"line":22,"column":36}},"line":22},"2":{"name":"(anonymous_2)","decl":{"start":{"line":37,"column":41},"end":{"line":37,"column":42}},"loc":{"start":{"line":38,"column":4},"end":{"line":38,"column":54}},"line":38},"3":{"name":"(anonymous_3)","decl":{"start":{"line":65,"column":30},"end":{"line":65,"column":31}},"loc":{"start":{"line":65,"column":91},"end":{"line":76,"column":1}},"line":65},"4":{"name":"(anonymous_4)","decl":{"start":{"line":83,"column":39},"end":{"line":83,"column":40}},"loc":{"start":{"line":83,"column":50},"end":{"line":100,"column":1}},"line":83},"5":{"name":"(anonymous_5)","decl":{"start":{"line":86,"column":16},"end":{"line":86,"column":17}},"loc":{"start":{"line":86,"column":24},"end":{"line":97,"column":3}},"line":86},"6":{"name":"(anonymous_6)","decl":{"start":{"line":88,"column":32},"end":{"line":88,"column":33}},"loc":{"start":{"line":88,"column":41},"end":{"line":95,"column":7}},"line":88},"7":{"name":"(anonymous_7)","decl":{"start":{"line":109,"column":39},"end":{"line":109,"column":40}},"loc":{"start":{"line":109,"column":67},"end":{"line":128,"column":1}},"line":109}},"branchMap":{"0":{"loc":{"start":{"line":16,"column":2},"end":{"line":18,"column":3}},"type":"if","locations":[{"start":{"line":16,"column":2},"end":{"line":18,"column":3}},{"start":{},"end":{}}],"line":16},"1":{"loc":{"start":{"line":16,"column":6},"end":{"line":16,"column":58}},"type":"binary-expr","locations":[{"start":{"line":16,"column":6},"end":{"line":16,"column":24}},{"start":{"line":16,"column":28},"end":{"line":16,"column":58}}],"line":16},"2":{"loc":{"start":{"line":28,"column":4},"end":{"line":33,"column":5}},"type":"if","locations":[{"start":{"line":28,"column":4},"end":{"line":33,"column":5}},{"start":{},"end":{}}],"line":28},"3":{"loc":{"start":{"line":38,"column":4},"end":{"line":38,"column":54}},"type":"binary-expr","locations":[{"start":{"line":38,"column":4},"end":{"line":38,"column":18}},{"start":{"line":38,"column":22},"end":{"line":38,"column":54}}],"line":38},"4":{"loc":{"start":{"line":44,"column":4},"end":{"line":49,"column":5}},"type":"if","locations":[{"start":{"line":44,"column":4},"end":{"line":49,"column":5}},{"start":{},"end":{}}],"line":44},"5":{"loc":{"start":{"line":68,"column":2},"end":{"line":73,"column":3}},"type":"if","locations":[{"start":{"line":68,"column":2},"end":{"line":73,"column":3}},{"start":{},"end":{}}],"line":68},"6":{"loc":{"start":{"line":69,"column":4},"end":{"line":71,"column":5}},"type":"if","locations":[{"start":{"line":69,"column":4},"end":{"line":71,"column":5}},{"start":{},"end":{}}],"line":69},"7":{"loc":{"start":{"line":87,"column":4},"end":{"line":96,"column":5}},"type":"if","locations":[{"start":{"line":87,"column":4},"end":{"line":96,"column":5}},{"start":{},"end":{}}],"line":87},"8":{"loc":{"start":{"line":87,"column":8},"end":{"line":87,"column":57}},"type":"binary-expr","locations":[{"start":{"line":87,"column":8},"end":{"line":87,"column":25}},{"start":{"line":87,"column":29},"end":{"line":87,"column":57}}],"line":87},"9":{"loc":{"start":{"line":111,"column":30},"end":{"line":111,"column":89}},"type":"binary-expr","locations":[{"start":{"line":111,"column":30},"end":{"line":111,"column":48}},{"start":{"line":111,"column":52},"end":{"line":111,"column":89}}],"line":111},"10":{"loc":{"start":{"line":114,"column":30},"end":{"line":114,"column":89}},"type":"binary-expr","locations":[{"start":{"line":114,"column":30},"end":{"line":114,"column":48}},{"start":{"line":114,"column":52},"end":{"line":114,"column":89}}],"line":114},"11":{"loc":{"start":{"line":126,"column":19},"end":{"line":126,"column":61}},"type":"binary-expr","locations":[{"start":{"line":126,"column":19},"end":{"line":126,"column":38}},{"start":{"line":126,"column":42},"end":{"line":126,"column":61}}],"line":126}},"s":{"0":0,"1":0,"2":0,"3":0,"4":0,"5":0,"6":0,"7":0,"8":0,"9":0,"10":0,"11":0,"12":0,"13":0,"14":0,"15":0,"16":0,"17":0,"18":0,"19":0,"20":0,"21":0,"22":0,"23":0,"24":0,"25":0,"26":0,"27":0,"28":0,"29":0,"30":0,"31":0,"32":0,"33":0},"f":{"0":0,"1":0,"2":0,"3":0,"4":0,"5":0,"6":0,"7":0},"b":{"0":[0,0],"1":[0,0],"2":[0,0],"3":[0,0],"4":[0,0],"5":[0,0],"6":[0,0],"7":[0,0],"8":[0,0],"9":[0,0],"10":[0,0],"11":[0,0]}}
,"C:\\MyProject\\frontend\\src\\utils\\resourceUtils.js": {"path":"C:\\MyProject\\frontend\\src\\utils\\resourceUtils.js","statementMap":{"0":{"start":{"line":14,"column":42},"end":{"line":43,"column":1}},"1":{"start":{"line":15,"column":19},"end":{"line":15,"column":36}},"2":{"start":{"line":16,"column":24},"end":{"line":16,"column":77}},"3":{"start":{"line":16,"column":45},"end":{"line":16,"column":76}},"4":{"start":{"line":19,"column":21},"end":{"line":19,"column":83}},"5":{"start":{"line":22,"column":17},"end":{"line":22,"column":18}},"6":{"start":{"line":23,"column":23},"end":{"line":23,"column":25}},"7":{"start":{"line":25,"column":2},"end":{"line":35,"column":5}},"8":{"start":{"line":26,"column":4},"end":{"line":26,"column":41}},"9":{"start":{"line":28,"column":4},"end":{"line":34,"column":5}},"10":{"start":{"line":29,"column":6},"end":{"line":33,"column":9}},"11":{"start":{"line":37,"column":2},"end":{"line":42,"column":4}},"12":{"start":{"line":52,"column":43},"end":{"line":84,"column":1}},"13":{"start":{"line":53,"column":21},"end":{"line":53,"column":23}},"14":{"start":{"line":54,"column":16},"end":{"line":54,"column":35}},"15":{"start":{"line":55,"column":14},"end":{"line":55,"column":31}},"16":{"start":{"line":58,"column":2},"end":{"line":61,"column":3}},"17":{"start":{"line":58,"column":15},"end":{"line":58,"column":30}},"18":{"start":{"line":59,"column":20},"end":{"line":59,"column":49}},"19":{"start":{"line":60,"column":4},"end":{"line":60,"column":28}},"20":{"start":{"line":64,"column":2},"end":{"line":81,"column":5}},"21":{"start":{"line":65,"column":22},"end":{"line":65,"column":46}},"22":{"start":{"line":66,"column":20},"end":{"line":66,"column":42}},"23":{"start":{"line":69,"column":25},"end":{"line":69,"column":62}},"24":{"start":{"line":70,"column":23},"end":{"line":70,"column":52}},"25":{"start":{"line":72,"column":4},"end":{"line":80,"column":5}},"26":{"start":{"line":73,"column":27},"end":{"line":73,"column":88}},"27":{"start":{"line":74,"column":24},"end":{"line":74,"column":42}},"28":{"start":{"line":76,"column":6},"end":{"line":79,"column":7}},"29":{"start":{"line":76,"column":19},"end":{"line":76,"column":41}},"30":{"start":{"line":77,"column":24},"end":{"line":77,"column":53}},"31":{"start":{"line":78,"column":8},"end":{"line":78,"column":41}},"32":{"start":{"line":83,"column":2},"end":{"line":83,"column":20}},"33":{"start":{"line":94,"column":32},"end":{"line":129,"column":1}},"34":{"start":{"line":96,"column":24},"end":{"line":96,"column":57}},"35":{"start":{"line":97,"column":24},"end":{"line":97,"column":86}},"36":{"start":{"line":100,"column":24},"end":{"line":100,"column":33}},"37":{"start":{"line":101,"column":2},"end":{"line":101,"column":53}},"38":{"start":{"line":101,"column":25},"end":{"line":101,"column":51}},"39":{"start":{"line":105,"column":22},"end":{"line":109,"column":4}},"40":{"start":{"line":107,"column":26},"end":{"line":107,"column":55}},"41":{"start":{"line":108,"column":4},"end":{"line":108,"column":65}},"42":{"start":{"line":112,"column":31},"end":{"line":112,"column":67}},"43":{"start":{"line":115,"column":25},"end":{"line":115,"column":109}},"44":{"start":{"line":118,"column":23},"end":{"line":118,"column":94}},"45":{"start":{"line":120,"column":2},"end":{"line":128,"column":4}},"46":{"start":{"line":136,"column":32},"end":{"line":140,"column":1}},"47":{"start":{"line":139,"column":2},"end":{"line":139,"column":12}},"48":{"start":{"line":151,"column":23},"end":{"line":155,"column":1}},"49":{"start":{"line":154,"column":2},"end":{"line":154,"column":15}},"50":{"start":{"line":165,"column":33},"end":{"line":214,"column":1}},"51":{"start":{"line":167,"column":24},"end":{"line":167,"column":26}},"52":{"start":{"line":169,"column":2},"end":{"line":176,"column":5}},"53":{"start":{"line":170,"column":26},"end":{"line":170,"column":79}},"54":{"start":{"line":170,"column":47},"end":{"line":170,"column":78}},"55":{"start":{"line":171,"column":23},"end":{"line":171,"column":85}},"56":{"start":{"line":172,"column":4},"end":{"line":175,"column":6}},"57":{"start":{"line":179,"column":20},"end":{"line":179,"column":21}},"58":{"start":{"line":180,"column":22},"end":{"line":180,"column":23}},"59":{"start":{"line":181,"column":19},"end":{"line":181,"column":20}},"60":{"start":{"line":183,"column":2},"end":{"line":190,"column":5}},"61":{"start":{"line":184,"column":4},"end":{"line":189,"column":7}},"62":{"start":{"line":185,"column":30},"end":{"line":185,"column":63}},"63":{"start":{"line":186,"column":6},"end":{"line":186,"column":59}},"64":{"start":{"line":187,"column":6},"end":{"line":187,"column":39}},"65":{"start":{"line":188,"column":6},"end":{"line":188,"column":19}},"66":{"start":{"line":192,"column":22},"end":{"line":192,"column":69}},"67":{"start":{"line":195,"column":23},"end":{"line":195,"column":24}},"68":{"start":{"line":197,"column":2},"end":{"line":203,"column":5}},"69":{"start":{"line":198,"column":4},"end":{"line":202,"column":7}},"70":{"start":{"line":199,"column":30},"end":{"line":199,"column":63}},"71":{"start":{"line":200,"column":19},"end":{"line":200,"column":48}},"72":{"start":{"line":201,"column":6},"end":{"line":201,"column":36}},"73":{"start":{"line":205,"column":19},"end":{"line":205,"column":67}},"74":{"start":{"line":206,"column":23},"end":{"line":206,"column":42}},"75":{"start":{"line":208,"column":2},"end":{"line":213,"column":4}}},"fnMap":{"0":{"name":"(anonymous_0)","decl":{"start":{"line":14,"column":42},"end":{"line":14,"column":43}},"loc":{"start":{"line":14,"column":83},"end":{"line":43,"column":1}},"line":14},"1":{"name":"(anonymous_1)","decl":{"start":{"line":16,"column":37},"end":{"line":16,"column":38}},"loc":{"start":{"line":16,"column":45},"end":{"line":16,"column":76}},"line":16},"2":{"name":"(anonymous_2)","decl":{"start":{"line":25,"column":37},"end":{"line":25,"column":38}},"loc":{"start":{"line":25,"column":59},"end":{"line":35,"column":3}},"line":25},"3":{"name":"(anonymous_3)","decl":{"start":{"line":52,"column":43},"end":{"line":52,"column":44}},"loc":{"start":{"line":52,"column":74},"end":{"line":84,"column":1}},"line":52},"4":{"name":"(anonymous_4)","decl":{"start":{"line":64,"column":16},"end":{"line":64,"column":17}},"loc":{"start":{"line":64,"column":24},"end":{"line":81,"column":3}},"line":64},"5":{"name":"(anonymous_5)","decl":{"start":{"line":94,"column":32},"end":{"line":94,"column":33}},"loc":{"start":{"line":94,"column":74},"end":{"line":129,"column":1}},"line":94},"6":{"name":"(anonymous_6)","decl":{"start":{"line":101,"column":20},"end":{"line":101,"column":21}},"loc":{"start":{"line":101,"column":25},"end":{"line":101,"column":51}},"line":101},"7":{"name":"(anonymous_7)","decl":{"start":{"line":105,"column":38},"end":{"line":105,"column":39}},"loc":{"start":{"line":105,"column":48},"end":{"line":109,"column":3}},"line":105},"8":{"name":"(anonymous_8)","decl":{"start":{"line":136,"column":32},"end":{"line":136,"column":33}},"loc":{"start":{"line":136,"column":43},"end":{"line":140,"column":1}},"line":136},"9":{"name":"(anonymous_9)","decl":{"start":{"line":151,"column":23},"end":{"line":151,"column":24}},"loc":{"start":{"line":151,"column":87},"end":{"line":155,"column":1}},"line":151},"10":{"name":"(anonymous_10)","decl":{"start":{"line":165,"column":33},"end":{"line":165,"column":34}},"loc":{"start":{"line":165,"column":75},"end":{"line":214,"column":1}},"line":165},"11":{"name":"(anonymous_11)","decl":{"start":{"line":169,"column":20},"end":{"line":169,"column":21}},"loc":{"start":{"line":169,"column":32},"end":{"line":176,"column":3}},"line":169},"12":{"name":"(anonymous_12)","decl":{"start":{"line":170,"column":39},"end":{"line":170,"column":40}},"loc":{"start":{"line":170,"column":47},"end":{"line":170,"column":78}},"line":170},"13":{"name":"(anonymous_13)","decl":{"start":{"line":183,"column":39},"end":{"line":183,"column":40}},"loc":{"start":{"line":183,"column":51},"end":{"line":190,"column":3}},"line":183},"14":{"name":"(anonymous_14)","decl":{"start":{"line":184,"column":47},"end":{"line":184,"column":48}},"loc":{"start":{"line":184,"column":56},"end":{"line":189,"column":5}},"line":184},"15":{"name":"(anonymous_15)","decl":{"start":{"line":197,"column":39},"end":{"line":197,"column":40}},"loc":{"start":{"line":197,"column":51},"end":{"line":203,"column":3}},"line":197},"16":{"name":"(anonymous_16)","decl":{"start":{"line":198,"column":47},"end":{"line":198,"column":48}},"loc":{"start":{"line":198,"column":56},"end":{"line":202,"column":5}},"line":198}},"branchMap":{"0":{"loc":{"start":{"line":28,"column":4},"end":{"line":34,"column":5}},"type":"if","locations":[{"start":{"line":28,"column":4},"end":{"line":34,"column":5}},{"start":{},"end":{}}],"line":28},"1":{"loc":{"start":{"line":69,"column":25},"end":{"line":69,"column":62}},"type":"cond-expr","locations":[{"start":{"line":69,"column":45},"end":{"line":69,"column":50}},{"start":{"line":69,"column":53},"end":{"line":69,"column":62}}],"line":69},"2":{"loc":{"start":{"line":70,"column":23},"end":{"line":70,"column":52}},"type":"cond-expr","locations":[{"start":{"line":70,"column":39},"end":{"line":70,"column":42}},{"start":{"line":70,"column":45},"end":{"line":70,"column":52}}],"line":70},"3":{"loc":{"start":{"line":72,"column":4},"end":{"line":80,"column":5}},"type":"if","locations":[{"start":{"line":72,"column":4},"end":{"line":80,"column":5}},{"start":{},"end":{}}],"line":72},"4":{"loc":{"start":{"line":192,"column":22},"end":{"line":192,"column":69}},"type":"cond-expr","locations":[{"start":{"line":192,"column":39},"end":{"line":192,"column":65}},{"start":{"line":192,"column":68},"end":{"line":192,"column":69}}],"line":192},"5":{"loc":{"start":{"line":205,"column":19},"end":{"line":205,"column":67}},"type":"cond-expr","locations":[{"start":{"line":205,"column":36},"end":{"line":205,"column":63}},{"start":{"line":205,"column":66},"end":{"line":205,"column":67}}],"line":205}},"s":{"0":0,"1":0,"2":0,"3":0,"4":0,"5":0,"6":0,"7":0,"8":0,"9":0,"10":0,"11":0,"12":0,"13":0,"14":0,"15":0,"16":0,"17":0,"18":0,"19":0,"20":0,"21":0,"22":0,"23":0,"24":0,"25":0,"26":0,"27":0,"28":0,"29":0,"30":0,"31":0,"32":0,"33":0,"34":0,"35":0,"36":0,"37":0,"38":0,"39":0,"40":0,"41":0,"42":0,"43":0,"44":0,"45":0,"46":0,"47":0,"48":0,"49":0,"50":0,"51":0,"52":0,"53":0,"54":0,"55":0,"56":0,"57":0,"58":0,"59":0,"60":0,"61":0,"62":0,"63":0,"64":0,"65":0,"66":0,"67":0,"68":0,"69":0,"70":0,"71":0,"72":0,"73":0,"74":0,"75":0},"f":{"0":0,"1":0,"2":0,"3":0,"4":0,"5":0,"6":0,"7":0,"8":0,"9":0,"10":0,"11":0,"12":0,"13":0,"14":0,"15":0,"16":0},"b":{"0":[0,0],"1":[0,0],"2":[0,0],"3":[0,0],"4":[0,0],"5":[0,0]}}
}
