TN:
SF:src\App.js
FN:12,(anonymous_0)
FN:13,(anonymous_1)
FN:14,(anonymous_2)
FN:15,(anonymous_3)
FN:16,(anonymous_4)
FN:17,(anonymous_5)
FN:18,(anonymous_6)
FN:19,(anonymous_7)
FN:20,(anonymous_8)
FN:21,(anonymous_9)
FN:22,(anonymous_10)
FN:23,(anonymous_11)
FN:24,(anonymous_12)
FN:25,(anonymous_13)
FN:28,(anonymous_14)
FN:120,App
FN:128,(anonymous_16)
FNF:17
FNH:0
FNDA:0,(anonymous_0)
FNDA:0,(anonymous_1)
FNDA:0,(anonymous_2)
FNDA:0,(anonymous_3)
FNDA:0,(anonymous_4)
FNDA:0,(anonymous_5)
FNDA:0,(anonymous_6)
FNDA:0,(anonymous_7)
FNDA:0,(anonymous_8)
FNDA:0,(anonymous_9)
FNDA:0,(anonymous_10)
FNDA:0,(anonymous_11)
FNDA:0,(anonymous_12)
FNDA:0,(anonymous_13)
FNDA:0,(anonymous_14)
FNDA:0,App
FNDA:0,(anonymous_16)
DA:12,0
DA:13,0
DA:14,0
DA:15,0
DA:16,0
DA:17,0
DA:18,0
DA:19,0
DA:20,0
DA:21,0
DA:22,0
DA:23,0
DA:24,0
DA:25,0
DA:28,0
DA:29,0
DA:36,0
DA:121,0
DA:129,0
DA:131,0
DA:132,0
DA:145,0
DA:146,0
DA:163,0
LF:24
LH:0
BRDA:28,0,0,0
BRDA:131,1,0,0
BRDA:131,1,1,0
BRDA:145,2,0,0
BRDA:145,2,1,0
BRF:5
BRH:0
end_of_record
TN:
SF:src\index.js
FNF:0
FNH:0
DA:6,0
DA:7,0
LF:2
LH:0
BRF:0
BRH:0
end_of_record
TN:
SF:src\components\common\ErrorBoundary.js
FN:6,(anonymous_0)
FN:15,(anonymous_1)
FN:20,(anonymous_2)
FN:31,(anonymous_3)
FN:62,(anonymous_4)
FN:68,(anonymous_5)
FN:77,(anonymous_6)
FN:82,(anonymous_7)
FNF:8
FNH:0
FNDA:0,(anonymous_0)
FNDA:0,(anonymous_1)
FNDA:0,(anonymous_2)
FNDA:0,(anonymous_3)
FNDA:0,(anonymous_4)
FNDA:0,(anonymous_5)
FNDA:0,(anonymous_6)
FNDA:0,(anonymous_7)
DA:7,0
DA:8,0
DA:17,0
DA:22,0
DA:28,0
DA:31,0
DA:33,0
DA:34,0
DA:37,0
DA:38,0
DA:39,0
DA:40,0
DA:41,0
DA:45,0
DA:49,0
DA:63,0
DA:68,0
DA:70,0
DA:77,0
DA:79,0
DA:83,0
DA:85,0
DA:130,0
LF:23
LH:0
BRDA:37,0,0,0
BRDA:37,0,1,0
BRDA:45,1,0,0
BRDA:45,1,1,0
BRDA:83,2,0,0
BRDA:83,2,1,0
BRDA:106,3,0,0
BRDA:106,3,1,0
BRDA:106,3,2,0
BRDA:116,4,0,0
BRDA:116,4,1,0
BRF:11
BRH:0
end_of_record
TN:
SF:src\components\common\ProtectedRoute.js
FN:15,(anonymous_0)
FNF:1
FNH:0
FNDA:0,(anonymous_0)
DA:15,0
DA:22,0
DA:23,0
DA:26,0
DA:27,0
DA:31,0
DA:32,0
DA:36,0
DA:37,0
DA:39,0
DA:41,0
DA:46,0
DA:50,0
DA:51,0
DA:56,0
LF:15
LH:0
BRDA:18,0,0,0
BRDA:19,1,0,0
BRDA:26,2,0,0
BRDA:26,2,1,0
BRDA:26,3,0,0
BRDA:26,3,1,0
BRDA:31,4,0,0
BRDA:31,4,1,0
BRDA:31,5,0,0
BRDA:31,5,1,0
BRDA:36,6,0,0
BRDA:36,6,1,0
BRDA:39,7,0,0
BRDA:39,7,1,0
BRDA:41,8,0,0
BRDA:41,8,1,0
BRDA:50,9,0,0
BRDA:50,9,1,0
BRF:18
BRH:0
end_of_record
TN:
SF:src\components\feature\LoadOptimization\AutoTaskDistribution.jsx
FN:23,(anonymous_0)
FN:33,(anonymous_1)
FN:36,(anonymous_2)
FN:44,getTaskStatus
FN:55,(anonymous_4)
FN:60,(anonymous_5)
FN:95,(anonymous_6)
FN:101,(anonymous_7)
FN:137,(anonymous_8)
FN:152,(anonymous_9)
FN:161,(anonymous_10)
FN:168,(anonymous_11)
FN:175,(anonymous_12)
FNF:13
FNH:0
FNDA:0,(anonymous_0)
FNDA:0,(anonymous_1)
FNDA:0,(anonymous_2)
FNDA:0,getTaskStatus
FNDA:0,(anonymous_4)
FNDA:0,(anonymous_5)
FNDA:0,(anonymous_6)
FNDA:0,(anonymous_7)
FNDA:0,(anonymous_8)
FNDA:0,(anonymous_9)
FNDA:0,(anonymous_10)
FNDA:0,(anonymous_11)
FNDA:0,(anonymous_12)
DA:20,0
DA:21,0
DA:23,0
DA:24,0
DA:25,0
DA:33,0
DA:36,0
DA:45,0
DA:46,0
DA:47,0
DA:49,0
DA:50,0
DA:51,0
DA:55,0
DA:56,0
DA:60,0
DA:61,0
DA:62,0
DA:70,0
DA:95,0
DA:102,0
DA:103,0
DA:105,0
DA:106,0
DA:107,0
DA:108,0
DA:109,0
DA:110,0
DA:111,0
DA:112,0
DA:113,0
DA:116,0
DA:121,0
DA:137,0
DA:152,0
DA:161,0
DA:168,0
DA:175,0
DA:209,0
LF:39
LH:0
BRDA:36,0,0,0
BRDA:36,0,1,0
BRDA:49,1,0,0
BRDA:49,1,1,0
BRDA:50,2,0,0
BRDA:50,2,1,0
BRDA:61,3,0,0
BRDA:61,3,1,0
BRDA:105,4,0,0
BRDA:105,4,1,0
BRDA:108,5,0,0
BRDA:108,5,1,0
BRDA:111,6,0,0
BRDA:111,6,1,0
BRF:14
BRH:0
end_of_record
TN:
SF:src\components\feature\LoadOptimization\LoadGauge.jsx
FN:4,(anonymous_0)
FN:6,(anonymous_1)
FNF:2
FNH:0
FNDA:0,(anonymous_0)
FNDA:0,(anonymous_1)
DA:4,0
DA:6,0
DA:7,0
DA:8,0
DA:9,0
DA:13,0
DA:15,0
LF:7
LH:0
BRDA:4,0,0,0
BRDA:4,1,0,0
BRDA:7,2,0,0
BRDA:7,2,1,0
BRDA:8,3,0,0
BRDA:8,3,1,0
BRF:6
BRH:0
end_of_record
TN:
SF:src\components\feature\LoadOptimization\LoadHeatmap.jsx
FN:4,(anonymous_0)
FNF:1
FNH:0
FNDA:0,(anonymous_0)
DA:4,0
DA:8,0
DA:9,0
DA:16,0
LF:4
LH:0
BRDA:4,0,0,0
BRDA:8,1,0,0
BRDA:8,1,1,0
BRDA:8,2,0,0
BRDA:8,2,1,0
BRDA:26,3,0,0
BRDA:26,3,1,0
BRF:7
BRH:0
end_of_record
TN:
SF:src\components\feature\LoadOptimization\LoadOptimizationRecommendations.jsx
FN:15,(anonymous_0)
FN:17,(anonymous_1)
FN:31,(anonymous_2)
FN:41,(anonymous_3)
FN:48,(anonymous_4)
FN:66,(anonymous_5)
FN:83,(anonymous_6)
FN:102,(anonymous_7)
FNF:8
FNH:0
FNDA:0,(anonymous_0)
FNDA:0,(anonymous_1)
FNDA:0,(anonymous_2)
FNDA:0,(anonymous_3)
FNDA:0,(anonymous_4)
FNDA:0,(anonymous_5)
FNDA:0,(anonymous_6)
FNDA:0,(anonymous_7)
DA:13,0
DA:15,0
DA:17,0
DA:18,0
DA:20,0
DA:22,0
DA:24,0
DA:26,0
DA:31,0
DA:32,0
DA:33,0
DA:34,0
DA:35,0
DA:36,0
DA:41,0
DA:42,0
DA:43,0
DA:48,0
DA:49,0
DA:51,0
DA:53,0
DA:55,0
DA:57,0
DA:61,0
DA:67,0
DA:83,0
DA:103,0
DA:138,0
LF:28
LH:0
BRDA:18,0,0,0
BRDA:18,0,1,0
BRDA:18,0,2,0
BRDA:18,0,3,0
BRDA:32,1,0,0
BRDA:32,1,1,0
BRDA:32,1,2,0
BRDA:32,1,3,0
BRDA:42,2,0,0
BRDA:42,2,1,0
BRDA:49,3,0,0
BRDA:49,3,1,0
BRDA:49,3,2,0
BRDA:49,3,3,0
BRDA:75,4,0,0
BRDA:75,4,1,0
BRDA:76,5,0,0
BRDA:76,5,1,0
BRDA:108,6,0,0
BRDA:108,6,1,0
BRDA:113,7,0,0
BRDA:113,7,1,0
BRDA:118,8,0,0
BRDA:118,8,1,0
BRF:24
BRH:0
end_of_record
TN:
SF:src\components\feature\LoadOptimization\index.js
FNF:0
FNH:0
LF:0
LH:0
BRF:0
BRH:0
end_of_record
TN:
SF:src\components\feature\OptimizationTools\OptimizationHistory.jsx
FN:32,(anonymous_0)
FN:36,(anonymous_1)
FN:41,(anonymous_2)
FN:44,(anonymous_3)
FN:61,(anonymous_4)
FN:89,(anonymous_5)
FN:101,(anonymous_6)
FN:104,(anonymous_7)
FN:142,(anonymous_8)
FNF:9
FNH:0
FNDA:0,(anonymous_0)
FNDA:0,(anonymous_1)
FNDA:0,(anonymous_2)
FNDA:0,(anonymous_3)
FNDA:0,(anonymous_4)
FNDA:0,(anonymous_5)
FNDA:0,(anonymous_6)
FNDA:0,(anonymous_7)
FNDA:0,(anonymous_8)
DA:29,0
DA:30,0
DA:32,0
DA:33,0
DA:34,0
DA:36,0
DA:37,0
DA:38,0
DA:41,0
DA:42,0
DA:45,0
DA:51,0
DA:62,0
DA:89,0
DA:101,0
DA:104,0
DA:143,0
LF:17
LH:0
BRDA:109,0,0,0
BRDA:109,0,1,0
BRF:2
BRH:0
end_of_record
TN:
SF:src\components\feature\OptimizationTools\OptimizationParameters.jsx
FN:17,(anonymous_0)
FN:33,(anonymous_1)
FN:47,(anonymous_2)
FN:61,(anonymous_3)
FN:75,(anonymous_4)
FN:90,(anonymous_5)
FN:106,(anonymous_6)
FN:129,(anonymous_7)
FN:139,(anonymous_8)
FNF:9
FNH:0
FNDA:0,(anonymous_0)
FNDA:0,(anonymous_1)
FNDA:0,(anonymous_2)
FNDA:0,(anonymous_3)
FNDA:0,(anonymous_4)
FNDA:0,(anonymous_5)
FNDA:0,(anonymous_6)
FNDA:0,(anonymous_7)
FNDA:0,(anonymous_8)
DA:14,0
DA:15,0
DA:17,0
DA:18,0
DA:33,0
DA:47,0
DA:61,0
DA:75,0
DA:90,0
DA:107,0
DA:108,0
DA:109,0
DA:129,0
DA:139,0
LF:14
LH:0
BRDA:99,0,0,0
BRDA:99,0,1,0
BRDA:107,1,0,0
BRDA:107,1,1,0
BRF:4
BRH:0
end_of_record
TN:
SF:src\components\feature\OptimizationTools\OptimizationResultChart.jsx
FN:7,(anonymous_0)
FN:11,(anonymous_1)
FN:12,(anonymous_2)
FN:16,(anonymous_3)
FNF:4
FNH:0
FNDA:0,(anonymous_0)
FNDA:0,(anonymous_1)
FNDA:0,(anonymous_2)
FNDA:0,(anonymous_3)
DA:5,0
DA:7,0
DA:11,0
DA:12,0
DA:13,0
DA:14,0
DA:16,0
DA:17,0
DA:18,0
DA:19,0
DA:22,0
DA:23,0
DA:25,0
DA:26,0
DA:28,0
DA:31,0
DA:76,0
LF:17
LH:0
BRDA:13,0,0,0
BRDA:13,0,1,0
BRDA:14,1,0,0
BRDA:14,1,1,0
BRDA:17,2,0,0
BRDA:17,2,1,0
BRDA:18,3,0,0
BRDA:18,3,1,0
BRDA:26,4,0,0
BRDA:26,4,1,0
BRDA:27,5,0,0
BRDA:27,5,1,0
BRDA:28,6,0,0
BRDA:28,6,1,0
BRDA:29,7,0,0
BRDA:29,7,1,0
BRF:16
BRH:0
end_of_record
TN:
SF:src\components\feature\Reports\CostAnalysisChart.js
FN:33,(anonymous_0)
FN:54,(anonymous_1)
FN:67,(anonymous_2)
FN:77,(anonymous_3)
FN:86,(anonymous_4)
FN:92,(anonymous_5)
FN:104,(anonymous_6)
FN:117,(anonymous_7)
FN:120,(anonymous_8)
FN:134,(anonymous_9)
FN:140,(anonymous_10)
FN:158,(anonymous_11)
FN:174,(anonymous_12)
FN:187,(anonymous_13)
FN:192,(anonymous_14)
FN:197,(anonymous_15)
FN:211,(anonymous_16)
FN:213,(anonymous_17)
FN:228,(anonymous_18)
FN:243,(anonymous_19)
FN:245,(anonymous_20)
FN:262,(anonymous_21)
FN:276,(anonymous_22)
FN:280,(anonymous_23)
FN:288,(anonymous_24)
FN:297,(anonymous_25)
FN:310,(anonymous_26)
FN:317,(anonymous_27)
FN:318,(anonymous_28)
FN:323,(anonymous_29)
FN:348,(anonymous_30)
FNF:31
FNH:0
FNDA:0,(anonymous_0)
FNDA:0,(anonymous_1)
FNDA:0,(anonymous_2)
FNDA:0,(anonymous_3)
FNDA:0,(anonymous_4)
FNDA:0,(anonymous_5)
FNDA:0,(anonymous_6)
FNDA:0,(anonymous_7)
FNDA:0,(anonymous_8)
FNDA:0,(anonymous_9)
FNDA:0,(anonymous_10)
FNDA:0,(anonymous_11)
FNDA:0,(anonymous_12)
FNDA:0,(anonymous_13)
FNDA:0,(anonymous_14)
FNDA:0,(anonymous_15)
FNDA:0,(anonymous_16)
FNDA:0,(anonymous_17)
FNDA:0,(anonymous_18)
FNDA:0,(anonymous_19)
FNDA:0,(anonymous_20)
FNDA:0,(anonymous_21)
FNDA:0,(anonymous_22)
FNDA:0,(anonymous_23)
FNDA:0,(anonymous_24)
FNDA:0,(anonymous_25)
FNDA:0,(anonymous_26)
FNDA:0,(anonymous_27)
FNDA:0,(anonymous_28)
FNDA:0,(anonymous_29)
FNDA:0,(anonymous_30)
DA:33,0
DA:51,0
DA:52,0
DA:54,0
DA:55,0
DA:56,0
DA:57,0
DA:60,0
DA:61,0
DA:62,0
DA:67,0
DA:68,0
DA:71,0
DA:73,0
DA:74,0
DA:77,0
DA:78,0
DA:79,0
DA:83,0
DA:86,0
DA:87,0
DA:92,0
DA:94,0
DA:95,0
DA:96,0
DA:97,0
DA:99,0
DA:104,0
DA:105,0
DA:113,0
DA:117,0
DA:118,0
DA:120,0
DA:121,0
DA:134,0
DA:135,0
DA:140,0
DA:142,0
DA:143,0
DA:145,0
DA:158,0
DA:159,0
DA:161,0
DA:163,0
DA:165,0
DA:167,0
DA:169,0
DA:174,0
DA:175,0
DA:183,0
DA:187,0
DA:188,0
DA:192,0
DA:193,0
DA:197,0
DA:198,0
DA:200,0
DA:202,0
DA:211,0
DA:214,0
DA:228,0
DA:229,0
DA:231,0
DA:234,0
DA:243,0
DA:246,0
DA:262,0
DA:263,0
DA:265,0
DA:277,0
DA:281,0
DA:288,0
DA:297,0
DA:298,0
DA:300,0
DA:303,0
DA:304,0
DA:311,0
DA:318,0
DA:320,0
DA:324,0
DA:337,0
DA:349,0
DA:351,0
DA:371,0
LF:85
LH:0
BRDA:34,0,0,0
BRDA:35,1,0,0
BRDA:36,2,0,0
BRDA:37,3,0,0
BRDA:38,4,0,0
BRDA:49,5,0,0
BRDA:55,6,0,0
BRDA:55,6,1,0
BRDA:55,7,0,0
BRDA:55,7,1,0
BRDA:68,8,0,0
BRDA:68,8,1,0
BRDA:68,9,0,0
BRDA:68,9,1,0
BRDA:71,10,0,0
BRDA:71,10,1,0
BRDA:78,11,0,0
BRDA:78,11,1,0
BRDA:78,12,0,0
BRDA:78,12,1,0
BRDA:79,13,0,0
BRDA:79,13,1,0
BRDA:86,14,0,0
BRDA:86,14,1,0
BRDA:94,15,0,0
BRDA:94,15,1,0
BRDA:96,16,0,0
BRDA:96,16,1,0
BRDA:159,17,0,0
BRDA:159,17,1,0
BRDA:159,17,2,0
BRDA:159,17,3,0
BRDA:159,17,4,0
BRDA:183,18,0,0
BRDA:183,18,1,0
BRDA:188,19,0,0
BRDA:188,19,1,0
BRDA:198,20,0,0
BRDA:198,20,1,0
BRDA:198,21,0,0
BRDA:198,21,1,0
BRDA:229,22,0,0
BRDA:229,22,1,0
BRDA:229,23,0,0
BRDA:229,23,1,0
BRDA:263,24,0,0
BRDA:263,24,1,0
BRDA:263,25,0,0
BRDA:263,25,1,0
BRDA:298,26,0,0
BRDA:298,26,1,0
BRDA:298,27,0,0
BRDA:298,27,1,0
BRDA:303,28,0,0
BRDA:303,28,1,0
BRDA:318,29,0,0
BRDA:318,29,1,0
BRDA:324,30,0,0
BRDA:324,30,1,0
BRF:59
BRH:0
end_of_record
TN:
SF:src\components\feature\Reports\LoadTrendsChart.js
FN:25,(anonymous_0)
FN:35,(anonymous_1)
FN:40,(anonymous_2)
FN:47,(anonymous_3)
FN:53,(anonymous_4)
FN:82,(anonymous_5)
FN:94,(anonymous_6)
FNF:7
FNH:0
FNDA:0,(anonymous_0)
FNDA:0,(anonymous_1)
FNDA:0,(anonymous_2)
FNDA:0,(anonymous_3)
FNDA:0,(anonymous_4)
FNDA:0,(anonymous_5)
FNDA:0,(anonymous_6)
DA:25,0
DA:32,0
DA:33,0
DA:35,0
DA:36,0
DA:37,0
DA:40,0
DA:41,0
DA:44,0
DA:45,0
DA:47,0
DA:48,0
DA:53,0
DA:54,0
DA:55,0
DA:57,0
DA:58,0
DA:59,0
DA:61,0
DA:67,0
DA:70,0
DA:82,0
DA:94,0
LF:23
LH:0
BRDA:26,0,0,0
BRDA:27,1,0,0
BRDA:28,2,0,0
BRDA:29,3,0,0
BRDA:30,4,0,0
BRDA:36,5,0,0
BRDA:36,5,1,0
BRDA:36,6,0,0
BRDA:36,6,1,0
BRDA:40,7,0,0
BRDA:40,7,1,0
BRDA:91,8,0,0
BRDA:91,8,1,0
BRDA:103,9,0,0
BRDA:103,9,1,0
BRF:15
BRH:0
end_of_record
TN:
SF:src\components\feature\Reports\ResourceUtilizationChart.js
FN:31,(anonymous_0)
FN:43,(anonymous_1)
FN:53,(anonymous_2)
FN:57,(anonymous_3)
FN:63,(anonymous_4)
FN:72,(anonymous_5)
FN:76,(anonymous_6)
FN:80,(anonymous_7)
FN:81,(anonymous_8)
FN:92,(anonymous_9)
FN:108,(anonymous_10)
FN:111,(anonymous_11)
FN:126,(anonymous_12)
FN:140,(anonymous_13)
FN:143,(anonymous_14)
FN:158,(anonymous_15)
FN:174,(anonymous_16)
FN:190,(anonymous_17)
FN:192,(anonymous_18)
FN:196,(anonymous_19)
FN:204,(anonymous_20)
FN:215,(anonymous_21)
FN:216,(anonymous_22)
FN:221,(anonymous_23)
FN:225,(anonymous_24)
FN:226,(anonymous_25)
FNF:26
FNH:0
FNDA:0,(anonymous_0)
FNDA:0,(anonymous_1)
FNDA:0,(anonymous_2)
FNDA:0,(anonymous_3)
FNDA:0,(anonymous_4)
FNDA:0,(anonymous_5)
FNDA:0,(anonymous_6)
FNDA:0,(anonymous_7)
FNDA:0,(anonymous_8)
FNDA:0,(anonymous_9)
FNDA:0,(anonymous_10)
FNDA:0,(anonymous_11)
FNDA:0,(anonymous_12)
FNDA:0,(anonymous_13)
FNDA:0,(anonymous_14)
FNDA:0,(anonymous_15)
FNDA:0,(anonymous_16)
FNDA:0,(anonymous_17)
FNDA:0,(anonymous_18)
FNDA:0,(anonymous_19)
FNDA:0,(anonymous_20)
FNDA:0,(anonymous_21)
FNDA:0,(anonymous_22)
FNDA:0,(anonymous_23)
FNDA:0,(anonymous_24)
FNDA:0,(anonymous_25)
DA:31,0
DA:41,0
DA:43,0
DA:44,0
DA:45,0
DA:48,0
DA:53,0
DA:54,0
DA:55,0
DA:57,0
DA:58,0
DA:63,0
DA:64,0
DA:67,0
DA:72,0
DA:73,0
DA:76,0
DA:77,0
DA:80,0
DA:81,0
DA:82,0
DA:84,0
DA:92,0
DA:93,0
DA:95,0
DA:97,0
DA:99,0
DA:101,0
DA:103,0
DA:108,0
DA:109,0
DA:111,0
DA:112,0
DA:115,0
DA:127,0
DA:140,0
DA:141,0
DA:143,0
DA:144,0
DA:147,0
DA:159,0
DA:174,0
DA:175,0
DA:177,0
DA:179,0
DA:190,0
DA:193,0
DA:196,0
DA:204,0
DA:205,0
DA:208,0
DA:215,0
DA:216,0
DA:222,0
DA:225,0
DA:226,0
DA:236,0
LF:57
LH:0
BRDA:32,0,0,0
BRDA:33,1,0,0
BRDA:34,2,0,0
BRDA:35,3,0,0
BRDA:36,4,0,0
BRDA:44,5,0,0
BRDA:44,5,1,0
BRDA:44,6,0,0
BRDA:44,6,1,0
BRDA:73,7,0,0
BRDA:73,7,1,0
BRDA:73,8,0,0
BRDA:73,8,1,0
BRDA:77,9,0,0
BRDA:77,9,1,0
BRDA:81,10,0,0
BRDA:81,10,1,0
BRDA:93,11,0,0
BRDA:93,11,1,0
BRDA:93,11,2,0
BRDA:93,11,3,0
BRDA:93,11,4,0
BRDA:109,12,0,0
BRDA:109,12,1,0
BRDA:109,13,0,0
BRDA:109,13,1,0
BRDA:112,14,0,0
BRDA:112,14,1,0
BRDA:141,15,0,0
BRDA:141,15,1,0
BRDA:141,16,0,0
BRDA:141,16,1,0
BRDA:144,17,0,0
BRDA:144,17,1,0
BRDA:177,18,0,0
BRDA:177,18,1,0
BRDA:177,19,0,0
BRDA:177,19,1,0
BRDA:205,20,0,0
BRDA:205,20,1,0
BRDA:205,21,0,0
BRDA:205,21,1,0
BRDA:215,22,0,0
BRDA:215,22,1,0
BRDA:225,23,0,0
BRDA:225,23,1,0
BRF:46
BRH:0
end_of_record
TN:
SF:src\components\feature\Reports\TaskCompletionChart.js
FN:28,(anonymous_0)
FN:47,(anonymous_1)
FN:60,(anonymous_2)
FN:66,(anonymous_3)
FN:77,(anonymous_4)
FN:83,(anonymous_5)
FN:84,(anonymous_6)
FN:98,(anonymous_7)
FN:104,(anonymous_8)
FN:119,(anonymous_9)
FN:125,(anonymous_10)
FN:141,(anonymous_11)
FN:153,(anonymous_12)
FN:158,(anonymous_13)
FN:172,(anonymous_14)
FN:190,(anonymous_15)
FN:205,(anonymous_16)
FN:221,(anonymous_17)
FN:223,(anonymous_18)
FN:238,(anonymous_19)
FN:244,(anonymous_20)
FN:277,(anonymous_21)
FNF:22
FNH:0
FNDA:0,(anonymous_0)
FNDA:0,(anonymous_1)
FNDA:0,(anonymous_2)
FNDA:0,(anonymous_3)
FNDA:0,(anonymous_4)
FNDA:0,(anonymous_5)
FNDA:0,(anonymous_6)
FNDA:0,(anonymous_7)
FNDA:0,(anonymous_8)
FNDA:0,(anonymous_9)
FNDA:0,(anonymous_10)
FNDA:0,(anonymous_11)
FNDA:0,(anonymous_12)
FNDA:0,(anonymous_13)
FNDA:0,(anonymous_14)
FNDA:0,(anonymous_15)
FNDA:0,(anonymous_16)
FNDA:0,(anonymous_17)
FNDA:0,(anonymous_18)
FNDA:0,(anonymous_19)
FNDA:0,(anonymous_20)
FNDA:0,(anonymous_21)
DA:28,0
DA:44,0
DA:45,0
DA:47,0
DA:48,0
DA:49,0
DA:50,0
DA:53,0
DA:54,0
DA:55,0
DA:60,0
DA:61,0
DA:63,0
DA:64,0
DA:66,0
DA:67,0
DA:68,0
DA:70,0
DA:73,0
DA:77,0
DA:78,0
DA:79,0
DA:81,0
DA:83,0
DA:84,0
DA:85,0
DA:94,0
DA:98,0
DA:99,0
DA:102,0
DA:104,0
DA:105,0
DA:106,0
DA:112,0
DA:115,0
DA:119,0
DA:120,0
DA:123,0
DA:125,0
DA:126,0
DA:127,0
DA:134,0
DA:137,0
DA:141,0
DA:142,0
DA:149,0
DA:153,0
DA:154,0
DA:158,0
DA:159,0
DA:161,0
DA:163,0
DA:165,0
DA:167,0
DA:172,0
DA:173,0
DA:175,0
DA:177,0
DA:179,0
DA:191,0
DA:205,0
DA:206,0
DA:208,0
DA:210,0
DA:221,0
DA:224,0
DA:238,0
DA:239,0
DA:242,0
DA:244,0
DA:245,0
DA:246,0
DA:256,0
DA:257,0
DA:260,0
DA:262,0
DA:278,0
DA:296,0
LF:78
LH:0
BRDA:29,0,0,0
BRDA:30,1,0,0
BRDA:31,2,0,0
BRDA:32,3,0,0
BRDA:33,4,0,0
BRDA:48,5,0,0
BRDA:48,5,1,0
BRDA:48,6,0,0
BRDA:48,6,1,0
BRDA:61,7,0,0
BRDA:61,7,1,0
BRDA:61,8,0,0
BRDA:61,8,1,0
BRDA:67,9,0,0
BRDA:67,9,1,0
BRDA:68,10,0,0
BRDA:68,10,1,0
BRDA:70,11,0,0
BRDA:70,11,1,0
BRDA:99,12,0,0
BRDA:99,12,1,0
BRDA:99,13,0,0
BRDA:99,13,1,0
BRDA:105,14,0,0
BRDA:105,14,1,0
BRDA:120,15,0,0
BRDA:120,15,1,0
BRDA:120,16,0,0
BRDA:120,16,1,0
BRDA:126,17,0,0
BRDA:126,17,1,0
BRDA:149,18,0,0
BRDA:149,18,1,0
BRDA:154,19,0,0
BRDA:154,19,1,0
BRDA:159,20,0,0
BRDA:159,20,1,0
BRDA:159,20,2,0
BRDA:159,20,3,0
BRDA:175,21,0,0
BRDA:175,21,1,0
BRDA:175,22,0,0
BRDA:175,22,1,0
BRDA:208,23,0,0
BRDA:208,23,1,0
BRDA:208,24,0,0
BRDA:208,24,1,0
BRDA:239,25,0,0
BRDA:239,25,1,0
BRDA:239,26,0,0
BRDA:239,26,1,0
BRDA:245,27,0,0
BRDA:245,27,1,0
BRF:53
BRH:0
end_of_record
TN:
SF:src\components\feature\Reports\index.js
FNF:0
FNH:0
LF:0
LH:0
BRF:0
BRH:0
end_of_record
TN:
SF:src\components\feature\ResourceManagement\ResourceAllocation.jsx
FN:9,(anonymous_0)
FN:16,(anonymous_1)
FN:26,(anonymous_2)
FN:27,(anonymous_3)
FN:45,(anonymous_4)
FN:71,(anonymous_5)
FN:76,(anonymous_6)
FN:86,(anonymous_7)
FN:99,(anonymous_8)
FN:103,(anonymous_9)
FN:114,(anonymous_10)
FN:131,(anonymous_11)
FN:152,(anonymous_12)
FN:154,(anonymous_13)
FN:161,(anonymous_14)
FN:198,(anonymous_15)
FN:204,(anonymous_16)
FN:210,(anonymous_17)
FN:213,(anonymous_18)
FNF:19
FNH:0
FNDA:0,(anonymous_0)
FNDA:0,(anonymous_1)
FNDA:0,(anonymous_2)
FNDA:0,(anonymous_3)
FNDA:0,(anonymous_4)
FNDA:0,(anonymous_5)
FNDA:0,(anonymous_6)
FNDA:0,(anonymous_7)
FNDA:0,(anonymous_8)
FNDA:0,(anonymous_9)
FNDA:0,(anonymous_10)
FNDA:0,(anonymous_11)
FNDA:0,(anonymous_12)
FNDA:0,(anonymous_13)
FNDA:0,(anonymous_14)
FNDA:0,(anonymous_15)
FNDA:0,(anonymous_16)
FNDA:0,(anonymous_17)
FNDA:0,(anonymous_18)
DA:9,0
DA:10,0
DA:11,0
DA:12,0
DA:13,0
DA:14,0
DA:16,0
DA:17,0
DA:18,0
DA:19,0
DA:26,0
DA:27,0
DA:28,0
DA:30,0
DA:39,0
DA:45,0
DA:46,0
DA:53,0
DA:54,0
DA:55,0
DA:61,0
DA:71,0
DA:77,0
DA:87,0
DA:100,0
DA:103,0
DA:114,0
DA:115,0
DA:116,0
DA:120,0
DA:131,0
DA:152,0
DA:154,0
DA:163,0
DA:198,0
DA:204,0
DA:210,0
DA:213,0
LF:38
LH:0
BRDA:17,0,0,0
BRDA:17,0,1,0
BRDA:17,1,0,0
BRDA:17,1,1,0
BRDA:17,1,2,0
BRDA:79,2,0,0
BRDA:79,2,1,0
BRDA:87,3,0,0
BRDA:87,3,1,0
BRDA:89,4,0,0
BRDA:89,4,1,0
BRDA:101,5,0,0
BRDA:101,5,1,0
BRDA:115,6,0,0
BRDA:115,6,1,0
BRDA:115,7,0,0
BRDA:115,7,1,0
BRDA:131,8,0,0
BRDA:131,8,1,0
BRDA:157,9,0,0
BRDA:157,9,1,0
BRDA:172,10,0,0
BRDA:172,10,1,0
BRDA:179,11,0,0
BRDA:179,11,1,0
BRDA:183,12,0,0
BRDA:183,12,1,0
BRF:27
BRH:0
end_of_record
TN:
SF:src\components\feature\ResourceManagement\ResourceCalendar.jsx
FN:8,(anonymous_0)
FN:14,(anonymous_1)
FN:16,(anonymous_2)
FN:28,(anonymous_3)
FN:37,(anonymous_4)
FN:39,(anonymous_5)
FN:53,(anonymous_6)
FN:68,(anonymous_7)
FN:89,(anonymous_8)
FN:95,(anonymous_9)
FN:96,(anonymous_10)
FNF:11
FNH:0
FNDA:0,(anonymous_0)
FNDA:0,(anonymous_1)
FNDA:0,(anonymous_2)
FNDA:0,(anonymous_3)
FNDA:0,(anonymous_4)
FNDA:0,(anonymous_5)
FNDA:0,(anonymous_6)
FNDA:0,(anonymous_7)
FNDA:0,(anonymous_8)
FNDA:0,(anonymous_9)
FNDA:0,(anonymous_10)
DA:6,0
DA:8,0
DA:9,0
DA:10,0
DA:11,0
DA:14,0
DA:15,0
DA:16,0
DA:17,0
DA:18,0
DA:19,0
DA:22,0
DA:23,0
DA:27,0
DA:28,0
DA:29,0
DA:30,0
DA:32,0
DA:35,0
DA:38,0
DA:39,0
DA:41,0
DA:44,0
DA:45,0
DA:46,0
DA:47,0
DA:49,0
DA:54,0
DA:55,0
DA:56,0
DA:68,0
DA:69,0
DA:70,0
DA:72,0
DA:73,0
DA:77,0
DA:89,0
DA:96,0
DA:98,0
LF:39
LH:0
BRDA:22,0,0,0
BRDA:22,0,1,0
BRDA:29,1,0,0
BRDA:29,1,1,0
BRDA:41,2,0,0
BRDA:41,2,1,0
BRDA:45,3,0,0
BRDA:45,3,1,0
BRDA:46,4,0,0
BRDA:46,4,1,0
BRDA:47,5,0,0
BRDA:47,5,1,0
BRDA:72,6,0,0
BRDA:72,6,1,0
BRDA:105,7,0,0
BRDA:105,7,1,0
BRF:16
BRH:0
end_of_record
TN:
SF:src\components\feature\ResourceManagement\ResourceFilterPanel.jsx
FN:8,(anonymous_0)
FN:10,(anonymous_1)
FN:31,(anonymous_2)
FN:35,(anonymous_3)
FN:51,(anonymous_4)
FN:55,(anonymous_5)
FN:70,(anonymous_6)
FN:71,(anonymous_7)
FN:89,(anonymous_8)
FN:106,(anonymous_9)
FN:112,(anonymous_10)
FN:117,(anonymous_11)
FN:122,(anonymous_12)
FN:127,(anonymous_13)
FNF:14
FNH:0
FNDA:0,(anonymous_0)
FNDA:0,(anonymous_1)
FNDA:0,(anonymous_2)
FNDA:0,(anonymous_3)
FNDA:0,(anonymous_4)
FNDA:0,(anonymous_5)
FNDA:0,(anonymous_6)
FNDA:0,(anonymous_7)
FNDA:0,(anonymous_8)
FNDA:0,(anonymous_9)
FNDA:0,(anonymous_10)
FNDA:0,(anonymous_11)
FNDA:0,(anonymous_12)
FNDA:0,(anonymous_13)
DA:6,0
DA:8,0
DA:10,0
DA:11,0
DA:19,0
DA:31,0
DA:36,0
DA:51,0
DA:56,0
DA:70,0
DA:71,0
DA:89,0
DA:107,0
DA:112,0
DA:117,0
DA:122,0
DA:127,0
LF:17
LH:0
BRDA:106,0,0,0
BRDA:106,0,1,0
BRDA:107,1,0,0
BRDA:107,1,1,0
BRDA:111,2,0,0
BRDA:111,2,1,0
BRDA:116,3,0,0
BRDA:116,3,1,0
BRDA:121,4,0,0
BRDA:121,4,1,0
BRDA:126,5,0,0
BRDA:126,5,1,0
BRDA:126,5,2,0
BRF:13
BRH:0
end_of_record
TN:
SF:src\components\feature\ResourceManagement\ResourceLoadChart.jsx
FN:9,(anonymous_0)
FN:19,(anonymous_1)
FN:42,(anonymous_2)
FNF:3
FNH:0
FNDA:0,(anonymous_0)
FNDA:0,(anonymous_1)
FNDA:0,(anonymous_2)
DA:7,0
DA:9,0
DA:19,0
DA:20,0
DA:21,0
DA:24,0
DA:25,0
DA:29,0
DA:43,0
DA:70,0
LF:10
LH:0
BRDA:12,0,0,0
BRDA:13,1,0,0
BRDA:20,2,0,0
BRDA:20,2,1,0
BRDA:24,3,0,0
BRDA:24,3,1,0
BRDA:24,4,0,0
BRDA:24,4,1,0
BRDA:35,5,0,0
BRDA:35,5,1,0
BRDA:36,6,0,0
BRDA:36,6,1,0
BRDA:37,7,0,0
BRDA:37,7,1,0
BRDA:49,8,0,0
BRDA:49,8,1,0
BRDA:51,9,0,0
BRDA:51,9,1,0
BRDA:52,10,0,0
BRDA:52,10,1,0
BRDA:53,11,0,0
BRDA:53,11,1,0
BRDA:59,12,0,0
BRDA:59,12,1,0
BRDA:60,13,0,0
BRDA:60,13,1,0
BRF:26
BRH:0
end_of_record
TN:
SF:src\components\feature\TaskManagement\GanttChart.jsx
FN:9,(anonymous_0)
FN:13,(anonymous_1)
FN:15,(anonymous_2)
FN:36,(anonymous_3)
FN:37,(anonymous_4)
FN:45,(anonymous_5)
FN:67,(anonymous_6)
FN:69,(anonymous_7)
FN:70,(anonymous_8)
FN:123,(anonymous_9)
FN:157,(anonymous_10)
FN:165,(anonymous_11)
FNF:12
FNH:0
FNDA:0,(anonymous_0)
FNDA:0,(anonymous_1)
FNDA:0,(anonymous_2)
FNDA:0,(anonymous_3)
FNDA:0,(anonymous_4)
FNDA:0,(anonymous_5)
FNDA:0,(anonymous_6)
FNDA:0,(anonymous_7)
FNDA:0,(anonymous_8)
FNDA:0,(anonymous_9)
FNDA:0,(anonymous_10)
FNDA:0,(anonymous_11)
DA:9,0
DA:10,0
DA:11,0
DA:13,0
DA:15,0
DA:23,0
DA:26,0
DA:27,0
DA:36,0
DA:37,0
DA:40,0
DA:46,0
DA:50,0
DA:52,0
DA:59,0
DA:67,0
DA:69,0
DA:70,0
DA:73,0
DA:74,0
DA:75,0
DA:79,0
DA:85,0
DA:86,0
DA:88,0
DA:89,0
DA:92,0
DA:93,0
DA:95,0
DA:96,0
DA:97,0
DA:99,0
DA:100,0
DA:104,0
DA:105,0
DA:108,0
DA:124,0
DA:157,0
DA:159,0
DA:165,0
DA:167,0
LF:41
LH:0
BRDA:20,0,0,0
BRDA:20,0,1,0
BRDA:50,1,0,0
BRDA:50,1,1,0
BRDA:73,2,0,0
BRDA:73,2,1,0
BRDA:73,3,0,0
BRDA:73,3,1,0
BRDA:81,4,0,0
BRDA:81,4,1,0
BRDA:88,5,0,0
BRDA:88,5,1,0
BRF:12
BRH:0
end_of_record
TN:
SF:src\components\feature\TaskManagement\ProjectGanttChart.jsx
FN:15,(anonymous_0)
FN:26,(anonymous_1)
FN:33,(anonymous_2)
FN:52,(anonymous_3)
FN:54,(anonymous_4)
FN:55,(anonymous_5)
FN:69,(anonymous_6)
FN:70,(anonymous_7)
FN:71,(anonymous_8)
FN:72,(anonymous_9)
FN:89,(anonymous_10)
FN:95,(anonymous_11)
FN:103,(anonymous_12)
FN:105,(anonymous_13)
FN:107,(anonymous_14)
FN:137,(anonymous_15)
FN:148,(anonymous_16)
FN:175,(anonymous_17)
FN:181,(anonymous_18)
FN:214,(anonymous_19)
FN:215,(anonymous_20)
FNF:21
FNH:0
FNDA:0,(anonymous_0)
FNDA:0,(anonymous_1)
FNDA:0,(anonymous_2)
FNDA:0,(anonymous_3)
FNDA:0,(anonymous_4)
FNDA:0,(anonymous_5)
FNDA:0,(anonymous_6)
FNDA:0,(anonymous_7)
FNDA:0,(anonymous_8)
FNDA:0,(anonymous_9)
FNDA:0,(anonymous_10)
FNDA:0,(anonymous_11)
FNDA:0,(anonymous_12)
FNDA:0,(anonymous_13)
FNDA:0,(anonymous_14)
FNDA:0,(anonymous_15)
FNDA:0,(anonymous_16)
FNDA:0,(anonymous_17)
FNDA:0,(anonymous_18)
FNDA:0,(anonymous_19)
FNDA:0,(anonymous_20)
DA:15,0
DA:21,0
DA:22,0
DA:23,0
DA:26,0
DA:27,0
DA:28,0
DA:29,0
DA:33,0
DA:39,0
DA:40,0
DA:43,0
DA:44,0
DA:47,0
DA:51,0
DA:52,0
DA:54,0
DA:55,0
DA:57,0
DA:58,0
DA:63,0
DA:66,0
DA:69,0
DA:70,0
DA:71,0
DA:72,0
DA:75,0
DA:84,0
DA:85,0
DA:89,0
DA:90,0
DA:91,0
DA:95,0
DA:96,0
DA:97,0
DA:98,0
DA:99,0
DA:103,0
DA:104,0
DA:105,0
DA:106,0
DA:107,0
DA:110,0
DA:111,0
DA:112,0
DA:113,0
DA:115,0
DA:118,0
DA:119,0
DA:126,0
DA:127,0
DA:130,0
DA:138,0
DA:149,0
DA:176,0
DA:182,0
DA:215,0
DA:216,0
LF:58
LH:0
BRDA:16,0,0,0
BRDA:17,1,0,0
BRDA:18,2,0,0
BRDA:19,3,0,0
BRDA:27,4,0,0
BRDA:27,4,1,0
BRDA:47,5,0,0
BRDA:47,5,1,0
BRDA:48,6,0,0
BRDA:48,6,1,0
BRDA:49,7,0,0
BRDA:49,7,1,0
BRDA:51,8,0,0
BRDA:51,8,1,0
BRDA:53,9,0,0
BRDA:53,9,1,0
BRDA:71,10,0,0
BRDA:71,10,1,0
BRDA:91,11,0,0
BRDA:91,11,1,0
BRDA:91,12,0,0
BRDA:91,12,1,0
BRDA:96,13,0,0
BRDA:96,13,1,0
BRDA:97,14,0,0
BRDA:97,14,1,0
BRDA:98,15,0,0
BRDA:98,15,1,0
BRDA:118,16,0,0
BRDA:118,16,1,0
BRDA:126,17,0,0
BRDA:126,17,1,0
BRDA:157,18,0,0
BRDA:157,18,1,0
BRDA:165,19,0,0
BRDA:165,19,1,0
BRDA:187,20,0,0
BRDA:187,20,1,0
BRDA:212,21,0,0
BRDA:212,21,1,0
BRF:40
BRH:0
end_of_record
TN:
SF:src\components\feature\TaskManagement\TaskDependencyGraph.jsx
FN:5,(anonymous_0)
FN:8,(anonymous_1)
FN:26,(anonymous_2)
FN:42,(anonymous_3)
FN:45,(anonymous_4)
FN:47,(anonymous_5)
FN:48,(anonymous_6)
FN:88,(anonymous_7)
FNF:8
FNH:0
FNDA:0,(anonymous_0)
FNDA:0,(anonymous_1)
FNDA:0,(anonymous_2)
FNDA:0,(anonymous_3)
FNDA:0,(anonymous_4)
FNDA:0,(anonymous_5)
FNDA:0,(anonymous_6)
FNDA:0,(anonymous_7)
DA:5,0
DA:6,0
DA:8,0
DA:9,0
DA:10,0
DA:12,0
DA:13,0
DA:14,0
DA:17,0
DA:20,0
DA:21,0
DA:22,0
DA:23,0
DA:24,0
DA:26,0
DA:27,0
DA:28,0
DA:30,0
DA:39,0
DA:40,0
DA:42,0
DA:43,0
DA:45,0
DA:47,0
DA:48,0
DA:49,0
DA:52,0
DA:53,0
DA:54,0
DA:55,0
DA:56,0
DA:59,0
DA:60,0
DA:61,0
DA:62,0
DA:65,0
DA:66,0
DA:68,0
DA:69,0
DA:71,0
DA:72,0
DA:73,0
DA:77,0
DA:81,0
DA:82,0
DA:83,0
DA:88,0
DA:90,0
DA:91,0
DA:94,0
DA:96,0
DA:97,0
DA:99,0
DA:100,0
DA:102,0
DA:105,0
DA:108,0
DA:109,0
DA:110,0
DA:111,0
DA:112,0
DA:115,0
DA:116,0
DA:117,0
DA:122,0
LF:65
LH:0
BRDA:10,0,0,0
BRDA:10,0,1,0
BRDA:10,1,0,0
BRDA:10,1,1,0
BRDA:43,2,0,0
BRDA:43,2,1,0
BRDA:43,3,0,0
BRDA:43,3,1,0
BRDA:49,4,0,0
BRDA:49,4,1,0
BRDA:49,5,0,0
BRDA:49,5,1,0
BRDA:94,6,0,0
BRDA:94,6,1,0
BRDA:94,6,2,0
BRDA:122,7,0,0
BRDA:122,7,1,0
BRF:17
BRH:0
end_of_record
TN:
SF:src\components\feature\TaskManagement\TaskGanttChart.jsx
FN:4,(anonymous_0)
FN:11,(anonymous_1)
FN:17,(anonymous_2)
FNF:3
FNH:0
FNDA:0,(anonymous_0)
FNDA:0,(anonymous_1)
FNDA:0,(anonymous_2)
DA:4,0
DA:5,0
DA:12,0
DA:17,0
LF:4
LH:0
BRDA:11,0,0,0
BRDA:11,0,1,0
BRDA:17,1,0,0
BRDA:17,1,1,0
BRDA:17,1,2,0
BRF:5
BRH:0
end_of_record
TN:
SF:src\components\feature\TaskManagement\TaskKanbanBoard.jsx
FN:4,(anonymous_0)
FN:13,(anonymous_1)
FN:39,(anonymous_2)
FN:40,(anonymous_3)
FN:72,(anonymous_4)
FN:97,(anonymous_5)
FN:101,(anonymous_6)
FN:102,(anonymous_7)
FNF:8
FNH:0
FNDA:0,(anonymous_0)
FNDA:0,(anonymous_1)
FNDA:0,(anonymous_2)
FNDA:0,(anonymous_3)
FNDA:0,(anonymous_4)
FNDA:0,(anonymous_5)
FNDA:0,(anonymous_6)
FNDA:0,(anonymous_7)
DA:4,0
DA:6,0
DA:13,0
DA:14,0
DA:15,0
DA:17,0
DA:19,0
DA:20,0
DA:21,0
DA:23,0
DA:24,0
DA:25,0
DA:27,0
DA:28,0
DA:29,0
DA:31,0
DA:32,0
DA:35,0
DA:39,0
DA:40,0
DA:42,0
DA:69,0
DA:73,0
DA:97,0
DA:101,0
DA:102,0
LF:26
LH:0
BRDA:17,0,0,0
BRDA:17,0,1,0
BRDA:17,0,2,0
BRDA:17,0,3,0
BRDA:40,1,0,0
BRDA:40,1,1,0
BRDA:60,2,0,0
BRDA:60,2,1,0
BRDA:62,3,0,0
BRDA:62,3,1,0
BRDA:97,4,0,0
BRDA:97,4,1,0
BRDA:100,5,0,0
BRDA:100,5,1,0
BRF:14
BRH:0
end_of_record
TN:
SF:src\components\feedback\FeedbackModal.js
FN:34,(anonymous_0)
FN:93,(anonymous_1)
FN:103,(anonymous_2)
FN:150,(anonymous_3)
FN:157,(anonymous_4)
FN:164,(anonymous_5)
FN:168,(anonymous_6)
FN:172,(anonymous_7)
FN:196,(anonymous_8)
FN:224,(anonymous_9)
FN:261,(anonymous_10)
FN:343,(anonymous_11)
FNF:12
FNH:0
FNDA:0,(anonymous_0)
FNDA:0,(anonymous_1)
FNDA:0,(anonymous_2)
FNDA:0,(anonymous_3)
FNDA:0,(anonymous_4)
FNDA:0,(anonymous_5)
FNDA:0,(anonymous_6)
FNDA:0,(anonymous_7)
FNDA:0,(anonymous_8)
FNDA:0,(anonymous_9)
FNDA:0,(anonymous_10)
FNDA:0,(anonymous_11)
DA:30,0
DA:31,0
DA:32,0
DA:34,0
DA:35,0
DA:36,0
DA:37,0
DA:38,0
DA:39,0
DA:41,0
DA:42,0
DA:45,0
DA:77,0
DA:86,0
DA:93,0
DA:94,0
DA:95,0
DA:96,0
DA:97,0
DA:98,0
DA:103,0
DA:104,0
DA:106,0
DA:107,0
DA:128,0
DA:130,0
DA:136,0
DA:138,0
DA:139,0
DA:145,0
DA:150,0
DA:151,0
DA:152,0
DA:157,0
DA:158,0
DA:159,0
DA:164,0
DA:165,0
DA:169,0
DA:172,0
DA:196,0
DA:197,0
DA:224,0
DA:225,0
DA:262,0
DA:299,0
DA:301,0
DA:343,0
LF:48
LH:0
BRDA:94,0,0,0
BRDA:94,0,1,0
BRDA:151,1,0,0
BRDA:151,1,1,0
BRDA:158,2,0,0
BRDA:158,2,1,0
BRDA:171,3,0,0
BRDA:171,3,1,0
BRDA:206,4,0,0
BRDA:206,4,1,0
BRDA:244,5,0,0
BRDA:244,5,1,0
BRDA:246,6,0,0
BRDA:246,6,1,0
BRDA:248,7,0,0
BRDA:248,7,1,0
BRDA:272,8,0,0
BRDA:272,8,1,0
BRDA:325,9,0,0
BRDA:325,9,1,0
BRDA:330,10,0,0
BRDA:330,10,1,0
BRDA:334,11,0,0
BRDA:334,11,1,0
BRDA:354,12,0,0
BRDA:354,12,1,0
BRDA:355,13,0,0
BRDA:355,13,1,0
BRDA:356,14,0,0
BRDA:356,14,1,0
BRF:30
BRH:0
end_of_record
TN:
SF:src\components\layout\MainHeader.jsx
FN:16,(anonymous_0)
FN:61,(anonymous_1)
FN:72,(anonymous_2)
FNF:3
FNH:0
FNDA:0,(anonymous_0)
FNDA:0,(anonymous_1)
FNDA:0,(anonymous_2)
DA:13,0
DA:14,0
DA:16,0
DA:17,0
DA:20,0
DA:50,0
DA:62,0
DA:63,0
DA:72,0
DA:100,0
LF:10
LH:0
BRDA:76,0,0,0
BRDA:76,0,1,0
BRDA:86,1,0,0
BRDA:86,1,1,0
BRF:4
BRH:0
end_of_record
TN:
SF:src\components\layout\MainSidebar.jsx
FN:19,(anonymous_0)
FN:23,(anonymous_1)
FN:25,(anonymous_2)
FN:38,(anonymous_3)
FN:44,(anonymous_4)
FN:50,(anonymous_5)
FN:56,(anonymous_6)
FN:62,(anonymous_7)
FN:68,(anonymous_8)
FN:74,(anonymous_9)
FNF:10
FNH:0
FNDA:0,(anonymous_0)
FNDA:0,(anonymous_1)
FNDA:0,(anonymous_2)
FNDA:0,(anonymous_3)
FNDA:0,(anonymous_4)
FNDA:0,(anonymous_5)
FNDA:0,(anonymous_6)
FNDA:0,(anonymous_7)
FNDA:0,(anonymous_8)
FNDA:0,(anonymous_9)
DA:17,0
DA:19,0
DA:20,0
DA:21,0
DA:22,0
DA:23,0
DA:25,0
DA:26,0
DA:30,0
DA:33,0
DA:38,0
DA:44,0
DA:50,0
DA:56,0
DA:62,0
DA:68,0
DA:74,0
DA:78,0
LF:18
LH:0
BRDA:30,0,0,0
BRDA:30,0,1,0
BRDA:95,1,0,0
BRDA:95,1,1,0
BRDA:117,2,0,0
BRDA:117,2,1,0
BRDA:121,3,0,0
BRDA:121,3,1,0
BRF:8
BRH:0
end_of_record
TN:
SF:src\components\modals\SessionWarningModal.js
FN:5,(anonymous_0)
FN:14,(anonymous_1)
FN:19,(anonymous_2)
FN:20,(anonymous_3)
FN:30,(anonymous_4)
FN:33,(anonymous_5)
FN:39,(anonymous_6)
FNF:7
FNH:0
FNDA:0,(anonymous_0)
FNDA:0,(anonymous_1)
FNDA:0,(anonymous_2)
FNDA:0,(anonymous_3)
FNDA:0,(anonymous_4)
FNDA:0,(anonymous_5)
FNDA:0,(anonymous_6)
DA:5,0
DA:11,0
DA:12,0
DA:14,0
DA:15,0
DA:17,0
DA:19,0
DA:20,0
DA:21,0
DA:22,0
DA:23,0
DA:24,0
DA:26,0
DA:30,0
DA:33,0
DA:34,0
DA:35,0
DA:36,0
DA:39,0
DA:40,0
DA:41,0
DA:44,0
DA:46,0
LF:23
LH:0
BRDA:9,0,0,0
BRDA:15,1,0,0
BRDA:15,1,1,0
BRDA:21,2,0,0
BRDA:21,2,1,0
BRDA:44,3,0,0
BRDA:44,3,1,0
BRF:7
BRH:0
end_of_record
TN:
SF:src\components\optimized\OptimizedUserManagement.js
FN:11,(anonymous_0)
FN:38,(anonymous_1)
FN:49,(anonymous_2)
FN:65,(anonymous_3)
FN:72,(anonymous_4)
FN:84,(anonymous_5)
FN:101,(anonymous_6)
FN:102,(anonymous_7)
FN:104,(anonymous_8)
FN:105,(anonymous_9)
FN:123,(anonymous_10)
FN:133,(anonymous_11)
FN:148,(anonymous_12)
FN:149,(anonymous_13)
FN:164,(anonymous_14)
FN:171,(anonymous_15)
FN:177,(anonymous_16)
FN:185,(anonymous_17)
FN:191,(anonymous_18)
FN:191,(anonymous_19)
FN:207,(anonymous_20)
FN:212,(anonymous_21)
FN:218,(anonymous_22)
FN:224,(anonymous_23)
FN:236,(anonymous_24)
FN:245,(anonymous_25)
FN:251,(anonymous_26)
FN:262,(anonymous_27)
FN:263,(anonymous_28)
FN:330,(anonymous_29)
FN:334,(anonymous_30)
FNF:31
FNH:0
FNDA:0,(anonymous_0)
FNDA:0,(anonymous_1)
FNDA:0,(anonymous_2)
FNDA:0,(anonymous_3)
FNDA:0,(anonymous_4)
FNDA:0,(anonymous_5)
FNDA:0,(anonymous_6)
FNDA:0,(anonymous_7)
FNDA:0,(anonymous_8)
FNDA:0,(anonymous_9)
FNDA:0,(anonymous_10)
FNDA:0,(anonymous_11)
FNDA:0,(anonymous_12)
FNDA:0,(anonymous_13)
FNDA:0,(anonymous_14)
FNDA:0,(anonymous_15)
FNDA:0,(anonymous_16)
FNDA:0,(anonymous_17)
FNDA:0,(anonymous_18)
FNDA:0,(anonymous_19)
FNDA:0,(anonymous_20)
FNDA:0,(anonymous_21)
FNDA:0,(anonymous_22)
FNDA:0,(anonymous_23)
FNDA:0,(anonymous_24)
FNDA:0,(anonymous_25)
FNDA:0,(anonymous_26)
FNDA:0,(anonymous_27)
FNDA:0,(anonymous_28)
FNDA:0,(anonymous_29)
FNDA:0,(anonymous_30)
DA:11,0
DA:12,0
DA:14,0
DA:38,0
DA:39,0
DA:45,0
DA:49,0
DA:58,0
DA:65,0
DA:72,0
DA:84,0
DA:101,0
DA:102,0
DA:103,0
DA:104,0
DA:105,0
DA:106,0
DA:107,0
DA:110,0
DA:113,0
DA:124,0
DA:133,0
DA:134,0
DA:135,0
DA:136,0
DA:138,0
DA:139,0
DA:140,0
DA:141,0
DA:142,0
DA:143,0
DA:144,0
DA:145,0
DA:148,0
DA:149,0
DA:150,0
DA:154,0
DA:155,0
DA:159,0
DA:164,0
DA:165,0
DA:166,0
DA:167,0
DA:171,0
DA:172,0
DA:173,0
DA:177,0
DA:178,0
DA:179,0
DA:180,0
DA:181,0
DA:185,0
DA:186,0
DA:187,0
DA:191,0
DA:192,0
DA:197,0
DA:202,0
DA:207,0
DA:212,0
DA:218,0
DA:224,0
DA:237,0
DA:246,0
DA:251,0
DA:262,0
DA:263,0
DA:266,0
DA:331,0
DA:335,0
DA:336,0
LF:71
LH:0
BRDA:28,0,0,0
BRDA:28,0,1,0
BRDA:29,1,0,0
BRDA:29,1,1,0
BRDA:45,2,0,0
BRDA:45,2,1,0
BRDA:106,3,0,0
BRDA:106,3,1,0
BRDA:150,4,0,0
BRDA:150,4,1,0
BRDA:150,4,2,0
BRDA:154,5,0,0
BRDA:154,5,1,0
BRDA:155,6,0,0
BRDA:155,6,1,0
BRDA:155,6,2,0
BRDA:155,6,3,0
BRDA:155,6,4,0
BRDA:159,7,0,0
BRDA:159,7,1,0
BRDA:159,7,2,0
BRDA:237,8,0,0
BRDA:237,8,1,0
BRDA:238,9,0,0
BRDA:238,9,1,0
BRDA:247,10,0,0
BRDA:247,10,1,0
BRDA:272,11,0,0
BRDA:272,11,1,0
BRDA:275,12,0,0
BRDA:275,12,1,0
BRDA:277,13,0,0
BRDA:277,13,1,0
BRDA:298,14,0,0
BRDA:298,14,1,0
BRDA:298,15,0,0
BRDA:298,15,1,0
BRDA:323,16,0,0
BRDA:323,16,1,0
BRF:39
BRH:0
end_of_record
TN:
SF:src\components\pwa\PWAInstaller.js
FN:15,(anonymous_0)
FN:23,(anonymous_1)
FN:25,(anonymous_2)
FN:32,(anonymous_3)
FN:48,(anonymous_4)
FN:58,(anonymous_5)
FN:64,(anonymous_6)
FN:69,(anonymous_7)
FN:72,(anonymous_8)
FN:85,(anonymous_9)
FN:109,(anonymous_10)
FN:111,(anonymous_11)
FN:112,(anonymous_12)
FN:122,(anonymous_13)
FN:126,(anonymous_14)
FN:131,(anonymous_15)
FN:292,(anonymous_16)
FNF:17
FNH:0
FNDA:0,(anonymous_0)
FNDA:0,(anonymous_1)
FNDA:0,(anonymous_2)
FNDA:0,(anonymous_3)
FNDA:0,(anonymous_4)
FNDA:0,(anonymous_5)
FNDA:0,(anonymous_6)
FNDA:0,(anonymous_7)
FNDA:0,(anonymous_8)
FNDA:0,(anonymous_9)
FNDA:0,(anonymous_10)
FNDA:0,(anonymous_11)
FNDA:0,(anonymous_12)
FNDA:0,(anonymous_13)
FNDA:0,(anonymous_14)
FNDA:0,(anonymous_15)
FNDA:0,(anonymous_16)
DA:13,0
DA:15,0
DA:16,0
DA:17,0
DA:18,0
DA:19,0
DA:20,0
DA:21,0
DA:23,0
DA:25,0
DA:26,0
DA:27,0
DA:28,0
DA:32,0
DA:33,0
DA:34,0
DA:35,0
DA:38,0
DA:39,0
DA:42,0
DA:43,0
DA:47,0
DA:48,0
DA:49,0
DA:50,0
DA:55,0
DA:58,0
DA:59,0
DA:60,0
DA:64,0
DA:65,0
DA:66,0
DA:69,0
DA:70,0
DA:72,0
DA:73,0
DA:74,0
DA:79,0
DA:81,0
DA:85,0
DA:86,0
DA:88,0
DA:90,0
DA:91,0
DA:92,0
DA:94,0
DA:95,0
DA:97,0
DA:100,0
DA:101,0
DA:103,0
DA:105,0
DA:109,0
DA:110,0
DA:111,0
DA:112,0
DA:113,0
DA:118,0
DA:122,0
DA:123,0
DA:126,0
DA:127,0
DA:131,0
DA:132,0
DA:134,0
DA:135,0
DA:144,0
DA:145,0
DA:154,0
DA:155,0
DA:165,0
DA:177,0
DA:179,0
DA:180,0
DA:200,0
DA:293,0
LF:76
LH:0
BRDA:42,0,0,0
BRDA:42,0,1,0
BRDA:42,1,0,0
BRDA:42,1,1,0
BRDA:47,2,0,0
BRDA:47,2,1,0
BRDA:49,3,0,0
BRDA:49,3,1,0
BRDA:49,4,0,0
BRDA:49,4,1,0
BRDA:73,5,0,0
BRDA:73,5,1,0
BRDA:73,6,0,0
BRDA:73,6,1,0
BRDA:86,7,0,0
BRDA:86,7,1,0
BRDA:94,8,0,0
BRDA:94,8,1,0
BRDA:110,9,0,0
BRDA:110,9,1,0
BRDA:134,10,0,0
BRDA:134,10,1,0
BRDA:144,11,0,0
BRDA:144,11,1,0
BRDA:154,12,0,0
BRDA:154,12,1,0
BRDA:179,13,0,0
BRDA:179,13,1,0
BRDA:182,14,0,0
BRDA:182,14,1,0
BRDA:202,15,0,0
BRDA:202,15,1,0
BRDA:202,15,2,0
BRDA:213,16,0,0
BRDA:213,16,1,0
BRDA:242,17,0,0
BRDA:242,17,1,0
BRDA:301,18,0,0
BRDA:301,18,1,0
BRF:39
BRH:0
end_of_record
TN:
SF:src\components\realtime\RealtimeNotifications.js
FN:30,(anonymous_0)
FN:52,(anonymous_1)
FN:67,(anonymous_2)
FN:75,(anonymous_3)
FN:87,(anonymous_4)
FN:88,(anonymous_5)
FN:93,(anonymous_6)
FN:98,(anonymous_7)
FN:113,(anonymous_8)
FN:187,(anonymous_9)
FN:204,(anonymous_10)
FNF:11
FNH:0
FNDA:0,(anonymous_0)
FNDA:0,(anonymous_1)
FNDA:0,(anonymous_2)
FNDA:0,(anonymous_3)
FNDA:0,(anonymous_4)
FNDA:0,(anonymous_5)
FNDA:0,(anonymous_6)
FNDA:0,(anonymous_7)
FNDA:0,(anonymous_8)
FNDA:0,(anonymous_9)
FNDA:0,(anonymous_10)
DA:28,0
DA:30,0
DA:41,0
DA:43,0
DA:44,0
DA:45,0
DA:49,0
DA:52,0
DA:53,0
DA:54,0
DA:55,0
DA:57,0
DA:58,0
DA:67,0
DA:68,0
DA:69,0
DA:70,0
DA:75,0
DA:76,0
DA:77,0
DA:80,0
DA:81,0
DA:87,0
DA:88,0
DA:89,0
DA:90,0
DA:93,0
DA:94,0
DA:95,0
DA:98,0
DA:99,0
DA:101,0
DA:103,0
DA:105,0
DA:107,0
DA:109,0
DA:113,0
DA:114,0
DA:116,0
DA:118,0
DA:120,0
DA:122,0
DA:124,0
DA:128,0
DA:187,0
DA:188,0
DA:189,0
DA:190,0
DA:192,0
DA:193,0
DA:194,0
DA:195,0
DA:196,0
DA:197,0
DA:199,0
DA:204,0
DA:205,0
DA:207,0
DA:214,0
DA:221,0
DA:229,0
DA:233,0
DA:325,0
LF:63
LH:0
BRDA:46,0,0,0
BRDA:46,0,1,0
BRDA:53,1,0,0
BRDA:53,1,1,0
BRDA:57,2,0,0
BRDA:57,2,1,0
BRDA:68,3,0,0
BRDA:68,3,1,0
BRDA:76,4,0,0
BRDA:76,4,1,0
BRDA:80,5,0,0
BRDA:80,5,1,0
BRDA:99,6,0,0
BRDA:99,6,1,0
BRDA:99,6,2,0
BRDA:99,6,3,0
BRDA:99,6,4,0
BRDA:114,7,0,0
BRDA:114,7,1,0
BRDA:114,7,2,0
BRDA:114,7,3,0
BRDA:114,7,4,0
BRDA:131,8,0,0
BRDA:131,8,1,0
BRDA:133,9,0,0
BRDA:133,9,1,0
BRDA:168,10,0,0
BRDA:168,10,1,0
BRDA:192,11,0,0
BRDA:192,11,1,0
BRDA:194,12,0,0
BRDA:194,12,1,0
BRDA:196,13,0,0
BRDA:196,13,1,0
BRDA:205,14,0,0
BRDA:205,14,1,0
BRDA:205,14,2,0
BRDA:205,14,3,0
BRDA:205,14,4,0
BRDA:264,15,0,0
BRDA:264,15,1,0
BRDA:283,16,0,0
BRDA:283,16,1,0
BRDA:298,17,0,0
BRDA:298,17,1,0
BRDA:307,18,0,0
BRDA:307,18,1,0
BRDA:358,19,0,0
BRDA:358,19,1,0
BRF:49
BRH:0
end_of_record
TN:
SF:src\contexts\AuthContext.js
FN:9,(anonymous_0)
FN:25,(anonymous_1)
FN:39,(anonymous_2)
FN:44,(anonymous_3)
FN:55,(anonymous_4)
FN:64,(anonymous_5)
FN:78,(anonymous_6)
FN:81,(anonymous_7)
FN:87,(anonymous_8)
FN:91,(anonymous_9)
FN:92,(anonymous_10)
FN:99,(anonymous_11)
FN:101,(anonymous_12)
FN:105,(anonymous_13)
FN:110,(anonymous_14)
FN:111,(anonymous_15)
FN:133,(anonymous_16)
FN:158,(anonymous_17)
FN:183,(anonymous_18)
FN:188,(anonymous_19)
FN:204,(anonymous_20)
FN:220,(anonymous_21)
FN:242,(anonymous_22)
FN:260,(anonymous_23)
FN:275,(anonymous_24)
FN:289,(anonymous_25)
FN:303,(anonymous_26)
FN:319,(anonymous_27)
FN:344,(anonymous_28)
FN:360,(anonymous_29)
FN:400,(anonymous_30)
FN:404,(anonymous_31)
FN:422,(anonymous_32)
FNF:33
FNH:0
FNDA:0,(anonymous_0)
FNDA:0,(anonymous_1)
FNDA:0,(anonymous_2)
FNDA:0,(anonymous_3)
FNDA:0,(anonymous_4)
FNDA:0,(anonymous_5)
FNDA:0,(anonymous_6)
FNDA:0,(anonymous_7)
FNDA:0,(anonymous_8)
FNDA:0,(anonymous_9)
FNDA:0,(anonymous_10)
FNDA:0,(anonymous_11)
FNDA:0,(anonymous_12)
FNDA:0,(anonymous_13)
FNDA:0,(anonymous_14)
FNDA:0,(anonymous_15)
FNDA:0,(anonymous_16)
FNDA:0,(anonymous_17)
FNDA:0,(anonymous_18)
FNDA:0,(anonymous_19)
FNDA:0,(anonymous_20)
FNDA:0,(anonymous_21)
FNDA:0,(anonymous_22)
FNDA:0,(anonymous_23)
FNDA:0,(anonymous_24)
FNDA:0,(anonymous_25)
FNDA:0,(anonymous_26)
FNDA:0,(anonymous_27)
FNDA:0,(anonymous_28)
FNDA:0,(anonymous_29)
FNDA:0,(anonymous_30)
FNDA:0,(anonymous_31)
FNDA:0,(anonymous_32)
DA:6,0
DA:9,0
DA:10,0
DA:11,0
DA:12,0
DA:13,0
DA:14,0
DA:15,0
DA:16,0
DA:17,0
DA:20,0
DA:21,0
DA:22,0
DA:25,0
DA:27,0
DA:28,0
DA:30,0
DA:31,0
DA:35,0
DA:36,0
DA:39,0
DA:40,0
DA:44,0
DA:45,0
DA:46,0
DA:47,0
DA:50,0
DA:51,0
DA:55,0
DA:56,0
DA:57,0
DA:58,0
DA:59,0
DA:64,0
DA:65,0
DA:66,0
DA:67,0
DA:68,0
DA:69,0
DA:70,0
DA:71,0
DA:74,0
DA:78,0
DA:79,0
DA:81,0
DA:82,0
DA:83,0
DA:87,0
DA:88,0
DA:91,0
DA:92,0
DA:93,0
DA:99,0
DA:100,0
DA:101,0
DA:102,0
DA:105,0
DA:110,0
DA:111,0
DA:112,0
DA:113,0
DA:115,0
DA:116,0
DA:119,0
DA:121,0
DA:122,0
DA:123,0
DA:125,0
DA:129,0
DA:133,0
DA:134,0
DA:135,0
DA:136,0
DA:138,0
DA:141,0
DA:142,0
DA:143,0
DA:146,0
DA:148,0
DA:150,0
DA:151,0
DA:153,0
DA:158,0
DA:159,0
DA:160,0
DA:161,0
DA:163,0
DA:166,0
DA:167,0
DA:168,0
DA:171,0
DA:173,0
DA:175,0
DA:176,0
DA:178,0
DA:183,0
DA:184,0
DA:188,0
DA:189,0
DA:190,0
DA:191,0
DA:193,0
DA:194,0
DA:196,0
DA:197,0
DA:199,0
DA:204,0
DA:205,0
DA:206,0
DA:207,0
DA:209,0
DA:210,0
DA:212,0
DA:213,0
DA:215,0
DA:220,0
DA:222,0
DA:223,0
DA:224,0
DA:226,0
DA:227,0
DA:228,0
DA:232,0
DA:233,0
DA:235,0
DA:236,0
DA:237,0
DA:238,0
DA:242,0
DA:243,0
DA:244,0
DA:245,0
DA:247,0
DA:248,0
DA:250,0
DA:252,0
DA:253,0
DA:255,0
DA:260,0
DA:261,0
DA:262,0
DA:263,0
DA:265,0
DA:267,0
DA:268,0
DA:270,0
DA:275,0
DA:276,0
DA:277,0
DA:278,0
DA:281,0
DA:283,0
DA:284,0
DA:289,0
DA:290,0
DA:291,0
DA:292,0
DA:295,0
DA:297,0
DA:298,0
DA:303,0
DA:304,0
DA:305,0
DA:306,0
DA:308,0
DA:309,0
DA:311,0
DA:312,0
DA:314,0
DA:319,0
DA:320,0
DA:321,0
DA:322,0
DA:324,0
DA:327,0
DA:328,0
DA:334,0
DA:336,0
DA:337,0
DA:339,0
DA:344,0
DA:345,0
DA:346,0
DA:347,0
DA:349,0
DA:350,0
DA:352,0
DA:353,0
DA:355,0
DA:360,0
DA:361,0
DA:362,0
DA:363,0
DA:365,0
DA:366,0
DA:368,0
DA:369,0
DA:371,0
DA:376,0
DA:400,0
DA:401,0
DA:404,0
DA:405,0
DA:408,0
DA:422,0
DA:423,0
DA:424,0
DA:425,0
DA:427,0
LF:209
LH:0
BRDA:27,0,0,0
BRDA:27,0,1,0
BRDA:30,1,0,0
BRDA:30,1,1,0
BRDA:56,2,0,0
BRDA:56,2,1,0
BRDA:56,3,0,0
BRDA:56,3,1,0
BRDA:66,4,0,0
BRDA:66,4,1,0
BRDA:68,5,0,0
BRDA:68,5,1,0
BRDA:82,6,0,0
BRDA:82,6,1,0
BRDA:82,7,0,0
BRDA:82,7,1,0
BRDA:82,7,2,0
BRDA:100,8,0,0
BRDA:100,8,1,0
BRDA:100,9,0,0
BRDA:100,9,1,0
BRDA:113,10,0,0
BRDA:113,10,1,0
BRDA:150,11,0,0
BRDA:150,11,1,0
BRDA:175,12,0,0
BRDA:175,12,1,0
BRDA:196,13,0,0
BRDA:196,13,1,0
BRDA:212,14,0,0
BRDA:212,14,1,0
BRDA:222,15,0,0
BRDA:222,15,1,0
BRDA:226,16,0,0
BRDA:226,16,1,0
BRDA:252,17,0,0
BRDA:252,17,1,0
BRDA:267,18,0,0
BRDA:267,18,1,0
BRDA:277,19,0,0
BRDA:277,19,1,0
BRDA:277,20,0,0
BRDA:277,20,1,0
BRDA:283,21,0,0
BRDA:283,21,1,0
BRDA:291,22,0,0
BRDA:291,22,1,0
BRDA:291,23,0,0
BRDA:291,23,1,0
BRDA:297,24,0,0
BRDA:297,24,1,0
BRDA:311,25,0,0
BRDA:311,25,1,0
BRDA:327,26,0,0
BRDA:327,26,1,0
BRDA:327,27,0,0
BRDA:327,27,1,0
BRDA:336,28,0,0
BRDA:336,28,1,0
BRDA:352,29,0,0
BRDA:352,29,1,0
BRDA:368,30,0,0
BRDA:368,30,1,0
BRDA:424,31,0,0
BRDA:424,31,1,0
BRF:65
BRH:0
end_of_record
TN:
SF:src\contexts\NotificationContext.js
FN:22,(anonymous_0)
FN:25,(anonymous_1)
FN:27,(anonymous_2)
FN:46,(anonymous_3)
FN:64,(anonymous_4)
FN:76,(anonymous_5)
FN:84,(anonymous_6)
FN:87,(anonymous_7)
FN:91,(anonymous_8)
FN:95,(anonymous_9)
FN:126,(anonymous_10)
FN:136,(anonymous_11)
FN:145,(anonymous_12)
FN:158,(anonymous_13)
FN:167,(anonymous_14)
FN:176,(anonymous_15)
FN:178,(anonymous_16)
FN:183,(anonymous_17)
FN:188,(anonymous_18)
FN:204,(anonymous_19)
FN:212,(anonymous_20)
FN:226,(anonymous_21)
FN:234,(anonymous_22)
FN:245,(anonymous_23)
FNF:24
FNH:0
FNDA:0,(anonymous_0)
FNDA:0,(anonymous_1)
FNDA:0,(anonymous_2)
FNDA:0,(anonymous_3)
FNDA:0,(anonymous_4)
FNDA:0,(anonymous_5)
FNDA:0,(anonymous_6)
FNDA:0,(anonymous_7)
FNDA:0,(anonymous_8)
FNDA:0,(anonymous_9)
FNDA:0,(anonymous_10)
FNDA:0,(anonymous_11)
FNDA:0,(anonymous_12)
FNDA:0,(anonymous_13)
FNDA:0,(anonymous_14)
FNDA:0,(anonymous_15)
FNDA:0,(anonymous_16)
FNDA:0,(anonymous_17)
FNDA:0,(anonymous_18)
FNDA:0,(anonymous_19)
FNDA:0,(anonymous_20)
FNDA:0,(anonymous_21)
FNDA:0,(anonymous_22)
FNDA:0,(anonymous_23)
DA:6,0
DA:9,0
DA:22,0
DA:25,0
DA:27,0
DA:28,0
DA:29,0
DA:30,0
DA:31,0
DA:43,0
DA:46,0
DA:47,0
DA:49,0
DA:50,0
DA:51,0
DA:53,0
DA:54,0
DA:56,0
DA:57,0
DA:59,0
DA:64,0
DA:65,0
DA:67,0
DA:68,0
DA:69,0
DA:71,0
DA:76,0
DA:77,0
DA:78,0
DA:79,0
DA:84,0
DA:85,0
DA:87,0
DA:88,0
DA:91,0
DA:95,0
DA:96,0
DA:98,0
DA:107,0
DA:108,0
DA:110,0
DA:112,0
DA:113,0
DA:115,0
DA:116,0
DA:118,0
DA:119,0
DA:121,0
DA:126,0
DA:128,0
DA:130,0
DA:131,0
DA:136,0
DA:137,0
DA:139,0
DA:140,0
DA:144,0
DA:146,0
DA:152,0
DA:153,0
DA:158,0
DA:159,0
DA:161,0
DA:162,0
DA:166,0
DA:167,0
DA:170,0
DA:171,0
DA:176,0
DA:177,0
DA:178,0
DA:183,0
DA:184,0
DA:188,0
DA:189,0
DA:191,0
DA:192,0
DA:196,0
DA:198,0
DA:199,0
DA:204,0
DA:205,0
DA:207,0
DA:208,0
DA:212,0
DA:220,0
DA:221,0
DA:226,0
DA:227,0
DA:229,0
DA:230,0
DA:234,0
DA:239,0
DA:240,0
DA:245,0
DA:248,0
DA:265,0
LF:97
LH:0
BRDA:47,0,0,0
BRDA:47,0,1,0
BRDA:54,1,0,0
BRDA:54,1,1,0
BRDA:57,2,0,0
BRDA:57,2,1,0
BRDA:65,3,0,0
BRDA:65,3,1,0
BRDA:69,4,0,0
BRDA:69,4,1,0
BRDA:77,5,0,0
BRDA:77,5,1,0
BRDA:85,6,0,0
BRDA:85,6,1,0
BRDA:99,7,0,0
BRDA:99,7,1,0
BRDA:101,8,0,0
BRDA:101,8,1,0
BRDA:102,9,0,0
BRDA:102,9,1,0
BRDA:107,10,0,0
BRDA:107,10,1,0
BRDA:107,11,0,0
BRDA:107,11,1,0
BRDA:107,11,2,0
BRDA:107,12,0,0
BRDA:107,12,1,0
BRDA:108,13,0,0
BRDA:108,13,1,0
BRDA:110,14,0,0
BRDA:110,14,1,0
BRDA:110,14,2,0
BRDA:110,14,3,0
BRDA:139,15,0,0
BRDA:139,15,1,0
BRDA:146,16,0,0
BRDA:146,16,1,0
BRDA:161,17,0,0
BRDA:161,17,1,0
BRDA:191,18,0,0
BRDA:191,18,1,0
BRDA:207,19,0,0
BRDA:207,19,1,0
BRDA:229,20,0,0
BRDA:229,20,1,0
BRF:45
BRH:0
end_of_record
TN:
SF:src\contexts\RealtimeContext.js
FN:40,(anonymous_0)
FN:95,(anonymous_1)
FN:100,(anonymous_2)
FN:104,(anonymous_3)
FN:110,(anonymous_4)
FN:175,(anonymous_5)
FN:180,(anonymous_6)
FN:201,(anonymous_7)
FN:206,(anonymous_8)
FN:222,(anonymous_9)
FN:236,(anonymous_10)
FN:244,(anonymous_11)
FN:249,(anonymous_12)
FN:254,(anonymous_13)
FN:259,(anonymous_14)
FN:261,(anonymous_15)
FN:280,(anonymous_16)
FN:286,(anonymous_17)
FN:291,(anonymous_18)
FN:297,(anonymous_19)
FN:301,(anonymous_20)
FN:312,(anonymous_21)
FN:314,(anonymous_22)
FN:319,(anonymous_23)
FN:329,(anonymous_24)
FN:344,(anonymous_25)
FN:352,(anonymous_26)
FN:368,(anonymous_27)
FN:378,(anonymous_28)
FN:385,(anonymous_29)
FN:391,(anonymous_30)
FN:392,(anonymous_31)
FN:407,(anonymous_32)
FN:427,(anonymous_33)
FN:428,(anonymous_34)
FN:429,(anonymous_35)
FN:440,(anonymous_36)
FNF:37
FNH:0
FNDA:0,(anonymous_0)
FNDA:0,(anonymous_1)
FNDA:0,(anonymous_2)
FNDA:0,(anonymous_3)
FNDA:0,(anonymous_4)
FNDA:0,(anonymous_5)
FNDA:0,(anonymous_6)
FNDA:0,(anonymous_7)
FNDA:0,(anonymous_8)
FNDA:0,(anonymous_9)
FNDA:0,(anonymous_10)
FNDA:0,(anonymous_11)
FNDA:0,(anonymous_12)
FNDA:0,(anonymous_13)
FNDA:0,(anonymous_14)
FNDA:0,(anonymous_15)
FNDA:0,(anonymous_16)
FNDA:0,(anonymous_17)
FNDA:0,(anonymous_18)
FNDA:0,(anonymous_19)
FNDA:0,(anonymous_20)
FNDA:0,(anonymous_21)
FNDA:0,(anonymous_22)
FNDA:0,(anonymous_23)
FNDA:0,(anonymous_24)
FNDA:0,(anonymous_25)
FNDA:0,(anonymous_26)
FNDA:0,(anonymous_27)
FNDA:0,(anonymous_28)
FNDA:0,(anonymous_29)
FNDA:0,(anonymous_30)
FNDA:0,(anonymous_31)
FNDA:0,(anonymous_32)
FNDA:0,(anonymous_33)
FNDA:0,(anonymous_34)
FNDA:0,(anonymous_35)
FNDA:0,(anonymous_36)
DA:7,0
DA:23,0
DA:40,0
DA:41,0
DA:43,0
DA:52,0
DA:63,0
DA:73,0
DA:80,0
DA:87,0
DA:94,0
DA:95,0
DA:97,0
DA:100,0
DA:104,0
DA:105,0
DA:107,0
DA:110,0
DA:114,0
DA:121,0
DA:122,0
DA:127,0
DA:133,0
DA:134,0
DA:135,0
DA:141,0
DA:147,0
DA:148,0
DA:149,0
DA:150,0
DA:152,0
DA:158,0
DA:167,0
DA:172,0
DA:175,0
DA:176,0
DA:177,0
DA:180,0
DA:181,0
DA:182,0
DA:183,0
DA:186,0
DA:187,0
DA:188,0
DA:191,0
DA:192,0
DA:193,0
DA:195,0
DA:196,0
DA:201,0
DA:202,0
DA:206,0
DA:207,0
DA:214,0
DA:215,0
DA:218,0
DA:222,0
DA:223,0
DA:226,0
DA:227,0
DA:236,0
DA:237,0
DA:240,0
DA:244,0
DA:245,0
DA:249,0
DA:250,0
DA:254,0
DA:255,0
DA:259,0
DA:261,0
DA:262,0
DA:269,0
DA:280,0
DA:281,0
DA:282,0
DA:286,0
DA:287,0
DA:291,0
DA:292,0
DA:293,0
DA:297,0
DA:298,0
DA:301,0
DA:303,0
DA:304,0
DA:305,0
DA:306,0
DA:307,0
DA:312,0
DA:314,0
DA:315,0
DA:319,0
DA:320,0
DA:322,0
DA:323,0
DA:329,0
DA:330,0
DA:336,0
DA:344,0
DA:345,0
DA:352,0
DA:353,0
DA:363,0
DA:364,0
DA:365,0
DA:366,0
DA:368,0
DA:370,0
DA:371,0
DA:372,0
DA:373,0
DA:378,0
DA:379,0
DA:380,0
DA:382,0
DA:385,0
DA:386,0
DA:391,0
DA:392,0
DA:393,0
DA:395,0
DA:398,0
DA:399,0
DA:400,0
DA:405,0
DA:407,0
DA:408,0
DA:412,0
DA:427,0
DA:428,0
DA:429,0
DA:432,0
DA:440,0
DA:441,0
DA:442,0
DA:443,0
DA:445,0
LF:138
LH:0
BRDA:41,0,0,0
BRDA:41,0,1,0
BRDA:41,0,2,0
BRDA:41,0,3,0
BRDA:41,0,4,0
BRDA:41,0,5,0
BRDA:41,0,6,0
BRDA:41,0,7,0
BRDA:41,0,8,0
BRDA:41,0,9,0
BRDA:41,0,10,0
BRDA:41,0,11,0
BRDA:41,0,12,0
BRDA:41,0,13,0
BRDA:46,1,0,0
BRDA:46,1,1,0
BRDA:48,2,0,0
BRDA:48,2,1,0
BRDA:81,3,0,0
BRDA:81,3,1,0
BRDA:105,4,0,0
BRDA:105,4,1,0
BRDA:149,5,0,0
BRDA:149,5,1,0
BRDA:181,6,0,0
BRDA:181,6,1,0
BRDA:181,7,0,0
BRDA:181,7,1,0
BRDA:186,8,0,0
BRDA:186,8,1,0
BRDA:186,9,0,0
BRDA:186,9,1,0
BRDA:192,10,0,0
BRDA:192,10,1,0
BRDA:214,11,0,0
BRDA:214,11,1,0
BRDA:226,12,0,0
BRDA:226,12,1,0
BRDA:226,13,0,0
BRDA:226,13,1,0
BRDA:227,14,0,0
BRDA:227,14,1,0
BRDA:322,15,0,0
BRDA:322,15,1,0
BRDA:379,16,0,0
BRDA:379,16,1,0
BRDA:379,17,0,0
BRDA:379,17,1,0
BRDA:393,18,0,0
BRDA:393,18,1,0
BRDA:399,19,0,0
BRDA:399,19,1,0
BRDA:399,20,0,0
BRDA:399,20,1,0
BRDA:399,20,2,0
BRDA:442,21,0,0
BRDA:442,21,1,0
BRF:57
BRH:0
end_of_record
TN:
SF:src\contexts\RoleContext.js
FN:69,(anonymous_0)
FN:77,(anonymous_1)
FN:78,(anonymous_2)
FN:96,(anonymous_3)
FN:106,(anonymous_4)
FN:115,(anonymous_5)
FN:126,(anonymous_6)
FN:135,(anonymous_7)
FN:136,(anonymous_8)
FN:151,(anonymous_9)
FN:160,(anonymous_10)
FN:161,(anonymous_11)
FN:172,(anonymous_12)
FN:177,(anonymous_13)
FN:178,(anonymous_14)
FN:184,(anonymous_15)
FN:185,(anonymous_16)
FN:191,(anonymous_17)
FN:231,(anonymous_18)
FN:240,(anonymous_19)
FN:241,(anonymous_20)
FN:257,(anonymous_21)
FN:258,(anonymous_22)
FN:274,(anonymous_23)
FN:275,(anonymous_24)
FNF:25
FNH:0
FNDA:0,(anonymous_0)
FNDA:0,(anonymous_1)
FNDA:0,(anonymous_2)
FNDA:0,(anonymous_3)
FNDA:0,(anonymous_4)
FNDA:0,(anonymous_5)
FNDA:0,(anonymous_6)
FNDA:0,(anonymous_7)
FNDA:0,(anonymous_8)
FNDA:0,(anonymous_9)
FNDA:0,(anonymous_10)
FNDA:0,(anonymous_11)
FNDA:0,(anonymous_12)
FNDA:0,(anonymous_13)
FNDA:0,(anonymous_14)
FNDA:0,(anonymous_15)
FNDA:0,(anonymous_16)
FNDA:0,(anonymous_17)
FNDA:0,(anonymous_18)
FNDA:0,(anonymous_19)
FNDA:0,(anonymous_20)
FNDA:0,(anonymous_21)
FNDA:0,(anonymous_22)
FNDA:0,(anonymous_23)
FNDA:0,(anonymous_24)
DA:6,0
DA:9,0
DA:17,0
DA:69,0
DA:70,0
DA:71,0
DA:72,0
DA:73,0
DA:74,0
DA:77,0
DA:78,0
DA:79,0
DA:80,0
DA:81,0
DA:82,0
DA:85,0
DA:86,0
DA:88,0
DA:92,0
DA:96,0
DA:97,0
DA:99,0
DA:101,0
DA:106,0
DA:107,0
DA:108,0
DA:109,0
DA:112,0
DA:113,0
DA:115,0
DA:116,0
DA:118,0
DA:119,0
DA:121,0
DA:126,0
DA:127,0
DA:128,0
DA:129,0
DA:132,0
DA:133,0
DA:135,0
DA:136,0
DA:137,0
DA:141,0
DA:143,0
DA:144,0
DA:146,0
DA:151,0
DA:152,0
DA:153,0
DA:154,0
DA:157,0
DA:158,0
DA:160,0
DA:161,0
DA:164,0
DA:165,0
DA:167,0
DA:172,0
DA:173,0
DA:177,0
DA:178,0
DA:179,0
DA:184,0
DA:185,0
DA:186,0
DA:191,0
DA:192,0
DA:193,0
DA:194,0
DA:197,0
DA:198,0
DA:200,0
DA:201,0
DA:203,0
DA:208,0
DA:223,0
DA:231,0
DA:232,0
DA:233,0
DA:234,0
DA:236,0
DA:240,0
DA:241,0
DA:242,0
DA:244,0
DA:245,0
DA:248,0
DA:249,0
DA:252,0
DA:257,0
DA:258,0
DA:259,0
DA:261,0
DA:262,0
DA:265,0
DA:266,0
DA:269,0
DA:274,0
DA:275,0
DA:276,0
DA:278,0
DA:279,0
DA:282,0
DA:283,0
DA:286,0
LF:106
LH:0
BRDA:80,0,0,0
BRDA:80,0,1,0
BRDA:80,1,0,0
BRDA:80,1,1,0
BRDA:97,2,0,0
BRDA:97,2,1,0
BRDA:97,3,0,0
BRDA:97,3,1,0
BRDA:99,4,0,0
BRDA:99,4,1,0
BRDA:108,5,0,0
BRDA:108,5,1,0
BRDA:108,6,0,0
BRDA:108,6,1,0
BRDA:118,7,0,0
BRDA:118,7,1,0
BRDA:128,8,0,0
BRDA:128,8,1,0
BRDA:128,9,0,0
BRDA:128,9,1,0
BRDA:137,10,0,0
BRDA:137,10,1,0
BRDA:143,11,0,0
BRDA:143,11,1,0
BRDA:153,12,0,0
BRDA:153,12,1,0
BRDA:153,13,0,0
BRDA:153,13,1,0
BRDA:164,14,0,0
BRDA:164,14,1,0
BRDA:193,15,0,0
BRDA:193,15,1,0
BRDA:193,16,0,0
BRDA:193,16,1,0
BRDA:200,17,0,0
BRDA:200,17,1,0
BRDA:233,18,0,0
BRDA:233,18,1,0
BRDA:244,19,0,0
BRDA:244,19,1,0
BRDA:248,20,0,0
BRDA:248,20,1,0
BRDA:261,21,0,0
BRDA:261,21,1,0
BRDA:265,22,0,0
BRDA:265,22,1,0
BRDA:278,23,0,0
BRDA:278,23,1,0
BRDA:282,24,0,0
BRDA:282,24,1,0
BRF:50
BRH:0
end_of_record
TN:
SF:src\hooks\useLoadOptimization.js
FN:25,(anonymous_0)
FN:29,(anonymous_1)
FN:32,(anonymous_2)
FN:37,(anonymous_3)
FN:42,(anonymous_4)
FN:47,(anonymous_5)
FN:52,(anonymous_6)
FN:57,(anonymous_7)
FN:62,(anonymous_8)
FN:67,(anonymous_9)
FN:72,(anonymous_10)
FN:77,(anonymous_11)
FN:82,(anonymous_12)
FN:87,(anonymous_13)
FN:92,(anonymous_14)
FN:98,(anonymous_15)
FNF:16
FNH:0
FNDA:0,(anonymous_0)
FNDA:0,(anonymous_1)
FNDA:0,(anonymous_2)
FNDA:0,(anonymous_3)
FNDA:0,(anonymous_4)
FNDA:0,(anonymous_5)
FNDA:0,(anonymous_6)
FNDA:0,(anonymous_7)
FNDA:0,(anonymous_8)
FNDA:0,(anonymous_9)
FNDA:0,(anonymous_10)
FNDA:0,(anonymous_11)
FNDA:0,(anonymous_12)
FNDA:0,(anonymous_13)
FNDA:0,(anonymous_14)
FNDA:0,(anonymous_15)
DA:25,0
DA:26,0
DA:29,0
DA:32,0
DA:33,0
DA:37,0
DA:38,0
DA:42,0
DA:43,0
DA:47,0
DA:48,0
DA:52,0
DA:53,0
DA:57,0
DA:58,0
DA:62,0
DA:63,0
DA:67,0
DA:68,0
DA:72,0
DA:73,0
DA:77,0
DA:78,0
DA:82,0
DA:83,0
DA:87,0
DA:88,0
DA:92,0
DA:93,0
DA:94,0
DA:97,0
DA:98,0
DA:103,0
DA:109,0
DA:110,0
DA:126,0
LF:36
LH:0
BRDA:93,0,0,0
BRDA:93,0,1,0
BRDA:109,1,0,0
BRDA:109,1,1,0
BRDA:109,2,0,0
BRDA:109,2,1,0
BRF:6
BRH:0
end_of_record
TN:
SF:src\pages\Collaboration.js
FN:58,(anonymous_0)
FN:213,(anonymous_1)
FN:215,(anonymous_2)
FN:224,(anonymous_3)
FN:225,(anonymous_4)
FN:226,(anonymous_5)
FN:233,(anonymous_6)
FN:234,(anonymous_7)
FN:235,(anonymous_8)
FN:242,(anonymous_9)
FN:244,(anonymous_10)
FN:245,(anonymous_11)
FN:248,(anonymous_12)
FN:249,(anonymous_13)
FN:257,(anonymous_14)
FN:259,(anonymous_15)
FN:260,(anonymous_16)
FN:263,(anonymous_17)
FN:264,(anonymous_18)
FN:270,(anonymous_19)
FN:271,(anonymous_20)
FN:273,(anonymous_21)
FN:279,(anonymous_22)
FN:284,(anonymous_23)
FN:290,(anonymous_24)
FN:296,(anonymous_25)
FN:304,(anonymous_26)
FN:321,(anonymous_27)
FN:322,(anonymous_28)
FN:327,(anonymous_29)
FN:328,(anonymous_30)
FN:337,(anonymous_31)
FN:338,(anonymous_32)
FN:364,(anonymous_33)
FN:371,(anonymous_34)
FN:372,(anonymous_35)
FN:388,(anonymous_36)
FN:410,(anonymous_37)
FN:448,(anonymous_38)
FN:477,(anonymous_39)
FN:511,(anonymous_40)
FN:513,(anonymous_41)
FN:528,(anonymous_42)
FN:556,(anonymous_43)
FN:559,(anonymous_44)
FN:565,(anonymous_45)
FN:566,(anonymous_46)
FN:599,(anonymous_47)
FN:601,(anonymous_48)
FN:616,(anonymous_49)
FN:626,(anonymous_50)
FN:651,(anonymous_51)
FN:654,(anonymous_52)
FN:660,(anonymous_53)
FN:661,(anonymous_54)
FN:716,(anonymous_55)
FN:729,(anonymous_56)
FN:732,(anonymous_57)
FN:770,(anonymous_58)
FN:772,(anonymous_59)
FN:775,(anonymous_60)
FN:789,(anonymous_61)
FN:798,(anonymous_62)
FN:813,(anonymous_63)
FN:822,(anonymous_64)
FN:831,(anonymous_65)
FN:840,(anonymous_66)
FN:849,(anonymous_67)
FN:860,(anonymous_68)
FN:862,(anonymous_69)
FN:865,(anonymous_70)
FN:878,(anonymous_71)
FN:878,(anonymous_72)
FN:880,(anonymous_73)
FN:880,(anonymous_74)
FN:893,(anonymous_75)
FN:893,(anonymous_76)
FN:911,(anonymous_77)
FN:913,(anonymous_78)
FN:916,(anonymous_79)
FN:936,(anonymous_80)
FN:936,(anonymous_81)
FNF:82
FNH:0
FNDA:0,(anonymous_0)
FNDA:0,(anonymous_1)
FNDA:0,(anonymous_2)
FNDA:0,(anonymous_3)
FNDA:0,(anonymous_4)
FNDA:0,(anonymous_5)
FNDA:0,(anonymous_6)
FNDA:0,(anonymous_7)
FNDA:0,(anonymous_8)
FNDA:0,(anonymous_9)
FNDA:0,(anonymous_10)
FNDA:0,(anonymous_11)
FNDA:0,(anonymous_12)
FNDA:0,(anonymous_13)
FNDA:0,(anonymous_14)
FNDA:0,(anonymous_15)
FNDA:0,(anonymous_16)
FNDA:0,(anonymous_17)
FNDA:0,(anonymous_18)
FNDA:0,(anonymous_19)
FNDA:0,(anonymous_20)
FNDA:0,(anonymous_21)
FNDA:0,(anonymous_22)
FNDA:0,(anonymous_23)
FNDA:0,(anonymous_24)
FNDA:0,(anonymous_25)
FNDA:0,(anonymous_26)
FNDA:0,(anonymous_27)
FNDA:0,(anonymous_28)
FNDA:0,(anonymous_29)
FNDA:0,(anonymous_30)
FNDA:0,(anonymous_31)
FNDA:0,(anonymous_32)
FNDA:0,(anonymous_33)
FNDA:0,(anonymous_34)
FNDA:0,(anonymous_35)
FNDA:0,(anonymous_36)
FNDA:0,(anonymous_37)
FNDA:0,(anonymous_38)
FNDA:0,(anonymous_39)
FNDA:0,(anonymous_40)
FNDA:0,(anonymous_41)
FNDA:0,(anonymous_42)
FNDA:0,(anonymous_43)
FNDA:0,(anonymous_44)
FNDA:0,(anonymous_45)
FNDA:0,(anonymous_46)
FNDA:0,(anonymous_47)
FNDA:0,(anonymous_48)
FNDA:0,(anonymous_49)
FNDA:0,(anonymous_50)
FNDA:0,(anonymous_51)
FNDA:0,(anonymous_52)
FNDA:0,(anonymous_53)
FNDA:0,(anonymous_54)
FNDA:0,(anonymous_55)
FNDA:0,(anonymous_56)
FNDA:0,(anonymous_57)
FNDA:0,(anonymous_58)
FNDA:0,(anonymous_59)
FNDA:0,(anonymous_60)
FNDA:0,(anonymous_61)
FNDA:0,(anonymous_62)
FNDA:0,(anonymous_63)
FNDA:0,(anonymous_64)
FNDA:0,(anonymous_65)
FNDA:0,(anonymous_66)
FNDA:0,(anonymous_67)
FNDA:0,(anonymous_68)
FNDA:0,(anonymous_69)
FNDA:0,(anonymous_70)
FNDA:0,(anonymous_71)
FNDA:0,(anonymous_72)
FNDA:0,(anonymous_73)
FNDA:0,(anonymous_74)
FNDA:0,(anonymous_75)
FNDA:0,(anonymous_76)
FNDA:0,(anonymous_77)
FNDA:0,(anonymous_78)
FNDA:0,(anonymous_79)
FNDA:0,(anonymous_80)
FNDA:0,(anonymous_81)
DA:53,0
DA:54,0
DA:55,0
DA:56,0
DA:58,0
DA:59,0
DA:60,0
DA:61,0
DA:62,0
DA:63,0
DA:64,0
DA:65,0
DA:66,0
DA:67,0
DA:68,0
DA:69,0
DA:72,0
DA:83,0
DA:86,0
DA:139,0
DA:169,0
DA:213,0
DA:215,0
DA:216,0
DA:217,0
DA:218,0
DA:219,0
DA:224,0
DA:225,0
DA:226,0
DA:227,0
DA:233,0
DA:234,0
DA:235,0
DA:236,0
DA:242,0
DA:243,0
DA:244,0
DA:245,0
DA:247,0
DA:248,0
DA:249,0
DA:253,0
DA:257,0
DA:258,0
DA:259,0
DA:260,0
DA:262,0
DA:263,0
DA:264,0
DA:270,0
DA:271,0
DA:272,0
DA:273,0
DA:279,0
DA:280,0
DA:281,0
DA:282,0
DA:284,0
DA:286,0
DA:287,0
DA:288,0
DA:290,0
DA:296,0
DA:297,0
DA:304,0
DA:305,0
DA:308,0
DA:310,0
DA:312,0
DA:314,0
DA:316,0
DA:321,0
DA:322,0
DA:323,0
DA:327,0
DA:328,0
DA:329,0
DA:337,0
DA:338,0
DA:339,0
DA:348,0
DA:364,0
DA:371,0
DA:372,0
DA:373,0
DA:388,0
DA:389,0
DA:391,0
DA:411,0
DA:449,0
DA:450,0
DA:452,0
DA:454,0
DA:455,0
DA:456,0
DA:458,0
DA:459,0
DA:460,0
DA:462,0
DA:463,0
DA:464,0
DA:466,0
DA:467,0
DA:470,0
DA:478,0
DA:495,0
DA:511,0
DA:513,0
DA:528,0
DA:557,0
DA:559,0
DA:565,0
DA:566,0
DA:599,0
DA:601,0
DA:616,0
DA:626,0
DA:652,0
DA:654,0
DA:660,0
DA:661,0
DA:716,0
DA:730,0
DA:732,0
DA:770,0
DA:772,0
DA:775,0
DA:789,0
DA:798,0
DA:813,0
DA:822,0
DA:831,0
DA:840,0
DA:849,0
DA:860,0
DA:862,0
DA:865,0
DA:878,0
DA:879,0
DA:880,0
DA:893,0
DA:894,0
DA:911,0
DA:913,0
DA:916,0
DA:936,0
DA:937,0
LF:148
LH:0
BRDA:227,0,0,0
BRDA:227,0,1,0
BRDA:236,1,0,0
BRDA:236,1,1,0
BRDA:243,2,0,0
BRDA:243,2,1,0
BRDA:247,3,0,0
BRDA:247,3,1,0
BRDA:258,4,0,0
BRDA:258,4,1,0
BRDA:262,5,0,0
BRDA:262,5,1,0
BRDA:272,6,0,0
BRDA:272,6,1,0
BRDA:280,7,0,0
BRDA:280,7,1,0
BRDA:281,8,0,0
BRDA:281,8,1,0
BRDA:286,9,0,0
BRDA:286,9,1,0
BRDA:287,10,0,0
BRDA:287,10,1,0
BRDA:305,11,0,0
BRDA:305,11,1,0
BRDA:306,12,0,0
BRDA:306,12,1,0
BRDA:308,13,0,0
BRDA:308,13,1,0
BRDA:308,13,2,0
BRDA:308,13,3,0
BRDA:329,14,0,0
BRDA:329,14,1,0
BRDA:330,15,0,0
BRDA:330,15,1,0
BRDA:339,16,0,0
BRDA:339,16,1,0
BRDA:340,17,0,0
BRDA:340,17,1,0
BRDA:340,17,2,0
BRDA:382,18,0,0
BRDA:382,18,1,0
BRDA:382,18,2,0
BRDA:389,19,0,0
BRDA:389,19,1,0
BRDA:452,20,0,0
BRDA:452,20,1,0
BRDA:452,20,2,0
BRDA:452,20,3,0
BRDA:511,21,0,0
BRDA:511,21,1,0
BRDA:536,22,0,0
BRDA:536,22,1,0
BRDA:539,23,0,0
BRDA:539,23,1,0
BRDA:551,24,0,0
BRDA:551,24,1,0
BRDA:553,25,0,0
BRDA:553,25,1,0
BRDA:558,26,0,0
BRDA:558,26,1,0
BRDA:575,27,0,0
BRDA:575,27,1,0
BRDA:599,28,0,0
BRDA:599,28,1,0
BRDA:631,29,0,0
BRDA:631,29,1,0
BRDA:634,30,0,0
BRDA:634,30,1,0
BRDA:646,31,0,0
BRDA:646,31,1,0
BRDA:648,32,0,0
BRDA:648,32,1,0
BRDA:653,33,0,0
BRDA:653,33,1,0
BRDA:670,34,0,0
BRDA:670,34,1,0
BRDA:731,35,0,0
BRDA:731,35,1,0
BRDA:731,36,0,0
BRDA:731,36,1,0
BRDA:751,37,0,0
BRDA:751,37,1,0
BRF:82
BRH:0
end_of_record
TN:
SF:src\pages\Dashboard.js
FN:23,(anonymous_0)
FN:28,(anonymous_1)
FN:30,(anonymous_2)
FN:32,(anonymous_3)
FN:218,(anonymous_4)
FN:256,(anonymous_5)
FN:275,(anonymous_6)
FN:288,(anonymous_7)
FN:293,(anonymous_8)
FN:313,(anonymous_9)
FN:339,(anonymous_10)
FN:340,(anonymous_11)
FN:366,(anonymous_12)
FN:376,(anonymous_13)
FN:391,(anonymous_14)
FNF:15
FNH:0
FNDA:0,(anonymous_0)
FNDA:0,(anonymous_1)
FNDA:0,(anonymous_2)
FNDA:0,(anonymous_3)
FNDA:0,(anonymous_4)
FNDA:0,(anonymous_5)
FNDA:0,(anonymous_6)
FNDA:0,(anonymous_7)
FNDA:0,(anonymous_8)
FNDA:0,(anonymous_9)
FNDA:0,(anonymous_10)
FNDA:0,(anonymous_11)
FNDA:0,(anonymous_12)
FNDA:0,(anonymous_13)
FNDA:0,(anonymous_14)
DA:21,0
DA:23,0
DA:24,0
DA:25,0
DA:26,0
DA:27,0
DA:28,0
DA:30,0
DA:32,0
DA:33,0
DA:39,0
DA:68,0
DA:151,0
DA:153,0
DA:154,0
DA:161,0
DA:219,0
DA:256,0
DA:275,0
DA:289,0
DA:293,0
DA:313,0
DA:340,0
DA:366,0
DA:377,0
DA:391,0
LF:26
LH:0
BRDA:28,0,0,0
BRDA:28,0,1,0
BRDA:151,1,0,0
BRDA:151,1,1,0
BRDA:151,2,0,0
BRDA:151,2,1,0
BRDA:153,3,0,0
BRDA:153,3,1,0
BRDA:178,4,0,0
BRDA:178,4,1,0
BRDA:221,5,0,0
BRDA:221,5,1,0
BRDA:221,6,0,0
BRDA:221,6,1,0
BRDA:292,7,0,0
BRDA:292,7,1,0
BRDA:360,8,0,0
BRDA:360,8,1,0
BRF:18
BRH:0
end_of_record
TN:
SF:src\pages\OptimizationTools.js
FN:55,(anonymous_0)
FN:155,(anonymous_1)
FN:159,(anonymous_2)
FN:179,(anonymous_3)
FN:183,(anonymous_4)
FN:191,(anonymous_5)
FN:198,(anonymous_6)
FN:206,(anonymous_7)
FN:210,(anonymous_8)
FN:216,(anonymous_9)
FN:238,(anonymous_10)
FNF:11
FNH:0
FNDA:0,(anonymous_0)
FNDA:0,(anonymous_1)
FNDA:0,(anonymous_2)
FNDA:0,(anonymous_3)
FNDA:0,(anonymous_4)
FNDA:0,(anonymous_5)
FNDA:0,(anonymous_6)
FNDA:0,(anonymous_7)
FNDA:0,(anonymous_8)
FNDA:0,(anonymous_9)
FNDA:0,(anonymous_10)
DA:50,0
DA:51,0
DA:52,0
DA:53,0
DA:55,0
DA:56,0
DA:57,0
DA:58,0
DA:59,0
DA:60,0
DA:61,0
DA:62,0
DA:75,0
DA:108,0
DA:117,0
DA:128,0
DA:155,0
DA:156,0
DA:159,0
DA:160,0
DA:161,0
DA:162,0
DA:165,0
DA:179,0
DA:180,0
DA:183,0
DA:184,0
DA:185,0
DA:186,0
DA:191,0
DA:192,0
DA:193,0
DA:194,0
DA:198,0
DA:199,0
DA:206,0
DA:207,0
DA:210,0
DA:211,0
DA:212,0
DA:216,0
DA:217,0
DA:219,0
DA:239,0
DA:285,0
LF:45
LH:0
BRDA:217,0,0,0
BRDA:217,0,1,0
BRDA:243,1,0,0
BRDA:243,1,1,0
BRDA:247,2,0,0
BRDA:247,2,1,0
BRDA:311,3,0,0
BRDA:311,3,1,0
BRDA:343,4,0,0
BRDA:343,4,1,0
BRDA:349,5,0,0
BRDA:349,5,1,0
BRF:12
BRH:0
end_of_record
TN:
SF:src\pages\ReportsAnalysis.js
FN:46,(anonymous_0)
FN:83,(anonymous_1)
FN:85,(anonymous_2)
FN:106,(anonymous_3)
FN:109,(anonymous_4)
FN:116,(anonymous_5)
FN:121,(anonymous_6)
FN:126,(anonymous_7)
FN:132,(anonymous_8)
FN:135,(anonymous_9)
FN:138,(anonymous_10)
FN:146,(anonymous_11)
FN:147,(anonymous_12)
FN:199,(anonymous_13)
FN:228,(anonymous_14)
FN:244,(anonymous_15)
FN:256,(anonymous_16)
FN:274,(anonymous_17)
FN:296,(anonymous_18)
FN:317,(anonymous_19)
FN:338,(anonymous_20)
FNF:21
FNH:0
FNDA:0,(anonymous_0)
FNDA:0,(anonymous_1)
FNDA:0,(anonymous_2)
FNDA:0,(anonymous_3)
FNDA:0,(anonymous_4)
FNDA:0,(anonymous_5)
FNDA:0,(anonymous_6)
FNDA:0,(anonymous_7)
FNDA:0,(anonymous_8)
FNDA:0,(anonymous_9)
FNDA:0,(anonymous_10)
FNDA:0,(anonymous_11)
FNDA:0,(anonymous_12)
FNDA:0,(anonymous_13)
FNDA:0,(anonymous_14)
FNDA:0,(anonymous_15)
FNDA:0,(anonymous_16)
FNDA:0,(anonymous_17)
FNDA:0,(anonymous_18)
FNDA:0,(anonymous_19)
FNDA:0,(anonymous_20)
DA:40,0
DA:41,0
DA:42,0
DA:43,0
DA:44,0
DA:46,0
DA:47,0
DA:48,0
DA:49,0
DA:53,0
DA:54,0
DA:55,0
DA:56,0
DA:59,0
DA:62,0
DA:69,0
DA:77,0
DA:83,0
DA:85,0
DA:86,0
DA:88,0
DA:106,0
DA:107,0
DA:109,0
DA:110,0
DA:116,0
DA:121,0
DA:126,0
DA:131,0
DA:132,0
DA:135,0
DA:138,0
DA:145,0
DA:147,0
DA:154,0
DA:155,0
DA:162,0
DA:199,0
DA:229,0
DA:245,0
DA:257,0
DA:258,0
DA:259,0
DA:274,0
DA:296,0
DA:317,0
DA:338,0
LF:47
LH:0
BRDA:154,0,0,0
BRDA:154,0,1,0
BRDA:154,1,0,0
BRDA:154,1,1,0
BRDA:201,2,0,0
BRDA:201,2,1,0
BRDA:205,3,0,0
BRDA:205,3,1,0
BRDA:283,4,0,0
BRDA:283,4,1,0
BRDA:287,5,0,0
BRDA:287,5,1,0
BRDA:304,6,0,0
BRDA:304,6,1,0
BRDA:308,7,0,0
BRDA:308,7,1,0
BRDA:325,8,0,0
BRDA:325,8,1,0
BRDA:329,9,0,0
BRDA:329,9,1,0
BRDA:347,10,0,0
BRDA:347,10,1,0
BRDA:351,11,0,0
BRDA:351,11,1,0
BRF:24
BRH:0
end_of_record
TN:
SF:src\pages\ResourceManagement.js
FN:61,(anonymous_0)
FN:276,(anonymous_1)
FN:281,(anonymous_2)
FN:289,(anonymous_3)
FN:294,(anonymous_4)
FN:299,(anonymous_5)
FN:305,(anonymous_6)
FN:315,(anonymous_7)
FN:323,(anonymous_8)
FN:327,(anonymous_9)
FN:335,(anonymous_10)
FN:362,(anonymous_11)
FN:389,(anonymous_12)
FN:399,(anonymous_13)
FN:406,(anonymous_14)
FN:410,(anonymous_15)
FN:417,(anonymous_16)
FN:429,(anonymous_17)
FN:435,(anonymous_18)
FN:438,(anonymous_19)
FN:447,(anonymous_20)
FN:454,(anonymous_21)
FN:455,(anonymous_22)
FN:458,(anonymous_23)
FN:462,(anonymous_24)
FN:469,(anonymous_25)
FN:470,(anonymous_26)
FN:473,(anonymous_27)
FN:477,(anonymous_28)
FN:484,(anonymous_29)
FN:486,(anonymous_30)
FN:497,(anonymous_31)
FN:512,(anonymous_32)
FN:518,(anonymous_33)
FN:519,(anonymous_34)
FN:526,(anonymous_35)
FN:527,(anonymous_36)
FN:533,(anonymous_37)
FN:539,(anonymous_38)
FN:547,(anonymous_39)
FN:569,(anonymous_40)
FN:584,(anonymous_41)
FN:591,(anonymous_42)
FN:674,(anonymous_43)
FN:714,(anonymous_44)
FN:727,(anonymous_45)
FN:823,(anonymous_46)
FN:838,(anonymous_47)
FN:844,(anonymous_48)
FN:866,(anonymous_49)
FN:867,(anonymous_50)
FN:868,(anonymous_51)
FN:934,(anonymous_52)
FN:952,(anonymous_53)
FN:977,(anonymous_54)
FN:995,(anonymous_55)
FN:1002,(anonymous_56)
FN:1005,(anonymous_57)
FNF:58
FNH:0
FNDA:0,(anonymous_0)
FNDA:0,(anonymous_1)
FNDA:0,(anonymous_2)
FNDA:0,(anonymous_3)
FNDA:0,(anonymous_4)
FNDA:0,(anonymous_5)
FNDA:0,(anonymous_6)
FNDA:0,(anonymous_7)
FNDA:0,(anonymous_8)
FNDA:0,(anonymous_9)
FNDA:0,(anonymous_10)
FNDA:0,(anonymous_11)
FNDA:0,(anonymous_12)
FNDA:0,(anonymous_13)
FNDA:0,(anonymous_14)
FNDA:0,(anonymous_15)
FNDA:0,(anonymous_16)
FNDA:0,(anonymous_17)
FNDA:0,(anonymous_18)
FNDA:0,(anonymous_19)
FNDA:0,(anonymous_20)
FNDA:0,(anonymous_21)
FNDA:0,(anonymous_22)
FNDA:0,(anonymous_23)
FNDA:0,(anonymous_24)
FNDA:0,(anonymous_25)
FNDA:0,(anonymous_26)
FNDA:0,(anonymous_27)
FNDA:0,(anonymous_28)
FNDA:0,(anonymous_29)
FNDA:0,(anonymous_30)
FNDA:0,(anonymous_31)
FNDA:0,(anonymous_32)
FNDA:0,(anonymous_33)
FNDA:0,(anonymous_34)
FNDA:0,(anonymous_35)
FNDA:0,(anonymous_36)
FNDA:0,(anonymous_37)
FNDA:0,(anonymous_38)
FNDA:0,(anonymous_39)
FNDA:0,(anonymous_40)
FNDA:0,(anonymous_41)
FNDA:0,(anonymous_42)
FNDA:0,(anonymous_43)
FNDA:0,(anonymous_44)
FNDA:0,(anonymous_45)
FNDA:0,(anonymous_46)
FNDA:0,(anonymous_47)
FNDA:0,(anonymous_48)
FNDA:0,(anonymous_49)
FNDA:0,(anonymous_50)
FNDA:0,(anonymous_51)
FNDA:0,(anonymous_52)
FNDA:0,(anonymous_53)
FNDA:0,(anonymous_54)
FNDA:0,(anonymous_55)
FNDA:0,(anonymous_56)
FNDA:0,(anonymous_57)
DA:56,0
DA:57,0
DA:58,0
DA:59,0
DA:61,0
DA:62,0
DA:63,0
DA:64,0
DA:65,0
DA:66,0
DA:67,0
DA:68,0
DA:71,0
DA:79,0
DA:80,0
DA:81,0
DA:82,0
DA:85,0
DA:86,0
DA:89,0
DA:96,0
DA:104,0
DA:210,0
DA:258,0
DA:276,0
DA:281,0
DA:282,0
DA:283,0
DA:284,0
DA:289,0
DA:290,0
DA:293,0
DA:294,0
DA:298,0
DA:299,0
DA:303,0
DA:304,0
DA:305,0
DA:306,0
DA:308,0
DA:313,0
DA:314,0
DA:315,0
DA:316,0
DA:321,0
DA:322,0
DA:323,0
DA:324,0
DA:327,0
DA:331,0
DA:335,0
DA:336,0
DA:337,0
DA:339,0
DA:340,0
DA:355,0
DA:358,0
DA:362,0
DA:363,0
DA:364,0
DA:376,0
DA:377,0
DA:379,0
DA:389,0
DA:390,0
DA:392,0
DA:395,0
DA:399,0
DA:400,0
DA:410,0
DA:411,0
DA:417,0
DA:418,0
DA:419,0
DA:423,0
DA:429,0
DA:436,0
DA:438,0
DA:447,0
DA:455,0
DA:456,0
DA:458,0
DA:462,0
DA:470,0
DA:471,0
DA:473,0
DA:477,0
DA:485,0
DA:487,0
DA:498,0
DA:512,0
DA:518,0
DA:519,0
DA:526,0
DA:527,0
DA:534,0
DA:539,0
DA:547,0
DA:555,0
DA:569,0
DA:584,0
DA:591,0
DA:674,0
DA:715,0
DA:728,0
DA:823,0
DA:838,0
DA:845,0
DA:846,0
DA:867,0
DA:868,0
DA:869,0
DA:934,0
DA:953,0
DA:977,0
DA:995,0
DA:1002,0
DA:1005,0
LF:118
LH:0
BRDA:293,0,0,0
BRDA:293,0,1,0
BRDA:298,1,0,0
BRDA:298,1,1,0
BRDA:303,2,0,0
BRDA:303,2,1,0
BRDA:306,3,0,0
BRDA:306,3,1,0
BRDA:308,4,0,0
BRDA:308,4,1,0
BRDA:313,5,0,0
BRDA:313,5,1,0
BRDA:313,6,0,0
BRDA:313,6,1,0
BRDA:316,7,0,0
BRDA:316,7,1,0
BRDA:321,8,0,0
BRDA:321,8,1,0
BRDA:324,9,0,0
BRDA:324,9,1,0
BRDA:324,9,2,0
BRDA:324,9,3,0
BRDA:335,10,0,0
BRDA:339,11,0,0
BRDA:339,11,1,0
BRDA:339,12,0,0
BRDA:339,12,1,0
BRDA:363,13,0,0
BRDA:363,13,1,0
BRDA:390,14,0,0
BRDA:390,14,1,0
BRDA:456,15,0,0
BRDA:456,15,1,0
BRDA:471,16,0,0
BRDA:471,16,1,0
BRDA:503,17,0,0
BRDA:503,17,1,0
BRDA:504,18,0,0
BRDA:504,18,1,0
BRDA:592,19,0,0
BRDA:592,19,1,0
BRDA:611,20,0,0
BRDA:611,20,1,0
BRDA:624,21,0,0
BRDA:624,21,1,0
BRDA:625,22,0,0
BRDA:625,22,1,0
BRDA:636,23,0,0
BRDA:636,23,1,0
BRDA:643,24,0,0
BRDA:643,24,1,0
BRDA:672,25,0,0
BRDA:672,25,1,0
BRDA:827,26,0,0
BRDA:827,26,1,0
BRDA:854,27,0,0
BRDA:854,27,1,0
BRDA:871,28,0,0
BRDA:871,28,1,0
BRDA:872,29,0,0
BRDA:872,29,1,0
BRDA:884,30,0,0
BRDA:884,30,1,0
BRDA:889,31,0,0
BRDA:889,31,1,0
BRDA:908,32,0,0
BRDA:908,32,1,0
BRDA:909,33,0,0
BRDA:909,33,1,0
BRDA:958,34,0,0
BRDA:958,34,1,0
BRDA:977,35,0,0
BRDA:977,35,1,0
BRDA:1029,36,0,0
BRDA:1029,36,1,0
BRF:75
BRH:0
end_of_record
TN:
SF:src\pages\TaskManagement.js
FN:43,(anonymous_0)
FN:44,(anonymous_1)
FN:45,(anonymous_2)
FN:52,(anonymous_3)
FN:191,(anonymous_4)
FN:193,(anonymous_5)
FN:201,(anonymous_6)
FN:206,(anonymous_7)
FN:211,(anonymous_8)
FN:216,(anonymous_9)
FN:224,(anonymous_10)
FN:239,(anonymous_11)
FN:249,(anonymous_12)
FN:275,(anonymous_13)
FN:296,(anonymous_14)
FN:306,(anonymous_15)
FN:313,(anonymous_16)
FN:314,(anonymous_17)
FN:321,(anonymous_18)
FN:327,(anonymous_19)
FN:338,(anonymous_20)
FN:344,(anonymous_21)
FN:345,(anonymous_22)
FN:349,(anonymous_23)
FN:356,(anonymous_24)
FN:385,(anonymous_25)
FN:392,(anonymous_26)
FN:393,(anonymous_27)
FN:396,(anonymous_28)
FN:400,(anonymous_29)
FN:407,(anonymous_30)
FN:408,(anonymous_31)
FN:411,(anonymous_32)
FN:415,(anonymous_33)
FN:422,(anonymous_34)
FN:451,(anonymous_35)
FN:457,(anonymous_36)
FN:458,(anonymous_37)
FN:465,(anonymous_38)
FN:468,(anonymous_39)
FN:475,(anonymous_40)
FN:476,(anonymous_41)
FN:482,(anonymous_42)
FN:488,(anonymous_43)
FN:496,(anonymous_44)
FN:505,(anonymous_45)
FN:532,(anonymous_46)
FN:549,(anonymous_47)
FN:562,(anonymous_48)
FN:565,(anonymous_49)
FN:577,(anonymous_50)
FN:587,(anonymous_51)
FN:595,(anonymous_52)
FN:603,(anonymous_53)
FN:667,(anonymous_54)
FN:699,(anonymous_55)
FN:714,(anonymous_56)
FN:802,(anonymous_57)
FN:803,(anonymous_58)
FN:813,(anonymous_59)
FN:828,(anonymous_60)
FN:835,(anonymous_61)
FN:868,(anonymous_62)
FN:877,(anonymous_63)
FN:916,(anonymous_64)
FN:917,(anonymous_65)
FN:933,(anonymous_66)
FN:934,(anonymous_67)
FN:954,(anonymous_68)
FN:955,(anonymous_69)
FNF:70
FNH:8
FNDA:0,(anonymous_0)
FNDA:0,(anonymous_1)
FNDA:0,(anonymous_2)
FNDA:6,(anonymous_3)
FNDA:5,(anonymous_4)
FNDA:0,(anonymous_5)
FNDA:5,(anonymous_6)
FNDA:0,(anonymous_7)
FNDA:0,(anonymous_8)
FNDA:0,(anonymous_9)
FNDA:0,(anonymous_10)
FNDA:0,(anonymous_11)
FNDA:0,(anonymous_12)
FNDA:0,(anonymous_13)
FNDA:0,(anonymous_14)
FNDA:0,(anonymous_15)
FNDA:0,(anonymous_16)
FNDA:0,(anonymous_17)
FNDA:0,(anonymous_18)
FNDA:0,(anonymous_19)
FNDA:0,(anonymous_20)
FNDA:0,(anonymous_21)
FNDA:0,(anonymous_22)
FNDA:0,(anonymous_23)
FNDA:0,(anonymous_24)
FNDA:0,(anonymous_25)
FNDA:0,(anonymous_26)
FNDA:0,(anonymous_27)
FNDA:30,(anonymous_28)
FNDA:0,(anonymous_29)
FNDA:0,(anonymous_30)
FNDA:0,(anonymous_31)
FNDA:15,(anonymous_32)
FNDA:0,(anonymous_33)
FNDA:0,(anonymous_34)
FNDA:0,(anonymous_35)
FNDA:0,(anonymous_36)
FNDA:0,(anonymous_37)
FNDA:0,(anonymous_38)
FNDA:0,(anonymous_39)
FNDA:0,(anonymous_40)
FNDA:0,(anonymous_41)
FNDA:0,(anonymous_42)
FNDA:0,(anonymous_43)
FNDA:0,(anonymous_44)
FNDA:0,(anonymous_45)
FNDA:0,(anonymous_46)
FNDA:0,(anonymous_47)
FNDA:0,(anonymous_48)
FNDA:30,(anonymous_49)
FNDA:0,(anonymous_50)
FNDA:0,(anonymous_51)
FNDA:0,(anonymous_52)
FNDA:0,(anonymous_53)
FNDA:0,(anonymous_54)
FNDA:30,(anonymous_55)
FNDA:15,(anonymous_56)
FNDA:0,(anonymous_57)
FNDA:0,(anonymous_58)
FNDA:0,(anonymous_59)
FNDA:0,(anonymous_60)
FNDA:0,(anonymous_61)
FNDA:0,(anonymous_62)
FNDA:0,(anonymous_63)
FNDA:0,(anonymous_64)
FNDA:0,(anonymous_65)
FNDA:0,(anonymous_66)
FNDA:0,(anonymous_67)
FNDA:0,(anonymous_68)
FNDA:0,(anonymous_69)
DA:43,1
DA:44,1
DA:45,1
DA:47,1
DA:48,1
DA:49,1
DA:50,1
DA:52,1
DA:53,6
DA:54,5
DA:55,5
DA:56,5
DA:59,5
DA:68,5
DA:69,5
DA:70,5
DA:71,5
DA:74,5
DA:75,5
DA:78,5
DA:87,5
DA:93,5
DA:139,5
DA:167,5
DA:191,5
DA:193,5
DA:194,0
DA:195,0
DA:196,0
DA:201,5
DA:202,5
DA:205,5
DA:206,0
DA:210,5
DA:211,0
DA:215,5
DA:216,0
DA:220,5
DA:221,0
DA:222,0
DA:224,0
DA:225,0
DA:226,0
DA:228,0
DA:237,5
DA:238,0
DA:239,0
DA:240,0
DA:245,5
DA:249,5
DA:250,0
DA:251,0
DA:253,0
DA:254,0
DA:268,0
DA:271,0
DA:275,5
DA:276,0
DA:277,0
DA:285,0
DA:286,0
DA:288,0
DA:296,0
DA:297,0
DA:299,0
DA:302,0
DA:306,5
DA:307,0
DA:314,0
DA:315,0
DA:321,5
DA:322,0
DA:323,0
DA:327,5
DA:328,0
DA:332,5
DA:338,0
DA:345,0
DA:349,0
DA:357,0
DA:358,0
DA:360,0
DA:362,0
DA:363,0
DA:364,0
DA:366,0
DA:367,0
DA:368,0
DA:370,0
DA:371,0
DA:372,0
DA:374,0
DA:375,0
DA:378,0
DA:385,0
DA:393,0
DA:394,0
DA:396,30
DA:400,0
DA:408,0
DA:409,0
DA:411,15
DA:415,0
DA:423,0
DA:424,0
DA:426,0
DA:428,0
DA:429,0
DA:430,0
DA:432,0
DA:433,0
DA:434,0
DA:436,0
DA:437,0
DA:438,0
DA:440,0
DA:441,0
DA:444,0
DA:451,0
DA:457,0
DA:458,0
DA:466,0
DA:468,0
DA:475,0
DA:476,0
DA:483,0
DA:488,0
DA:496,0
DA:505,5
DA:506,0
DA:508,0
DA:510,0
DA:512,0
DA:514,0
DA:518,5
DA:532,0
DA:549,0
DA:562,0
DA:566,30
DA:577,0
DA:587,0
DA:595,0
DA:604,0
DA:667,0
DA:700,30
DA:715,15
DA:802,0
DA:804,0
DA:813,0
DA:828,0
DA:836,0
DA:837,0
DA:868,0
DA:877,0
DA:917,0
DA:918,0
DA:933,0
DA:935,0
DA:954,0
DA:956,0
LF:160
LH:47
BRDA:205,0,0,0
BRDA:205,0,1,5
BRDA:210,1,0,0
BRDA:210,1,1,5
BRDA:215,2,0,0
BRDA:215,2,1,5
BRDA:220,3,0,0
BRDA:220,3,1,5
BRDA:220,4,0,5
BRDA:220,4,1,0
BRDA:229,5,0,0
BRDA:229,5,1,0
BRDA:229,5,2,0
BRDA:229,5,3,0
BRDA:229,5,4,0
BRDA:229,5,5,0
BRDA:237,6,0,0
BRDA:237,6,1,5
BRDA:240,7,0,0
BRDA:240,7,1,0
BRDA:249,8,0,0
BRDA:253,9,0,0
BRDA:253,9,1,0
BRDA:253,10,0,0
BRDA:253,10,1,0
BRDA:276,11,0,0
BRDA:276,11,1,0
BRDA:282,12,0,0
BRDA:282,12,1,0
BRDA:293,13,0,0
BRDA:293,13,1,0
BRDA:297,14,0,0
BRDA:297,14,1,0
BRDA:360,15,0,0
BRDA:360,15,1,0
BRDA:360,15,2,0
BRDA:360,15,3,0
BRDA:394,16,0,0
BRDA:394,16,1,0
BRDA:409,17,0,0
BRDA:409,17,1,0
BRDA:426,18,0,0
BRDA:426,18,1,0
BRDA:426,18,2,0
BRDA:426,18,3,0
BRDA:506,19,0,0
BRDA:506,19,1,0
BRDA:506,19,2,0
BRDA:506,19,3,0
BRDA:633,20,0,5
BRDA:633,20,1,5
BRDA:644,21,0,5
BRDA:644,21,1,0
BRDA:650,22,0,5
BRDA:650,22,1,0
BRDA:656,23,0,5
BRDA:656,23,1,0
BRDA:665,24,0,5
BRDA:665,24,1,0
BRDA:802,25,0,0
BRDA:802,25,1,0
BRDA:817,26,0,5
BRDA:817,26,1,0
BRDA:845,27,0,5
BRDA:845,27,1,0
BRDA:852,28,0,0
BRDA:852,28,1,0
BRDA:853,29,0,0
BRDA:853,29,1,0
BRDA:855,30,0,0
BRDA:855,30,1,0
BRDA:856,31,0,0
BRDA:856,31,1,0
BRDA:868,32,0,0
BRDA:868,32,1,0
BRDA:877,33,0,0
BRDA:877,33,1,0
BRDA:909,34,0,0
BRDA:909,34,1,0
BRDA:914,35,0,0
BRDA:914,35,1,0
BRDA:918,36,0,0
BRDA:918,36,1,0
BRF:83
BRH:14
end_of_record
TN:
SF:src\pages\TaskManager.js
FN:7,(anonymous_0)
FN:35,(anonymous_1)
FN:36,(anonymous_2)
FN:70,(anonymous_3)
FN:76,(anonymous_4)
FN:86,(anonymous_5)
FN:93,(anonymous_6)
FN:95,(anonymous_7)
FN:102,(anonymous_8)
FN:104,(anonymous_9)
FN:112,(anonymous_10)
FN:113,(anonymous_11)
FN:115,(anonymous_12)
FN:120,(anonymous_13)
FN:130,(anonymous_14)
FN:131,(anonymous_15)
FN:137,(anonymous_16)
FN:151,(anonymous_17)
FN:168,(anonymous_18)
FN:180,(anonymous_19)
FN:180,(anonymous_20)
FN:184,(anonymous_21)
FN:195,(anonymous_22)
FN:210,(anonymous_23)
FN:226,(anonymous_24)
FN:271,(anonymous_25)
FN:280,(anonymous_26)
FN:295,(anonymous_27)
FN:333,(anonymous_28)
FN:344,(anonymous_29)
FN:353,(anonymous_30)
FN:487,(anonymous_31)
FN:498,(anonymous_32)
FN:504,(anonymous_33)
FNF:34
FNH:0
FNDA:0,(anonymous_0)
FNDA:0,(anonymous_1)
FNDA:0,(anonymous_2)
FNDA:0,(anonymous_3)
FNDA:0,(anonymous_4)
FNDA:0,(anonymous_5)
FNDA:0,(anonymous_6)
FNDA:0,(anonymous_7)
FNDA:0,(anonymous_8)
FNDA:0,(anonymous_9)
FNDA:0,(anonymous_10)
FNDA:0,(anonymous_11)
FNDA:0,(anonymous_12)
FNDA:0,(anonymous_13)
FNDA:0,(anonymous_14)
FNDA:0,(anonymous_15)
FNDA:0,(anonymous_16)
FNDA:0,(anonymous_17)
FNDA:0,(anonymous_18)
FNDA:0,(anonymous_19)
FNDA:0,(anonymous_20)
FNDA:0,(anonymous_21)
FNDA:0,(anonymous_22)
FNDA:0,(anonymous_23)
FNDA:0,(anonymous_24)
FNDA:0,(anonymous_25)
FNDA:0,(anonymous_26)
FNDA:0,(anonymous_27)
FNDA:0,(anonymous_28)
FNDA:0,(anonymous_29)
FNDA:0,(anonymous_30)
FNDA:0,(anonymous_31)
FNDA:0,(anonymous_32)
FNDA:0,(anonymous_33)
DA:7,0
DA:8,0
DA:9,0
DA:11,0
DA:12,0
DA:13,0
DA:14,0
DA:15,0
DA:16,0
DA:17,0
DA:20,0
DA:21,0
DA:24,0
DA:35,0
DA:36,0
DA:37,0
DA:38,0
DA:43,0
DA:45,0
DA:46,0
DA:48,0
DA:49,0
DA:51,0
DA:54,0
DA:57,0
DA:58,0
DA:60,0
DA:62,0
DA:66,0
DA:70,0
DA:71,0
DA:74,0
DA:75,0
DA:76,0
DA:77,0
DA:85,0
DA:86,0
DA:89,0
DA:93,0
DA:94,0
DA:95,0
DA:102,0
DA:103,0
DA:104,0
DA:112,0
DA:113,0
DA:115,0
DA:120,0
DA:121,0
DA:123,0
DA:124,0
DA:127,0
DA:129,0
DA:130,0
DA:131,0
DA:133,0
DA:136,0
DA:137,0
DA:138,0
DA:142,0
DA:144,0
DA:146,0
DA:151,0
DA:152,0
DA:154,0
DA:155,0
DA:164,0
DA:168,0
DA:169,0
DA:171,0
DA:172,0
DA:175,0
DA:176,0
DA:177,0
DA:180,0
DA:181,0
DA:184,0
DA:185,0
DA:188,0
DA:190,0
DA:195,0
DA:196,0
DA:205,0
DA:206,0
DA:210,0
DA:211,0
DA:213,0
DA:215,0
DA:217,0
DA:219,0
DA:221,0
DA:226,0
DA:227,0
DA:229,0
DA:231,0
DA:233,0
DA:235,0
DA:239,0
DA:240,0
DA:243,0
DA:271,0
DA:280,0
DA:296,0
DA:334,0
DA:344,0
DA:353,0
DA:488,0
DA:489,0
DA:490,0
DA:491,0
DA:499,0
DA:504,0
LF:112
LH:0
BRDA:43,0,0,0
BRDA:43,0,1,0
BRDA:46,1,0,0
BRDA:46,1,1,0
BRDA:49,2,0,0
BRDA:49,2,1,0
BRDA:60,3,0,0
BRDA:60,3,1,0
BRDA:74,4,0,0
BRDA:74,4,1,0
BRDA:77,5,0,0
BRDA:77,5,1,0
BRDA:77,5,2,0
BRDA:77,5,3,0
BRDA:77,5,4,0
BRDA:85,6,0,0
BRDA:85,6,1,0
BRDA:103,7,0,0
BRDA:103,7,1,0
BRDA:103,8,0,0
BRDA:103,8,1,0
BRDA:127,9,0,0
BRDA:127,9,1,0
BRDA:127,10,0,0
BRDA:127,10,1,0
BRDA:131,11,0,0
BRDA:131,11,1,0
BRDA:144,12,0,0
BRDA:144,12,1,0
BRDA:152,13,0,0
BRDA:152,13,1,0
BRDA:158,14,0,0
BRDA:158,14,1,0
BRDA:159,15,0,0
BRDA:159,15,1,0
BRDA:162,16,0,0
BRDA:162,16,1,0
BRDA:169,17,0,0
BRDA:169,17,1,0
BRDA:171,18,0,0
BRDA:171,18,1,0
BRDA:188,19,0,0
BRDA:188,19,1,0
BRDA:211,20,0,0
BRDA:211,20,1,0
BRDA:211,20,2,0
BRDA:211,20,3,0
BRDA:211,20,4,0
BRDA:227,21,0,0
BRDA:227,21,1,0
BRDA:227,21,2,0
BRDA:227,21,3,0
BRDA:239,22,0,0
BRDA:239,22,1,0
BRDA:250,23,0,0
BRDA:250,23,1,0
BRDA:254,24,0,0
BRDA:254,24,1,0
BRDA:293,25,0,0
BRDA:293,25,1,0
BRDA:301,26,0,0
BRDA:301,26,1,0
BRDA:302,27,0,0
BRDA:302,27,1,0
BRDA:303,28,0,0
BRDA:303,28,1,0
BRDA:306,29,0,0
BRDA:306,29,1,0
BRDA:307,30,0,0
BRDA:307,30,1,0
BRDA:315,31,0,0
BRDA:315,31,1,0
BRDA:322,32,0,0
BRDA:322,32,1,0
BRDA:331,33,0,0
BRDA:331,33,1,0
BRDA:331,33,2,0
BRDA:341,34,0,0
BRDA:341,34,1,0
BRDA:350,35,0,0
BRDA:350,35,1,0
BRDA:365,36,0,0
BRDA:365,36,1,0
BRDA:375,37,0,0
BRDA:375,37,1,0
BRDA:375,37,2,0
BRDA:379,38,0,0
BRDA:379,38,1,0
BRDA:488,39,0,0
BRDA:488,39,1,0
BRDA:515,40,0,0
BRDA:515,40,1,0
BRDA:515,41,0,0
BRDA:515,41,1,0
BRDA:518,42,0,0
BRDA:518,42,1,0
BRF:96
BRH:0
end_of_record
TN:
SF:src\pages\TestPage.js
FN:32,(anonymous_0)
FN:122,(anonymous_1)
FN:128,(anonymous_2)
FN:130,(anonymous_3)
FN:137,(anonymous_4)
FN:141,(anonymous_5)
FN:182,(anonymous_6)
FN:227,(anonymous_7)
FNF:8
FNH:0
FNDA:0,(anonymous_0)
FNDA:0,(anonymous_1)
FNDA:0,(anonymous_2)
FNDA:0,(anonymous_3)
FNDA:0,(anonymous_4)
FNDA:0,(anonymous_5)
FNDA:0,(anonymous_6)
FNDA:0,(anonymous_7)
DA:27,0
DA:28,0
DA:29,0
DA:32,0
DA:34,0
DA:44,0
DA:56,0
DA:58,0
DA:59,0
DA:60,0
DA:66,0
DA:67,0
DA:68,0
DA:69,0
DA:71,0
DA:77,0
DA:81,0
DA:114,0
DA:122,0
DA:123,0
DA:124,0
DA:125,0
DA:126,0
DA:128,0
DA:130,0
DA:131,0
DA:132,0
DA:137,0
DA:138,0
DA:141,0
DA:142,0
DA:147,0
DA:148,0
DA:157,0
DA:183,0
DA:227,0
LF:36
LH:0
BRDA:73,0,0,0
BRDA:73,0,1,0
BRDA:147,1,0,0
BRDA:147,1,1,0
BRDA:147,2,0,0
BRDA:147,2,1,0
BRDA:191,3,0,0
BRDA:191,3,1,0
BRDA:192,4,0,0
BRDA:192,4,1,0
BRF:10
BRH:0
end_of_record
TN:
SF:src\pages\Auth\AccessDenied.js
FN:5,(anonymous_0)
FNF:1
FNH:0
FNDA:0,(anonymous_0)
DA:5,0
DA:6,0
LF:2
LH:0
BRF:0
BRH:0
end_of_record
TN:
SF:src\pages\Auth\ForgotPassword.js
FN:6,(anonymous_0)
FN:15,(anonymous_1)
FN:17,(anonymous_2)
FN:24,(anonymous_3)
FN:84,(anonymous_4)
FNF:5
FNH:0
FNDA:0,(anonymous_0)
FNDA:0,(anonymous_1)
FNDA:0,(anonymous_2)
FNDA:0,(anonymous_3)
FNDA:0,(anonymous_4)
DA:6,0
DA:7,0
DA:8,0
DA:11,0
DA:12,0
DA:15,0
DA:16,0
DA:17,0
DA:24,0
DA:25,0
DA:26,0
DA:29,0
DA:30,0
DA:31,0
DA:34,0
DA:35,0
DA:36,0
DA:37,0
DA:40,0
DA:41,0
DA:42,0
DA:44,0
DA:48,0
DA:84,0
LF:24
LH:0
BRDA:29,0,0,0
BRDA:29,0,1,0
BRDA:35,1,0,0
BRDA:35,1,1,0
BRDA:44,2,0,0
BRDA:44,2,1,0
BRDA:56,3,0,0
BRDA:56,3,1,0
BRDA:58,4,0,0
BRDA:58,4,1,0
BRDA:115,5,0,0
BRDA:115,5,1,0
BRF:12
BRH:0
end_of_record
TN:
SF:src\pages\Auth\Login.js
FN:6,(anonymous_0)
FN:24,(anonymous_1)
FN:31,(anonymous_2)
FN:48,(anonymous_3)
FN:66,(anonymous_4)
FN:94,(anonymous_5)
FN:113,(anonymous_6)
FN:146,(anonymous_7)
FN:258,(anonymous_8)
FN:267,(anonymous_9)
FNF:10
FNH:0
FNDA:0,(anonymous_0)
FNDA:0,(anonymous_1)
FNDA:0,(anonymous_2)
FNDA:0,(anonymous_3)
FNDA:0,(anonymous_4)
FNDA:0,(anonymous_5)
FNDA:0,(anonymous_6)
FNDA:0,(anonymous_7)
FNDA:0,(anonymous_8)
FNDA:0,(anonymous_9)
DA:6,0
DA:7,0
DA:13,0
DA:14,0
DA:16,0
DA:17,0
DA:18,0
DA:21,0
DA:24,0
DA:25,0
DA:26,0
DA:31,0
DA:32,0
DA:33,0
DA:39,0
DA:40,0
DA:48,0
DA:49,0
DA:52,0
DA:53,0
DA:57,0
DA:58,0
DA:61,0
DA:62,0
DA:66,0
DA:67,0
DA:69,0
DA:70,0
DA:73,0
DA:74,0
DA:76,0
DA:79,0
DA:82,0
DA:87,0
DA:92,0
DA:94,0
DA:95,0
DA:97,0
DA:100,0
DA:101,0
DA:102,0
DA:103,0
DA:106,0
DA:113,0
DA:115,0
DA:116,0
DA:120,0
DA:122,0
DA:124,0
DA:127,0
DA:129,0
DA:131,0
DA:132,0
DA:134,0
DA:143,0
DA:146,0
DA:147,0
DA:148,0
DA:149,0
DA:154,0
DA:155,0
DA:162,0
DA:258,0
DA:267,0
LF:64
LH:0
BRDA:21,0,0,0
BRDA:21,0,1,0
BRDA:25,1,0,0
BRDA:25,1,1,0
BRDA:35,2,0,0
BRDA:35,2,1,0
BRDA:39,3,0,0
BRDA:39,3,1,0
BRDA:52,4,0,0
BRDA:52,4,1,0
BRDA:57,5,0,0
BRDA:57,5,1,0
BRDA:69,6,0,0
BRDA:69,6,1,0
BRDA:84,7,0,0
BRDA:84,7,1,0
BRDA:115,8,0,0
BRDA:115,8,1,0
BRDA:120,9,0,0
BRDA:120,9,1,0
BRDA:122,10,0,0
BRDA:122,10,1,0
BRDA:122,11,0,0
BRDA:122,11,1,0
BRDA:122,11,2,0
BRDA:124,12,0,0
BRDA:124,12,1,0
BRDA:136,13,0,0
BRDA:136,13,1,0
BRDA:147,14,0,0
BRDA:147,14,1,0
BRDA:147,15,0,0
BRDA:147,15,1,0
BRDA:171,16,0,0
BRDA:171,16,1,0
BRDA:184,17,0,0
BRDA:184,17,1,0
BRDA:192,18,0,0
BRDA:192,18,1,0
BRDA:209,19,0,0
BRDA:209,19,1,0
BRDA:216,20,0,0
BRDA:216,20,1,0
BRDA:241,21,0,0
BRDA:241,21,1,0
BRF:45
BRH:0
end_of_record
TN:
SF:src\pages\Auth\Register.js
FN:6,(anonymous_0)
FN:24,(anonymous_1)
FN:41,(anonymous_2)
FN:77,(anonymous_3)
FN:102,(anonymous_4)
FNF:5
FNH:0
FNDA:0,(anonymous_0)
FNDA:0,(anonymous_1)
FNDA:0,(anonymous_2)
FNDA:0,(anonymous_3)
FNDA:0,(anonymous_4)
DA:6,0
DA:7,0
DA:16,0
DA:17,0
DA:18,0
DA:20,0
DA:21,0
DA:24,0
DA:25,0
DA:26,0
DA:32,0
DA:33,0
DA:41,0
DA:42,0
DA:45,0
DA:46,0
DA:47,0
DA:48,0
DA:52,0
DA:53,0
DA:54,0
DA:55,0
DA:59,0
DA:60,0
DA:61,0
DA:62,0
DA:63,0
DA:64,0
DA:68,0
DA:69,0
DA:72,0
DA:73,0
DA:77,0
DA:78,0
DA:80,0
DA:81,0
DA:84,0
DA:85,0
DA:88,0
DA:97,0
DA:99,0
DA:102,0
DA:103,0
DA:107,0
DA:112,0
DA:116,0
LF:46
LH:0
BRDA:32,0,0,0
[...]
BRDA:59,1,13,0
BRDA:59,1,14,0
BRDA:59,1,15,0
BRDA:59,1,16,0
BRDA:59,1,17,0
BRDA:59,1,18,0
BRDA:59,1,19,0
BRDA:59,1,20,0
BRDA:59,1,21,0
BRDA:59,1,22,0
BRDA:59,1,23,0
BRDA:59,1,24,0
BRF:26
BRH:0
end_of_record
TN:
SF:src\redux\selectors\loadOptimizationSelectors.js
FN:4,(anonymous_0)
FN:7,(anonymous_1)
FN:10,(anonymous_2)
FN:13,(anonymous_3)
FN:16,(anonymous_4)
FN:17,(anonymous_5)
FN:18,(anonymous_6)
FN:19,(anonymous_7)
FN:22,(anonymous_8)
FN:25,(anonymous_9)
FN:30,(anonymous_10)
FN:42,(anonymous_11)
FN:48,(anonymous_12)
FN:64,(anonymous_13)
FN:77,(anonymous_14)
FN:78,(anonymous_15)
FN:84,(anonymous_16)
FNF:17
FNH:0
FNDA:0,(anonymous_0)
FNDA:0,(anonymous_1)
FNDA:0,(anonymous_2)
FNDA:0,(anonymous_3)
FNDA:0,(anonymous_4)
FNDA:0,(anonymous_5)
FNDA:0,(anonymous_6)
FNDA:0,(anonymous_7)
FNDA:0,(anonymous_8)
FNDA:0,(anonymous_9)
FNDA:0,(anonymous_10)
FNDA:0,(anonymous_11)
FNDA:0,(anonymous_12)
FNDA:0,(anonymous_13)
FNDA:0,(anonymous_14)
FNDA:0,(anonymous_15)
FNDA:0,(anonymous_16)
DA:4,0
DA:7,0
DA:10,0
DA:13,0
DA:16,0
DA:17,0
DA:18,0
DA:19,0
DA:22,0
DA:25,0
DA:26,0
DA:28,0
DA:30,0
DA:31,0
DA:33,0
DA:34,0
DA:38,0
DA:42,0
DA:43,0
DA:44,0
DA:46,0
DA:48,0
DA:49,0
DA:51,0
DA:52,0
DA:53,0
DA:54,0
DA:57,0
DA:60,0
DA:64,0
DA:65,0
DA:67,0
DA:68,0
DA:77,0
DA:78,0
DA:79,0
DA:80,0
DA:81,0
DA:84,0
DA:86,0
LF:40
LH:0
BRDA:33,0,0,0
BRDA:33,0,1,0
BRDA:33,1,0,0
BRDA:33,1,1,0
BRDA:42,2,0,0
BRDA:42,3,0,0
BRDA:51,4,0,0
BRDA:51,4,1,0
BRDA:53,5,0,0
BRDA:53,5,1,0
BRDA:67,6,0,0
BRDA:67,6,1,0
BRF:12
BRH:0
end_of_record
TN:
SF:src\redux\types\loadOptimizationTypes.js
FNF:0
FNH:0
DA:6,0
DA:7,0
DA:8,0
DA:11,0
DA:12,0
DA:13,0
DA:16,0
DA:17,0
DA:18,0
DA:21,0
DA:22,0
DA:23,0
DA:26,0
DA:27,0
DA:28,0
DA:31,0
DA:32,0
DA:33,0
DA:36,0
DA:37,0
DA:38,0
DA:39,0
DA:40,0
DA:41,0
LF:24
LH:0
BRF:0
BRH:0
end_of_record
TN:
SF:src\services\authService.js
FN:16,(anonymous_0)
FN:23,(anonymous_1)
FN:30,(anonymous_2)
FN:31,(anonymous_3)
FN:43,(anonymous_4)
FN:53,(anonymous_5)
FN:63,(anonymous_6)
FN:73,(anonymous_7)
FN:78,(anonymous_8)
FN:88,(anonymous_9)
FN:98,(anonymous_10)
FN:108,(anonymous_11)
FN:118,(anonymous_12)
FN:128,(anonymous_13)
FN:138,(anonymous_14)
FN:148,(anonymous_15)
FN:158,(anonymous_16)
FN:168,(anonymous_17)
FN:178,(anonymous_18)
FN:188,(anonymous_19)
FN:198,(anonymous_20)
FN:208,(anonymous_21)
FN:218,(anonymous_22)
FNF:23
FNH:0
FNDA:0,(anonymous_0)
FNDA:0,(anonymous_1)
FNDA:0,(anonymous_2)
FNDA:0,(anonymous_3)
FNDA:0,(anonymous_4)
FNDA:0,(anonymous_5)
FNDA:0,(anonymous_6)
FNDA:0,(anonymous_7)
FNDA:0,(anonymous_8)
FNDA:0,(anonymous_9)
FNDA:0,(anonymous_10)
FNDA:0,(anonymous_11)
FNDA:0,(anonymous_12)
FNDA:0,(anonymous_13)
FNDA:0,(anonymous_14)
FNDA:0,(anonymous_15)
FNDA:0,(anonymous_16)
FNDA:0,(anonymous_17)
FNDA:0,(anonymous_18)
FNDA:0,(anonymous_19)
FNDA:0,(anonymous_20)
FNDA:0,(anonymous_21)
FNDA:0,(anonymous_22)
DA:4,0
DA:7,0
DA:15,0
DA:17,0
DA:18,0
DA:19,0
DA:21,0
DA:24,0
DA:29,0
DA:30,0
DA:33,0
DA:34,0
DA:38,0
DA:43,0
DA:44,0
DA:45,0
DA:47,0
DA:51,0
DA:54,0
DA:55,0
DA:56,0
DA:58,0
DA:64,0
DA:65,0
DA:66,0
DA:68,0
DA:74,0
DA:79,0
DA:80,0
DA:81,0
DA:83,0
DA:89,0
DA:90,0
DA:91,0
DA:93,0
DA:99,0
DA:100,0
DA:101,0
DA:103,0
DA:109,0
DA:110,0
DA:111,0
DA:113,0
DA:119,0
DA:120,0
DA:121,0
DA:123,0
DA:129,0
DA:130,0
DA:131,0
DA:133,0
DA:139,0
DA:140,0
DA:141,0
DA:143,0
DA:149,0
DA:150,0
DA:151,0
DA:153,0
DA:159,0
DA:160,0
DA:161,0
DA:163,0
DA:169,0
DA:170,0
DA:171,0
DA:173,0
DA:179,0
DA:180,0
DA:181,0
DA:183,0
DA:189,0
DA:190,0
DA:191,0
DA:193,0
DA:199,0
DA:200,0
DA:201,0
DA:203,0
DA:209,0
DA:210,0
DA:211,0
DA:213,0
DA:219,0
DA:220,0
DA:221,0
DA:223,0
LF:87
LH:0
BRDA:4,0,0,0
BRDA:4,0,1,0
BRDA:18,1,0,0
BRDA:18,1,1,0
BRDA:33,2,0,0
BRDA:33,2,1,0
BRDA:33,3,0,0
BRDA:33,3,1,0
BRDA:44,4,0,0
BRDA:44,4,1,0
BRDA:44,5,0,0
BRDA:44,5,1,0
BRDA:45,6,0,0
BRDA:45,6,1,0
BRDA:45,6,2,0
BRDA:47,7,0,0
BRDA:47,7,1,0
BRF:17
BRH:0
end_of_record
TN:
SF:src\services\feedbackService.js
FN:6,(anonymous_0)
FN:14,(anonymous_1)
FN:21,(anonymous_2)
FN:26,(anonymous_3)
FN:27,(anonymous_4)
FN:42,(anonymous_5)
FN:52,(anonymous_6)
FN:62,(anonymous_7)
FN:72,(anonymous_8)
FN:85,(anonymous_9)
FN:95,(anonymous_10)
FN:106,(anonymous_11)
FN:116,(anonymous_12)
FN:126,(anonymous_13)
FN:138,(anonymous_14)
FN:148,(anonymous_15)
FN:161,(anonymous_16)
FN:186,(anonymous_17)
FN:196,(anonymous_18)
FN:206,(anonymous_19)
FN:216,(anonymous_20)
FN:226,(anonymous_21)
FNF:22
FNH:0
FNDA:0,(anonymous_0)
FNDA:0,(anonymous_1)
FNDA:0,(anonymous_2)
FNDA:0,(anonymous_3)
FNDA:0,(anonymous_4)
FNDA:0,(anonymous_5)
FNDA:0,(anonymous_6)
FNDA:0,(anonymous_7)
FNDA:0,(anonymous_8)
FNDA:0,(anonymous_9)
FNDA:0,(anonymous_10)
FNDA:0,(anonymous_11)
FNDA:0,(anonymous_12)
FNDA:0,(anonymous_13)
FNDA:0,(anonymous_14)
FNDA:0,(anonymous_15)
FNDA:0,(anonymous_16)
FNDA:0,(anonymous_17)
FNDA:0,(anonymous_18)
FNDA:0,(anonymous_19)
FNDA:0,(anonymous_20)
FNDA:0,(anonymous_21)
DA:3,0
DA:7,0
DA:13,0
DA:15,0
DA:16,0
DA:17,0
DA:19,0
DA:21,0
DA:25,0
DA:26,0
DA:28,0
DA:30,0
DA:32,0
DA:33,0
DA:36,0
DA:43,0
DA:44,0
DA:45,0
DA:47,0
DA:53,0
DA:54,0
DA:55,0
DA:57,0
DA:63,0
DA:64,0
DA:65,0
DA:67,0
DA:73,0
DA:74,0
DA:78,0
DA:80,0
DA:86,0
DA:87,0
DA:88,0
DA:90,0
DA:96,0
DA:97,0
DA:98,0
DA:99,0
DA:101,0
DA:107,0
DA:108,0
DA:109,0
DA:111,0
DA:117,0
DA:118,0
DA:119,0
DA:121,0
DA:127,0
DA:128,0
DA:131,0
DA:133,0
DA:139,0
DA:140,0
DA:141,0
DA:143,0
DA:149,0
DA:150,0
DA:154,0
DA:156,0
DA:162,0
DA:163,0
DA:169,0
DA:170,0
DA:171,0
DA:172,0
DA:173,0
DA:174,0
DA:175,0
DA:176,0
DA:177,0
DA:179,0
DA:181,0
DA:187,0
DA:188,0
DA:189,0
DA:191,0
DA:197,0
DA:198,0
DA:199,0
DA:201,0
DA:207,0
DA:208,0
DA:209,0
DA:211,0
DA:217,0
DA:218,0
DA:219,0
DA:221,0
DA:227,0
DA:228,0
DA:229,0
DA:231,0
DA:236,0
LF:94
LH:0
BRDA:3,0,0,0
BRDA:3,0,1,0
BRDA:16,1,0,0
BRDA:16,1,1,0
BRDA:30,2,0,0
BRDA:30,2,1,0
BRDA:47,3,0,0
BRDA:47,3,1,0
BRDA:52,4,0,0
BRDA:57,5,0,0
BRDA:57,5,1,0
BRDA:67,6,0,0
BRDA:67,6,1,0
BRDA:72,7,0,0
BRDA:80,8,0,0
BRDA:80,8,1,0
BRDA:90,9,0,0
BRDA:90,9,1,0
BRDA:95,10,0,0
BRDA:97,11,0,0
BRDA:97,11,1,0
BRDA:101,12,0,0
BRDA:101,12,1,0
BRDA:106,13,0,0
BRDA:111,14,0,0
BRDA:111,14,1,0
BRDA:116,15,0,0
BRDA:121,16,0,0
BRDA:121,16,1,0
BRDA:126,17,0,0
BRDA:133,18,0,0
BRDA:133,18,1,0
BRDA:143,19,0,0
BRDA:143,19,1,0
BRDA:156,20,0,0
BRDA:156,20,1,0
BRDA:161,21,0,0
BRDA:161,22,0,0
BRDA:181,23,0,0
BRDA:181,23,1,0
BRDA:191,24,0,0
BRDA:191,24,1,0
BRDA:201,25,0,0
BRDA:201,25,1,0
BRDA:211,26,0,0
BRDA:211,26,1,0
BRDA:221,27,0,0
BRDA:221,27,1,0
BRDA:231,28,0,0
BRDA:231,28,1,0
BRF:50
BRH:0
end_of_record
TN:
SF:src\services\loadOptimizationService.js
FN:21,(anonymous_0)
FN:28,(anonymous_1)
FN:35,(anonymous_2)
FN:38,(anonymous_3)
FN:59,(anonymous_4)
FN:76,(anonymous_5)
FN:101,(anonymous_6)
FN:119,(anonymous_7)
FN:135,(anonymous_8)
FN:154,(anonymous_9)
FNF:10
FNH:0
FNDA:0,(anonymous_0)
FNDA:0,(anonymous_1)
FNDA:0,(anonymous_2)
FNDA:0,(anonymous_3)
FNDA:0,(anonymous_4)
FNDA:0,(anonymous_5)
FNDA:0,(anonymous_6)
FNDA:0,(anonymous_7)
FNDA:0,(anonymous_8)
FNDA:0,(anonymous_9)
DA:9,0
DA:12,0
DA:20,0
DA:22,0
DA:23,0
DA:24,0
DA:26,0
DA:29,0
DA:34,0
DA:36,0
DA:40,0
DA:41,0
DA:42,0
DA:49,0
DA:60,0
DA:61,0
DA:63,0
DA:64,0
DA:77,0
DA:79,0
DA:80,0
DA:81,0
DA:84,0
DA:86,0
DA:87,0
DA:102,0
DA:103,0
DA:105,0
DA:106,0
DA:120,0
DA:121,0
DA:123,0
DA:124,0
DA:136,0
DA:137,0
DA:139,0
DA:140,0
DA:155,0
DA:156,0
DA:158,0
DA:159,0
LF:41
LH:0
BRDA:9,0,0,0
BRDA:9,0,1,0
BRDA:23,1,0,0
BRDA:23,1,1,0
BRDA:40,2,0,0
BRDA:40,2,1,0
BRDA:80,3,0,0
BRDA:80,3,1,0
BRF:8
BRH:0
end_of_record
TN:
SF:src\services\notificationService.js
FN:16,(anonymous_0)
FN:23,(anonymous_1)
FN:30,(anonymous_2)
FN:31,(anonymous_3)
FN:37,(anonymous_4)
FN:47,(anonymous_5)
FN:69,(anonymous_6)
FN:79,(anonymous_7)
FN:89,(anonymous_8)
FN:99,(anonymous_9)
FN:109,(anonymous_10)
FN:119,(anonymous_11)
FNF:12
FNH:0
FNDA:0,(anonymous_0)
FNDA:0,(anonymous_1)
FNDA:0,(anonymous_2)
FNDA:0,(anonymous_3)
FNDA:0,(anonymous_4)
FNDA:0,(anonymous_5)
FNDA:0,(anonymous_6)
FNDA:0,(anonymous_7)
FNDA:0,(anonymous_8)
FNDA:0,(anonymous_9)
FNDA:0,(anonymous_10)
FNDA:0,(anonymous_11)
DA:4,0
DA:7,0
DA:15,0
DA:17,0
DA:18,0
DA:19,0
DA:21,0
DA:24,0
DA:29,0
DA:30,0
DA:32,0
DA:37,0
DA:38,0
DA:39,0
DA:41,0
DA:45,0
DA:48,0
DA:49,0
DA:51,0
DA:53,0
DA:54,0
DA:57,0
DA:58,0
DA:61,0
DA:62,0
DA:64,0
DA:70,0
DA:71,0
DA:72,0
DA:74,0
DA:80,0
DA:81,0
DA:82,0
DA:84,0
DA:90,0
DA:91,0
DA:92,0
DA:94,0
DA:100,0
DA:101,0
DA:102,0
DA:104,0
DA:110,0
DA:111,0
DA:112,0
DA:114,0
DA:120,0
DA:121,0
DA:122,0
DA:124,0
LF:50
LH:0
BRDA:4,0,0,0
BRDA:4,0,1,0
BRDA:18,1,0,0
BRDA:18,1,1,0
BRDA:38,2,0,0
BRDA:38,2,1,0
BRDA:38,3,0,0
BRDA:38,3,1,0
BRDA:39,4,0,0
BRDA:39,4,1,0
BRDA:39,4,2,0
BRDA:41,5,0,0
BRDA:41,5,1,0
BRDA:47,6,0,0
BRDA:49,7,0,0
BRDA:49,8,0,0
BRDA:49,9,0,0
BRDA:49,10,0,0
BRDA:53,11,0,0
BRDA:53,11,1,0
BRDA:57,12,0,0
BRDA:57,12,1,0
BRF:22
BRH:0
end_of_record
TN:
SF:src\services\roleService.js
FN:16,(anonymous_0)
FN:23,(anonymous_1)
FN:30,(anonymous_2)
FN:40,(anonymous_3)
FN:50,(anonymous_4)
FN:63,(anonymous_5)
FN:73,(anonymous_6)
FN:82,(anonymous_7)
FN:95,(anonymous_8)
FN:107,(anonymous_9)
FN:117,(anonymous_10)
FN:127,(anonymous_11)
FN:140,(anonymous_12)
FNF:13
FNH:0
FNDA:0,(anonymous_0)
FNDA:0,(anonymous_1)
FNDA:0,(anonymous_2)
FNDA:0,(anonymous_3)
FNDA:0,(anonymous_4)
FNDA:0,(anonymous_5)
FNDA:0,(anonymous_6)
FNDA:0,(anonymous_7)
FNDA:0,(anonymous_8)
FNDA:0,(anonymous_9)
FNDA:0,(anonymous_10)
FNDA:0,(anonymous_11)
FNDA:0,(anonymous_12)
DA:4,0
DA:7,0
DA:15,0
DA:17,0
DA:18,0
DA:19,0
DA:21,0
DA:24,0
DA:28,0
DA:31,0
DA:32,0
DA:33,0
DA:35,0
DA:41,0
DA:42,0
DA:43,0
DA:45,0
DA:51,0
DA:52,0
DA:56,0
DA:58,0
DA:64,0
DA:65,0
DA:66,0
DA:68,0
DA:74,0
DA:75,0
DA:77,0
DA:83,0
DA:84,0
DA:88,0
DA:90,0
DA:96,0
DA:97,0
DA:100,0
DA:102,0
DA:108,0
DA:109,0
DA:110,0
DA:112,0
DA:118,0
DA:119,0
DA:120,0
DA:122,0
DA:128,0
DA:129,0
DA:132,0
DA:134,0
DA:140,0
DA:141,0
DA:143,0
DA:145,0
DA:146,0
DA:149,0
DA:150,0
DA:153,0
DA:154,0
DA:157,0
DA:158,0
DA:163,0
LF:60
LH:0
BRDA:4,0,0,0
BRDA:4,0,1,0
BRDA:18,1,0,0
BRDA:18,1,1,0
BRDA:141,2,0,0
BRDA:141,2,1,0
BRDA:145,3,0,0
BRDA:145,3,1,0
BRDA:149,4,0,0
BRDA:149,4,1,0
BRDA:153,5,0,0
BRDA:153,5,1,0
BRDA:157,6,0,0
BRDA:157,6,1,0
BRDA:157,7,0,0
BRDA:157,7,1,0
BRF:16
BRH:0
end_of_record
TN:
SF:src\services\taskService.js
FN:16,(anonymous_0)
FN:23,(anonymous_1)
FN:29,(anonymous_2)
FN:39,(anonymous_3)
FN:62,(anonymous_4)
FN:72,(anonymous_5)
FN:92,(anonymous_6)
FN:112,(anonymous_7)
FN:132,(anonymous_8)
FN:152,(anonymous_9)
FN:173,(anonymous_10)
FN:183,(anonymous_11)
FN:193,(anonymous_12)
FN:203,(anonymous_13)
FN:213,(anonymous_14)
FNF:15
FNH:0
FNDA:0,(anonymous_0)
FNDA:0,(anonymous_1)
FNDA:0,(anonymous_2)
FNDA:0,(anonymous_3)
FNDA:0,(anonymous_4)
FNDA:0,(anonymous_5)
FNDA:0,(anonymous_6)
FNDA:0,(anonymous_7)
FNDA:0,(anonymous_8)
FNDA:0,(anonymous_9)
FNDA:0,(anonymous_10)
FNDA:0,(anonymous_11)
FNDA:0,(anonymous_12)
FNDA:0,(anonymous_13)
FNDA:0,(anonymous_14)
DA:4,0
DA:7,0
DA:15,0
DA:17,0
DA:18,0
DA:19,0
DA:21,0
DA:24,0
DA:29,0
DA:30,0
DA:31,0
DA:33,0
DA:37,0
DA:40,0
DA:41,0
DA:44,0
DA:45,0
DA:46,0
DA:48,0
DA:49,0
DA:50,0
DA:51,0
DA:52,0
DA:54,0
DA:55,0
DA:57,0
DA:63,0
DA:64,0
DA:65,0
DA:67,0
DA:73,0
DA:74,0
DA:77,0
DA:78,0
DA:79,0
DA:81,0
DA:82,0
DA:84,0
DA:85,0
DA:87,0
DA:93,0
DA:94,0
DA:97,0
DA:98,0
DA:99,0
DA:101,0
DA:102,0
DA:104,0
DA:105,0
DA:107,0
DA:113,0
DA:114,0
DA:117,0
DA:118,0
DA:119,0
DA:121,0
DA:122,0
DA:124,0
DA:125,0
DA:127,0
DA:133,0
DA:134,0
DA:137,0
DA:138,0
DA:139,0
DA:141,0
DA:142,0
DA:144,0
DA:145,0
DA:147,0
DA:153,0
DA:154,0
DA:157,0
DA:158,0
DA:159,0
DA:160,0
DA:162,0
DA:163,0
DA:165,0
DA:166,0
DA:168,0
DA:174,0
DA:175,0
DA:176,0
DA:178,0
DA:184,0
DA:185,0
DA:186,0
DA:188,0
DA:194,0
DA:195,0
DA:196,0
DA:198,0
DA:204,0
DA:205,0
DA:206,0
DA:208,0
DA:214,0
DA:215,0
DA:216,0
DA:218,0
LF:101
LH:0
BRDA:4,0,0,0
BRDA:4,0,1,0
BRDA:18,1,0,0
BRDA:18,1,1,0
BRDA:30,2,0,0
BRDA:30,2,1,0
BRDA:30,3,0,0
BRDA:30,3,1,0
BRDA:31,4,0,0
BRDA:31,4,1,0
BRDA:31,4,2,0
BRDA:33,5,0,0
BRDA:33,5,1,0
BRDA:39,6,0,0
BRDA:41,7,0,0
BRDA:41,8,0,0
BRDA:48,9,0,0
BRDA:48,9,1,0
BRDA:49,10,0,0
BRDA:49,10,1,0
BRDA:50,11,0,0
BRDA:50,11,1,0
BRDA:51,12,0,0
BRDA:51,12,1,0
BRDA:52,13,0,0
BRDA:52,13,1,0
BRDA:72,14,0,0
BRDA:74,15,0,0
BRDA:74,16,0,0
BRDA:81,17,0,0
BRDA:81,17,1,0
BRDA:82,18,0,0
BRDA:82,18,1,0
BRDA:92,19,0,0
BRDA:94,20,0,0
BRDA:94,21,0,0
BRDA:101,22,0,0
BRDA:101,22,1,0
BRDA:102,23,0,0
BRDA:102,23,1,0
BRDA:112,24,0,0
BRDA:114,25,0,0
BRDA:114,26,0,0
BRDA:121,27,0,0
BRDA:121,27,1,0
BRDA:122,28,0,0
BRDA:122,28,1,0
BRDA:132,29,0,0
BRDA:134,30,0,0
BRDA:134,31,0,0
BRDA:141,32,0,0
BRDA:141,32,1,0
BRDA:142,33,0,0
BRDA:142,33,1,0
BRDA:152,34,0,0
BRDA:154,35,0,0
BRDA:154,36,0,0
BRDA:162,37,0,0
BRDA:162,37,1,0
BRDA:163,38,0,0
BRDA:163,38,1,0
BRF:61
BRH:0
end_of_record
TN:
SF:src\services\websocket\WebSocketService.js
FN:2,(anonymous_0)
FN:25,(anonymous_1)
FN:35,(anonymous_2)
FN:41,(anonymous_3)
FN:53,(anonymous_4)
FN:57,(anonymous_5)
FN:71,(anonymous_6)
FN:90,(anonymous_7)
FN:103,(anonymous_8)
FN:124,(anonymous_9)
FN:129,(anonymous_10)
FN:134,(anonymous_11)
FN:142,(anonymous_12)
FN:149,(anonymous_13)
FN:158,(anonymous_14)
FN:182,(anonymous_15)
FN:193,(anonymous_16)
FN:208,(anonymous_17)
FN:225,(anonymous_18)
FN:232,(anonymous_19)
FN:235,(anonymous_20)
FN:240,(anonymous_21)
FN:249,(anonymous_22)
FN:262,(anonymous_23)
FN:270,(anonymous_24)
FN:284,(anonymous_25)
FN:294,(anonymous_26)
FN:300,(anonymous_27)
FN:307,(anonymous_28)
FNF:29
FNH:0
FNDA:0,(anonymous_0)
FNDA:0,(anonymous_1)
FNDA:0,(anonymous_2)
FNDA:0,(anonymous_3)
FNDA:0,(anonymous_4)
FNDA:0,(anonymous_5)
FNDA:0,(anonymous_6)
FNDA:0,(anonymous_7)
FNDA:0,(anonymous_8)
FNDA:0,(anonymous_9)
FNDA:0,(anonymous_10)
FNDA:0,(anonymous_11)
FNDA:0,(anonymous_12)
FNDA:0,(anonymous_13)
FNDA:0,(anonymous_14)
FNDA:0,(anonymous_15)
FNDA:0,(anonymous_16)
FNDA:0,(anonymous_17)
FNDA:0,(anonymous_18)
FNDA:0,(anonymous_19)
FNDA:0,(anonymous_20)
FNDA:0,(anonymous_21)
FNDA:0,(anonymous_22)
FNDA:0,(anonymous_23)
FNDA:0,(anonymous_24)
FNDA:0,(anonymous_25)
FNDA:0,(anonymous_26)
FNDA:0,(anonymous_27)
FNDA:0,(anonymous_28)
DA:3,0
DA:4,0
DA:5,0
DA:6,0
DA:7,0
DA:8,0
DA:9,0
DA:10,0
DA:11,0
DA:12,0
DA:13,0
DA:16,0
DA:17,0
DA:18,0
DA:19,0
DA:20,0
DA:21,0
DA:26,0
DA:27,0
DA:28,0
DA:31,0
DA:32,0
DA:33,0
DA:35,0
DA:36,0
DA:38,0
DA:39,0
DA:41,0
DA:42,0
DA:43,0
DA:44,0
DA:45,0
DA:46,0
DA:47,0
DA:49,0
DA:50,0
DA:53,0
DA:54,0
DA:57,0
DA:58,0
DA:59,0
DA:60,0
DA:61,0
DA:63,0
DA:66,0
DA:67,0
DA:71,0
DA:72,0
DA:73,0
DA:74,0
DA:76,0
DA:77,0
DA:81,0
DA:82,0
DA:83,0
DA:84,0
DA:91,0
DA:92,0
DA:94,0
DA:95,0
DA:96,0
DA:99,0
DA:104,0
DA:106,0
DA:107,0
DA:108,0
DA:109,0
DA:111,0
DA:112,0
DA:113,0
DA:117,0
DA:118,0
DA:119,0
DA:125,0
DA:130,0
DA:135,0
DA:136,0
DA:138,0
DA:143,0
DA:144,0
DA:150,0
DA:151,0
DA:153,0
DA:159,0
DA:163,0
DA:164,0
DA:166,0
DA:170,0
DA:171,0
DA:172,0
DA:176,0
DA:177,0
DA:181,0
DA:182,0
DA:183,0
DA:184,0
DA:186,0
DA:192,0
DA:193,0
DA:194,0
DA:195,0
DA:197,0
DA:203,0
DA:209,0
DA:210,0
DA:211,0
DA:212,0
DA:215,0
DA:216,0
DA:218,0
DA:223,0
DA:225,0
DA:226,0
DA:227,0
DA:233,0
DA:235,0
DA:236,0
DA:237,0
DA:240,0
DA:241,0
DA:242,0
DA:250,0
DA:251,0
DA:252,0
DA:255,0
DA:256,0
DA:257,0
DA:263,0
DA:264,0
DA:265,0
DA:271,0
DA:272,0
DA:273,0
DA:274,0
DA:276,0
DA:277,0
DA:278,0
DA:285,0
DA:286,0
DA:288,0
DA:289,0
DA:295,0
DA:296,0
DA:301,0
DA:307,0
DA:317,0
LF:146
LH:0
BRDA:25,0,0,0
BRDA:26,1,0,0
BRDA:26,1,1,0
BRDA:26,2,0,0
BRDA:26,2,1,0
BRDA:38,3,0,0
BRDA:38,3,1,0
BRDA:49,4,0,0
BRDA:49,4,1,0
BRDA:63,5,0,0
BRDA:63,5,1,0
BRDA:66,6,0,0
BRDA:66,6,1,0
BRDA:66,7,0,0
BRDA:66,7,1,0
BRDA:76,8,0,0
BRDA:76,8,1,0
BRDA:94,9,0,0
BRDA:94,9,1,0
BRDA:104,10,0,0
BRDA:104,10,1,0
BRDA:106,11,0,0
BRDA:106,11,1,0
BRDA:135,12,0,0
BRDA:135,12,1,0
BRDA:143,13,0,0
BRDA:143,13,1,0
BRDA:149,14,0,0
BRDA:150,15,0,0
BRDA:150,15,1,0
BRDA:170,16,0,0
BRDA:170,16,1,0
BRDA:176,17,0,0
BRDA:176,17,1,0
BRDA:181,18,0,0
BRDA:181,18,1,0
BRDA:181,19,0,0
BRDA:181,19,1,0
BRDA:192,20,0,0
BRDA:192,20,1,0
BRDA:209,21,0,0
BRDA:209,21,1,0
BRDA:226,22,0,0
BRDA:226,22,1,0
BRDA:236,23,0,0
BRDA:236,23,1,0
BRDA:250,24,0,0
BRDA:250,24,1,0
BRDA:255,25,0,0
BRDA:255,25,1,0
BRDA:263,26,0,0
BRDA:263,26,1,0
BRDA:271,27,0,0
BRDA:271,27,1,0
BRDA:288,28,0,0
BRDA:288,28,1,0
BRDA:288,29,0,0
BRDA:288,29,1,0
BRF:58
BRH:0
end_of_record
TN:
SF:src\tests\mocks\apiService.js
FN:6,(anonymous_0)
FN:8,(anonymous_1)
FN:9,(anonymous_2)
FN:13,(anonymous_3)
FN:22,(anonymous_4)
FN:23,(anonymous_5)
FN:28,(anonymous_6)
FN:30,(anonymous_7)
FN:32,(anonymous_8)
FN:59,(anonymous_9)
FN:61,(anonymous_10)
FN:62,(anonymous_11)
FN:66,(anonymous_12)
FN:74,(anonymous_13)
FN:75,(anonymous_14)
FN:80,(anonymous_15)
FN:85,(anonymous_16)
FN:90,(anonymous_17)
FN:91,(anonymous_18)
FN:92,(anonymous_19)
FN:94,(anonymous_20)
FNF:21
FNH:0
FNDA:0,(anonymous_0)
FNDA:0,(anonymous_1)
FNDA:0,(anonymous_2)
FNDA:0,(anonymous_3)
FNDA:0,(anonymous_4)
FNDA:0,(anonymous_5)
FNDA:0,(anonymous_6)
FNDA:0,(anonymous_7)
FNDA:0,(anonymous_8)
FNDA:0,(anonymous_9)
FNDA:0,(anonymous_10)
FNDA:0,(anonymous_11)
FNDA:0,(anonymous_12)
FNDA:0,(anonymous_13)
FNDA:0,(anonymous_14)
FNDA:0,(anonymous_15)
FNDA:0,(anonymous_16)
FNDA:0,(anonymous_17)
FNDA:0,(anonymous_18)
FNDA:0,(anonymous_19)
FNDA:0,(anonymous_20)
DA:5,0
DA:6,0
DA:9,0
DA:10,0
DA:14,0
DA:19,0
DA:23,0
DA:24,0
DA:25,0
DA:28,0
DA:32,0
DA:38,0
DA:58,0
DA:59,0
DA:62,0
DA:63,0
DA:67,0
DA:71,0
DA:75,0
DA:76,0
DA:77,0
DA:80,0
DA:84,0
DA:86,0
DA:90,0
DA:91,0
DA:92,0
DA:94,0
LF:28
LH:0
BRDA:17,0,0,0
BRDA:17,0,1,0
BRF:2
BRH:0
end_of_record
TN:
SF:src\tests\mocks\taskData.js
FNF:0
FNH:0
DA:2,1
DA:42,1
LF:2
LH:2
BRF:0
BRH:0
end_of_record
TN:
SF:src\utils\dependencyUtils.js
FN:14,(anonymous_0)
FN:21,(anonymous_1)
FN:37,(anonymous_2)
FN:65,(anonymous_3)
FN:83,(anonymous_4)
FN:86,(anonymous_5)
FN:88,(anonymous_6)
FN:109,(anonymous_7)
FNF:8
FNH:0
FNDA:0,(anonymous_0)
FNDA:0,(anonymous_1)
FNDA:0,(anonymous_2)
FNDA:0,(anonymous_3)
FNDA:0,(anonymous_4)
FNDA:0,(anonymous_5)
FNDA:0,(anonymous_6)
FNDA:0,(anonymous_7)
DA:14,0
DA:16,0
DA:17,0
DA:21,0
DA:22,0
DA:26,0
DA:27,0
DA:28,0
DA:29,0
DA:37,0
DA:38,0
DA:42,0
DA:43,0
DA:44,0
DA:45,0
DA:52,0
DA:65,0
DA:66,0
DA:68,0
DA:69,0
DA:70,0
DA:72,0
DA:75,0
DA:83,0
DA:84,0
DA:86,0
DA:87,0
DA:88,0
DA:89,0
DA:99,0
DA:109,0
DA:111,0
DA:114,0
DA:118,0
LF:34
LH:0
BRDA:16,0,0,0
BRDA:16,0,1,0
BRDA:16,1,0,0
BRDA:16,1,1,0
BRDA:28,2,0,0
BRDA:28,2,1,0
BRDA:38,3,0,0
BRDA:38,3,1,0
BRDA:44,4,0,0
BRDA:44,4,1,0
BRDA:68,5,0,0
BRDA:68,5,1,0
BRDA:69,6,0,0
BRDA:69,6,1,0
BRDA:87,7,0,0
BRDA:87,7,1,0
BRDA:87,8,0,0
BRDA:87,8,1,0
BRDA:111,9,0,0
BRDA:111,9,1,0
BRDA:114,10,0,0
BRDA:114,10,1,0
BRDA:126,11,0,0
BRDA:126,11,1,0
BRF:24
BRH:0
end_of_record
TN:
SF:src\utils\resourceUtils.js
FN:14,(anonymous_0)
FN:16,(anonymous_1)
FN:25,(anonymous_2)
FN:52,(anonymous_3)
FN:64,(anonymous_4)
FN:94,(anonymous_5)
FN:101,(anonymous_6)
FN:105,(anonymous_7)
FN:136,(anonymous_8)
FN:151,(anonymous_9)
FN:165,(anonymous_10)
FN:169,(anonymous_11)
FN:170,(anonymous_12)
FN:183,(anonymous_13)
FN:184,(anonymous_14)
FN:197,(anonymous_15)
FN:198,(anonymous_16)
FNF:17
FNH:0
FNDA:0,(anonymous_0)
FNDA:0,(anonymous_1)
FNDA:0,(anonymous_2)
FNDA:0,(anonymous_3)
FNDA:0,(anonymous_4)
FNDA:0,(anonymous_5)
FNDA:0,(anonymous_6)
FNDA:0,(anonymous_7)
FNDA:0,(anonymous_8)
FNDA:0,(anonymous_9)
FNDA:0,(anonymous_10)
FNDA:0,(anonymous_11)
FNDA:0,(anonymous_12)
FNDA:0,(anonymous_13)
FNDA:0,(anonymous_14)
FNDA:0,(anonymous_15)
FNDA:0,(anonymous_16)
DA:14,0
DA:15,0
DA:16,0
DA:19,0
DA:22,0
DA:23,0
DA:25,0
DA:26,0
DA:28,0
DA:29,0
DA:37,0
DA:52,0
DA:53,0
DA:54,0
DA:55,0
DA:58,0
DA:59,0
DA:60,0
DA:64,0
DA:65,0
DA:66,0
DA:69,0
DA:70,0
DA:72,0
DA:73,0
DA:74,0
DA:76,0
DA:77,0
DA:78,0
DA:83,0
DA:94,0
DA:96,0
DA:97,0
DA:100,0
DA:101,0
DA:105,0
DA:107,0
DA:108,0
DA:112,0
DA:115,0
DA:118,0
DA:120,0
DA:136,0
DA:139,0
DA:151,0
DA:154,0
DA:165,0
DA:167,0
DA:169,0
DA:170,0
DA:171,0
DA:172,0
DA:179,0
DA:180,0
DA:181,0
DA:183,0
DA:184,0
DA:185,0
DA:186,0
DA:187,0
DA:188,0
DA:192,0
DA:195,0
DA:197,0
DA:198,0
DA:199,0
DA:200,0
DA:201,0
DA:205,0
DA:206,0
DA:208,0
LF:71
LH:0
BRDA:28,0,0,0
BRDA:28,0,1,0
BRDA:69,1,0,0
BRDA:69,1,1,0
BRDA:70,2,0,0
BRDA:70,2,1,0
BRDA:72,3,0,0
BRDA:72,3,1,0
BRDA:192,4,0,0
BRDA:192,4,1,0
BRDA:205,5,0,0
BRDA:205,5,1,0
BRF:12
BRH:0
end_of_record
